[ 2017-07-21T06:17:14+08:00 ] 5.255.253.53 /Home/Index/login.html
INFO: [ app_init ] --START--
INFO: Run Behavior\BuildLiteBehavior [ RunTime:0.000013s ]
INFO: [ app_init ] --END-- [ RunTime:0.000313s ]
INFO: [ app_begin ] --START--
INFO: Run Behavior\ReadHtmlCacheBehavior [ RunTime:0.002107s ]
INFO: [ app_begin ] --END-- [ RunTime:0.002161s ]
NOTIC: [8] Undefined index: uid /home/wwwroot/weixin.yudw.com/Application/Home/Controller/IndexController.class.php 第 189 行.
NOTIC: [8] Undefined index: realname /home/wwwroot/weixin.yudw.com/Application/Home/Controller/IndexController.class.php 第 190 行.
NOTIC: [8] Undefined variable: file_name /home/wwwroot/weixin.yudw.com/Application/Home/Controller/IndexController.class.php 第 201 行.
NOTIC: [2] mkdir(): File exists /home/wwwroot/weixin.yudw.com/Application/Home/Controller/IndexController.class.php 第 202 行.
INFO: [ view_parse ] --START--
INFO: [ template_filter ] --START--
INFO: Run Behavior\ContentReplaceBehavior [ RunTime:0.000071s ]
INFO: [ template_filter ] --END-- [ RunTime:0.000158s ]
INFO: Run Behavior\ParseTemplateBehavior [ RunTime:0.028958s ]
INFO: [ view_parse ] --END-- [ RunTime:0.029001s ]
INFO: [ view_filter ] --START--
INFO: Run Behavior\WriteHtmlCacheBehavior [ RunTime:0.001830s ]
INFO: [ view_filter ] --END-- [ RunTime:0.001877s ]
INFO: [ app_end ] --START--
INFO: Run Behavior\ShowPageTraceBehavior [ RunTime:0.001989s ]
INFO: [ app_end ] --END-- [ RunTime:0.002043s ]

