[ 2017-05-23T09:56:52+08:00 ] 61.145.106.6 /
INFO: [ app_init ] --START--
INFO: Run Behavior\BuildLiteBehavior [ RunTime:0.000025s ]
INFO: [ app_init ] --END-- [ RunTime:0.073299s ]
INFO: [ app_begin ] --START--
INFO: Run Behavior\ReadHtmlCacheBehavior [ RunTime:0.002010s ]
INFO: [ app_begin ] --END-- [ RunTime:0.002063s ]
INFO: [ view_parse ] --START--
INFO: [ template_filter ] --START--
INFO: Run Behavior\ContentReplaceBehavior [ RunTime:0.000044s ]
INFO: [ template_filter ] --END-- [ RunTime:0.000124s ]
INFO: Run Behavior\ParseTemplateBehavior [ RunTime:1.581520s ]
INFO: [ view_parse ] --END-- [ RunTime:1.581558s ]
INFO: [ view_filter ] --START--
INFO: Run Behavior\WriteHtmlCacheBehavior [ RunTime:0.002389s ]
INFO: [ view_filter ] --END-- [ RunTime:0.002443s ]

[ 2017-05-23T09:56:57+08:00 ] 61.145.106.6 /Home/Index/login.html
INFO: [ app_init ] --START--
INFO: Run Behavior\BuildLiteBehavior [ RunTime:0.000031s ]
INFO: [ app_init ] --END-- [ RunTime:0.000316s ]
INFO: [ app_begin ] --START--
INFO: Run Behavior\ReadHtmlCacheBehavior [ RunTime:0.000469s ]
INFO: [ app_begin ] --END-- [ RunTime:0.000509s ]
NOTIC: [8] Undefined index: uid /home/wwwroot/weixin.yudw.com/Application/Home/Controller/IndexController.class.php 第 189 行.
NOTIC: [8] Undefined index: realname /home/wwwroot/weixin.yudw.com/Application/Home/Controller/IndexController.class.php 第 190 行.
NOTIC: [8] Undefined variable: file_name /home/wwwroot/weixin.yudw.com/Application/Home/Controller/IndexController.class.php 第 201 行.
NOTIC: [2] mkdir(): File exists /home/wwwroot/weixin.yudw.com/Application/Home/Controller/IndexController.class.php 第 202 行.
INFO: [ view_parse ] --START--
INFO: [ template_filter ] --START--
INFO: Run Behavior\ContentReplaceBehavior [ RunTime:0.000068s ]
INFO: [ template_filter ] --END-- [ RunTime:0.000120s ]
INFO: Run Behavior\ParseTemplateBehavior [ RunTime:0.008121s ]
INFO: [ view_parse ] --END-- [ RunTime:0.008165s ]
INFO: [ view_filter ] --START--
INFO: Run Behavior\WriteHtmlCacheBehavior [ RunTime:0.000242s ]
INFO: [ view_filter ] --END-- [ RunTime:0.000282s ]
INFO: [ app_end ] --START--
INFO: Run Behavior\ShowPageTraceBehavior [ RunTime:0.007078s ]
INFO: [ app_end ] --END-- [ RunTime:0.007243s ]

[ 2017-05-23T12:20:55+08:00 ] 183.57.53.196 /Home/Index/login.html
INFO: [ app_init ] --START--
INFO: Run Behavior\BuildLiteBehavior [ RunTime:0.000015s ]
INFO: [ app_init ] --END-- [ RunTime:0.000288s ]
INFO: [ app_begin ] --START--
INFO: Run Behavior\ReadHtmlCacheBehavior [ RunTime:0.000399s ]
INFO: [ app_begin ] --END-- [ RunTime:0.000443s ]
NOTIC: [8] Undefined index: uid /home/wwwroot/weixin.yudw.com/Application/Home/Controller/IndexController.class.php 第 189 行.
NOTIC: [8] Undefined index: realname /home/wwwroot/weixin.yudw.com/Application/Home/Controller/IndexController.class.php 第 190 行.
NOTIC: [8] Undefined variable: file_name /home/wwwroot/weixin.yudw.com/Application/Home/Controller/IndexController.class.php 第 201 行.
NOTIC: [2] mkdir(): File exists /home/wwwroot/weixin.yudw.com/Application/Home/Controller/IndexController.class.php 第 202 行.
INFO: [ view_parse ] --START--
INFO: [ template_filter ] --START--
INFO: Run Behavior\ContentReplaceBehavior [ RunTime:0.000058s ]
INFO: [ template_filter ] --END-- [ RunTime:0.000124s ]
INFO: Run Behavior\ParseTemplateBehavior [ RunTime:0.006099s ]
INFO: [ view_parse ] --END-- [ RunTime:0.006149s ]
INFO: [ view_filter ] --START--
INFO: Run Behavior\WriteHtmlCacheBehavior [ RunTime:0.000204s ]
INFO: [ view_filter ] --END-- [ RunTime:0.000236s ]
INFO: [ app_end ] --START--
INFO: Run Behavior\ShowPageTraceBehavior [ RunTime:0.000512s ]
INFO: [ app_end ] --END-- [ RunTime:0.000555s ]

[ 2017-05-23T16:34:02+08:00 ] 183.57.53.177 /Home/Index/login.html
INFO: [ app_init ] --START--
INFO: Run Behavior\BuildLiteBehavior [ RunTime:0.000023s ]
INFO: [ app_init ] --END-- [ RunTime:0.000394s ]
INFO: [ app_begin ] --START--
INFO: Run Behavior\ReadHtmlCacheBehavior [ RunTime:0.000462s ]
INFO: [ app_begin ] --END-- [ RunTime:0.000509s ]
NOTIC: [8] Undefined index: uid /home/wwwroot/weixin.yudw.com/Application/Home/Controller/IndexController.class.php 第 189 行.
NOTIC: [8] Undefined index: realname /home/wwwroot/weixin.yudw.com/Application/Home/Controller/IndexController.class.php 第 190 行.
NOTIC: [8] Undefined variable: file_name /home/wwwroot/weixin.yudw.com/Application/Home/Controller/IndexController.class.php 第 201 行.
NOTIC: [2] mkdir(): File exists /home/wwwroot/weixin.yudw.com/Application/Home/Controller/IndexController.class.php 第 202 行.
INFO: [ view_parse ] --START--
INFO: [ template_filter ] --START--
INFO: Run Behavior\ContentReplaceBehavior [ RunTime:0.000079s ]
INFO: [ template_filter ] --END-- [ RunTime:0.000169s ]
INFO: Run Behavior\ParseTemplateBehavior [ RunTime:0.005831s ]
INFO: [ view_parse ] --END-- [ RunTime:0.005878s ]
INFO: [ view_filter ] --START--
INFO: Run Behavior\WriteHtmlCacheBehavior [ RunTime:0.000245s ]
INFO: [ view_filter ] --END-- [ RunTime:0.000289s ]
INFO: [ app_end ] --START--
INFO: Run Behavior\ShowPageTraceBehavior [ RunTime:0.000502s ]
INFO: [ app_end ] --END-- [ RunTime:0.000568s ]

