[ 2017-06-09T08:30:23+08:00 ] 113.71.48.248 /
INFO: [ app_init ] --START--
INFO: Run Behavior\BuildLiteBehavior [ RunTime:0.000024s ]
INFO: [ app_init ] --END-- [ RunTime:0.004468s ]
INFO: [ app_begin ] --START--
INFO: Run Behavior\ReadHtmlCacheBehavior [ RunTime:0.003128s ]
INFO: [ app_begin ] --END-- [ RunTime:0.003243s ]
INFO: [ view_parse ] --START--
INFO: [ template_filter ] --START--
INFO: Run Behavior\ContentReplaceBehavior [ RunTime:0.123828s ]
INFO: [ template_filter ] --END-- [ RunTime:0.123969s ]
INFO: Run Behavior\ParseTemplateBehavior [ RunTime:0.190657s ]
INFO: [ view_parse ] --END-- [ RunTime:0.190766s ]
INFO: [ view_filter ] --START--
INFO: Run Behavior\WriteHtmlCacheBehavior [ RunTime:0.026519s ]
INFO: [ view_filter ] --END-- [ RunTime:0.026598s ]

[ 2017-06-09T08:30:28+08:00 ] 113.71.48.248 /Home/Index/login.html
INFO: [ app_init ] --START--
INFO: Run Behavior\BuildLiteBehavior [ RunTime:0.000022s ]
INFO: [ app_init ] --END-- [ RunTime:0.000328s ]
INFO: [ app_begin ] --START--
INFO: Run Behavior\ReadHtmlCacheBehavior [ RunTime:0.000575s ]
INFO: [ app_begin ] --END-- [ RunTime:0.000632s ]
NOTIC: [8] Undefined index: uid /home/wwwroot/weixin.yudw.com/Application/Home/Controller/IndexController.class.php 第 189 行.
NOTIC: [8] Undefined index: realname /home/wwwroot/weixin.yudw.com/Application/Home/Controller/IndexController.class.php 第 190 行.
NOTIC: [8] Undefined variable: file_name /home/wwwroot/weixin.yudw.com/Application/Home/Controller/IndexController.class.php 第 201 行.
NOTIC: [2] mkdir(): File exists /home/wwwroot/weixin.yudw.com/Application/Home/Controller/IndexController.class.php 第 202 行.
INFO: [ view_parse ] --START--
INFO: [ template_filter ] --START--
INFO: Run Behavior\ContentReplaceBehavior [ RunTime:0.000109s ]
INFO: [ template_filter ] --END-- [ RunTime:0.000201s ]
INFO: Run Behavior\ParseTemplateBehavior [ RunTime:0.024728s ]
INFO: [ view_parse ] --END-- [ RunTime:0.024796s ]
INFO: [ view_filter ] --START--
INFO: Run Behavior\WriteHtmlCacheBehavior [ RunTime:0.000286s ]
INFO: [ view_filter ] --END-- [ RunTime:0.000331s ]
INFO: [ app_end ] --START--
INFO: Run Behavior\ShowPageTraceBehavior [ RunTime:0.019701s ]
INFO: [ app_end ] --END-- [ RunTime:0.019801s ]

[ 2017-06-09T08:30:50+08:00 ] 113.71.48.248 /index.php?m=home&c=index&a=login&uid=15459&realname=^`^`%E6%B2%A1%E6%9C%89%E7%A5%9E
INFO: [ app_init ] --START--
INFO: Run Behavior\BuildLiteBehavior [ RunTime:0.000017s ]
INFO: [ app_init ] --END-- [ RunTime:0.000314s ]
INFO: [ app_begin ] --START--
INFO: Run Behavior\ReadHtmlCacheBehavior [ RunTime:0.000385s ]
INFO: [ app_begin ] --END-- [ RunTime:0.000421s ]
NOTIC: [8] Undefined variable: file_name /home/wwwroot/weixin.yudw.com/Application/Home/Controller/IndexController.class.php 第 201 行.
NOTIC: [2] mkdir(): File exists /home/wwwroot/weixin.yudw.com/Application/Home/Controller/IndexController.class.php 第 202 行.
INFO: [ view_parse ] --START--
INFO: [ template_filter ] --START--
INFO: Run Behavior\ContentReplaceBehavior [ RunTime:0.000040s ]
INFO: [ template_filter ] --END-- [ RunTime:0.000096s ]
INFO: Run Behavior\ParseTemplateBehavior [ RunTime:0.004676s ]
INFO: [ view_parse ] --END-- [ RunTime:0.004717s ]
INFO: [ view_filter ] --START--
INFO: Run Behavior\WriteHtmlCacheBehavior [ RunTime:0.000190s ]
INFO: [ view_filter ] --END-- [ RunTime:0.000219s ]

[ 2017-06-09T08:30:52+08:00 ] 113.71.48.248 /Home/Index/index.html
INFO: [ app_init ] --START--
INFO: Run Behavior\BuildLiteBehavior [ RunTime:0.000017s ]
INFO: [ app_init ] --END-- [ RunTime:0.000286s ]
INFO: [ app_begin ] --START--
INFO: Run Behavior\ReadHtmlCacheBehavior [ RunTime:0.000412s ]
INFO: [ app_begin ] --END-- [ RunTime:0.000464s ]
SQL: SHOW COLUMNS FROM `pre_user` [ RunTime:0.2198s ]
SQL: SELECT * FROM `pre_user` WHERE ( controller_id='15459' ) LIMIT 1   [ RunTime:0.0263s ]
SQL: UPDATE `pre_user` SET `last_login`='2017-06-09 08:30:52' WHERE ( controller_id='15459' ) [ RunTime:0.0486s ]
INFO: [ view_parse ] --START--
INFO: [ template_filter ] --START--
INFO: Run Behavior\ContentReplaceBehavior [ RunTime:0.000053s ]
INFO: [ template_filter ] --END-- [ RunTime:0.000134s ]
INFO: Run Behavior\ParseTemplateBehavior [ RunTime:0.005630s ]
INFO: [ view_parse ] --END-- [ RunTime:0.005694s ]
INFO: [ view_filter ] --START--
INFO: Run Behavior\WriteHtmlCacheBehavior [ RunTime:0.000238s ]
INFO: [ view_filter ] --END-- [ RunTime:0.000277s ]
INFO: [ app_end ] --START--
INFO: Run Behavior\ShowPageTraceBehavior [ RunTime:0.000469s ]
INFO: [ app_end ] --END-- [ RunTime:0.000509s ]

[ 2017-06-09T08:30:55+08:00 ] 113.71.48.248 /Home/Index/controller.html
INFO: [ app_init ] --START--
INFO: Run Behavior\BuildLiteBehavior [ RunTime:0.000017s ]
INFO: [ app_init ] --END-- [ RunTime:0.000342s ]
INFO: [ app_begin ] --START--
INFO: Run Behavior\ReadHtmlCacheBehavior [ RunTime:0.000436s ]
INFO: [ app_begin ] --END-- [ RunTime:0.000495s ]
SQL: SHOW COLUMNS FROM `pre_user` [ RunTime:0.0005s ]
SQL: SELECT `controller_name` FROM `pre_user` WHERE ( controller_id='15459' ) LIMIT 1   [ RunTime:0.0004s ]
SQL: SHOW COLUMNS FROM `pre_table` [ RunTime:0.0003s ]
SQL: SELECT * FROM `pre_table` WHERE ( controller_id='15459' )  [ RunTime:0.0388s ]
SQL: SELECT `appid` FROM `pre_user` WHERE ( controller_id='15459' ) LIMIT 1   [ RunTime:0.0003s ]
SQL: SELECT `appsecret` FROM `pre_user` WHERE ( controller_id='15459' ) LIMIT 1   [ RunTime:0.0001s ]
INFO: [ view_parse ] --START--
INFO: [ template_filter ] --START--
INFO: Run Behavior\ContentReplaceBehavior [ RunTime:0.000180s ]
INFO: [ template_filter ] --END-- [ RunTime:0.000272s ]
INFO: Run Behavior\ParseTemplateBehavior [ RunTime:0.261371s ]
INFO: [ view_parse ] --END-- [ RunTime:0.261451s ]
INFO: [ view_filter ] --START--
INFO: Run Behavior\WriteHtmlCacheBehavior [ RunTime:0.000233s ]
INFO: [ view_filter ] --END-- [ RunTime:0.000269s ]
INFO: [ app_end ] --START--
INFO: Run Behavior\ShowPageTraceBehavior [ RunTime:0.000522s ]
INFO: [ app_end ] --END-- [ RunTime:0.000566s ]

[ 2017-06-09T08:31:21+08:00 ] 113.71.48.248 /Home/Index/editor/file_id/13
INFO: [ app_init ] --START--
INFO: Run Behavior\BuildLiteBehavior [ RunTime:0.000018s ]
INFO: [ app_init ] --END-- [ RunTime:0.000369s ]
INFO: [ app_begin ] --START--
INFO: Run Behavior\ReadHtmlCacheBehavior [ RunTime:0.000496s ]
INFO: [ app_begin ] --END-- [ RunTime:0.000533s ]
SQL: SHOW COLUMNS FROM `pre_table` [ RunTime:0.0007s ]
SQL: SELECT `controller_id` FROM `pre_table` WHERE ( file_id='13' ) LIMIT 1   [ RunTime:0.0004s ]
SQL: SELECT `file_name` FROM `pre_table` WHERE ( file_id='13' ) LIMIT 1   [ RunTime:0.0002s ]
SQL: SHOW COLUMNS FROM `pre_user` [ RunTime:0.0006s ]
SQL: SELECT `controller_name` FROM `pre_user` WHERE ( controller_id='15459' ) LIMIT 1   [ RunTime:0.0001s ]
INFO: [ view_parse ] --START--
INFO: [ template_filter ] --START--
INFO: Run Behavior\ContentReplaceBehavior [ RunTime:0.000065s ]
INFO: [ template_filter ] --END-- [ RunTime:0.000155s ]
INFO: Run Behavior\ParseTemplateBehavior [ RunTime:0.045144s ]
INFO: [ view_parse ] --END-- [ RunTime:0.045267s ]
INFO: [ view_filter ] --START--
INFO: Run Behavior\WriteHtmlCacheBehavior [ RunTime:0.000341s ]
INFO: [ view_filter ] --END-- [ RunTime:0.000388s ]
NOTIC: [2] fclose() expects parameter 1 to be resource, string given /home/wwwroot/weixin.yudw.com/Application/Home/Controller/IndexController.class.php 第 94 行.
INFO: [ app_end ] --START--
INFO: Run Behavior\ShowPageTraceBehavior [ RunTime:0.001660s ]
INFO: [ app_end ] --END-- [ RunTime:0.001804s ]

[ 2017-06-09T09:08:41+08:00 ] 113.71.48.248 /Home/Index/editor/file_id/50
INFO: [ app_init ] --START--
INFO: Run Behavior\BuildLiteBehavior [ RunTime:0.000025s ]
INFO: [ app_init ] --END-- [ RunTime:0.000463s ]
INFO: [ app_begin ] --START--
INFO: Run Behavior\ReadHtmlCacheBehavior [ RunTime:0.000662s ]
INFO: [ app_begin ] --END-- [ RunTime:0.000730s ]
SQL: SHOW COLUMNS FROM `pre_table` [ RunTime:0.0006s ]
SQL: SELECT `controller_id` FROM `pre_table` WHERE ( file_id='50' ) LIMIT 1   [ RunTime:0.0003s ]
SQL: SELECT `file_name` FROM `pre_table` WHERE ( file_id='50' ) LIMIT 1   [ RunTime:0.0002s ]
SQL: SHOW COLUMNS FROM `pre_user` [ RunTime:0.0004s ]
SQL: SELECT `controller_name` FROM `pre_user` WHERE ( controller_id='15459' ) LIMIT 1   [ RunTime:0.0001s ]
INFO: [ view_parse ] --START--
INFO: [ template_filter ] --START--
INFO: Run Behavior\ContentReplaceBehavior [ RunTime:0.000066s ]
INFO: [ template_filter ] --END-- [ RunTime:0.000171s ]
INFO: Run Behavior\ParseTemplateBehavior [ RunTime:0.006894s ]
INFO: [ view_parse ] --END-- [ RunTime:0.006983s ]
INFO: [ view_filter ] --START--
INFO: Run Behavior\WriteHtmlCacheBehavior [ RunTime:0.000282s ]
INFO: [ view_filter ] --END-- [ RunTime:0.000332s ]
NOTIC: [2] fclose() expects parameter 1 to be resource, string given /home/wwwroot/weixin.yudw.com/Application/Home/Controller/IndexController.class.php 第 94 行.
INFO: [ app_end ] --START--
INFO: Run Behavior\ShowPageTraceBehavior [ RunTime:0.000700s ]
INFO: [ app_end ] --END-- [ RunTime:0.000754s ]

[ 2017-06-09T09:16:45+08:00 ] 113.71.48.248 /Home/Index/editor/file_id/12
INFO: [ app_init ] --START--
INFO: Run Behavior\BuildLiteBehavior [ RunTime:0.000030s ]
INFO: [ app_init ] --END-- [ RunTime:0.000426s ]
INFO: [ app_begin ] --START--
INFO: Run Behavior\ReadHtmlCacheBehavior [ RunTime:0.000566s ]
INFO: [ app_begin ] --END-- [ RunTime:0.000626s ]
SQL: SHOW COLUMNS FROM `pre_table` [ RunTime:0.0007s ]
SQL: SELECT `controller_id` FROM `pre_table` WHERE ( file_id='12' ) LIMIT 1   [ RunTime:0.0003s ]
SQL: SELECT `file_name` FROM `pre_table` WHERE ( file_id='12' ) LIMIT 1   [ RunTime:0.0002s ]
SQL: SHOW COLUMNS FROM `pre_user` [ RunTime:0.0004s ]
SQL: SELECT `controller_name` FROM `pre_user` WHERE ( controller_id='15459' ) LIMIT 1   [ RunTime:0.0001s ]
INFO: [ view_parse ] --START--
INFO: [ template_filter ] --START--
INFO: Run Behavior\ContentReplaceBehavior [ RunTime:0.000093s ]
INFO: [ template_filter ] --END-- [ RunTime:0.000292s ]
INFO: Run Behavior\ParseTemplateBehavior [ RunTime:0.007643s ]
INFO: [ view_parse ] --END-- [ RunTime:0.007747s ]
INFO: [ view_filter ] --START--
INFO: Run Behavior\WriteHtmlCacheBehavior [ RunTime:0.000174s ]
INFO: [ view_filter ] --END-- [ RunTime:0.000201s ]
NOTIC: [2] fclose() expects parameter 1 to be resource, string given /home/wwwroot/weixin.yudw.com/Application/Home/Controller/IndexController.class.php 第 94 行.
INFO: [ app_end ] --START--
INFO: Run Behavior\ShowPageTraceBehavior [ RunTime:0.000493s ]
INFO: [ app_end ] --END-- [ RunTime:0.000527s ]

[ 2017-06-09T10:17:01+08:00 ] 183.26.235.75 /
INFO: [ app_init ] --START--
INFO: Run Behavior\BuildLiteBehavior [ RunTime:0.000020s ]
INFO: [ app_init ] --END-- [ RunTime:0.000381s ]
INFO: [ app_begin ] --START--
INFO: Run Behavior\ReadHtmlCacheBehavior [ RunTime:0.006382s ]
INFO: [ app_begin ] --END-- [ RunTime:0.006469s ]
INFO: [ view_parse ] --START--
INFO: [ template_filter ] --START--
INFO: Run Behavior\ContentReplaceBehavior [ RunTime:0.000048s ]
INFO: [ template_filter ] --END-- [ RunTime:0.000118s ]
INFO: Run Behavior\ParseTemplateBehavior [ RunTime:0.009867s ]
INFO: [ view_parse ] --END-- [ RunTime:0.009947s ]
INFO: [ view_filter ] --START--
INFO: Run Behavior\WriteHtmlCacheBehavior [ RunTime:0.000269s ]
INFO: [ view_filter ] --END-- [ RunTime:0.000305s ]

[ 2017-06-09T10:17:06+08:00 ] 183.26.235.75 /Home/Index/login.html
INFO: [ app_init ] --START--
INFO: Run Behavior\BuildLiteBehavior [ RunTime:0.000024s ]
INFO: [ app_init ] --END-- [ RunTime:0.000449s ]
INFO: [ app_begin ] --START--
INFO: Run Behavior\ReadHtmlCacheBehavior [ RunTime:0.000677s ]
INFO: [ app_begin ] --END-- [ RunTime:0.000735s ]
NOTIC: [8] Undefined index: uid /home/wwwroot/weixin.yudw.com/Application/Home/Controller/IndexController.class.php 第 189 行.
NOTIC: [8] Undefined index: realname /home/wwwroot/weixin.yudw.com/Application/Home/Controller/IndexController.class.php 第 190 行.
NOTIC: [8] Undefined variable: file_name /home/wwwroot/weixin.yudw.com/Application/Home/Controller/IndexController.class.php 第 201 行.
NOTIC: [2] mkdir(): File exists /home/wwwroot/weixin.yudw.com/Application/Home/Controller/IndexController.class.php 第 202 行.
INFO: [ view_parse ] --START--
INFO: [ template_filter ] --START--
INFO: Run Behavior\ContentReplaceBehavior [ RunTime:0.000110s ]
INFO: [ template_filter ] --END-- [ RunTime:0.000221s ]
INFO: Run Behavior\ParseTemplateBehavior [ RunTime:0.017748s ]
INFO: [ view_parse ] --END-- [ RunTime:0.017845s ]
INFO: [ view_filter ] --START--
INFO: Run Behavior\WriteHtmlCacheBehavior [ RunTime:0.000591s ]
INFO: [ view_filter ] --END-- [ RunTime:0.000641s ]
INFO: [ app_end ] --START--
INFO: Run Behavior\ShowPageTraceBehavior [ RunTime:0.000627s ]
INFO: [ app_end ] --END-- [ RunTime:0.000684s ]

[ 2017-06-09T10:17:32+08:00 ] 183.26.235.75 /index.php?m=home&c=index&a=login&uid=13101&realname=
INFO: [ app_init ] --START--
INFO: Run Behavior\BuildLiteBehavior [ RunTime:0.000022s ]
INFO: [ app_init ] --END-- [ RunTime:0.000335s ]
INFO: [ app_begin ] --START--
INFO: Run Behavior\ReadHtmlCacheBehavior [ RunTime:0.000359s ]
INFO: [ app_begin ] --END-- [ RunTime:0.000395s ]
NOTIC: [8] Undefined variable: file_name /home/wwwroot/weixin.yudw.com/Application/Home/Controller/IndexController.class.php 第 201 行.
NOTIC: [2] mkdir(): File exists /home/wwwroot/weixin.yudw.com/Application/Home/Controller/IndexController.class.php 第 202 行.
INFO: [ view_parse ] --START--
INFO: [ template_filter ] --START--
INFO: Run Behavior\ContentReplaceBehavior [ RunTime:0.000037s ]
INFO: [ template_filter ] --END-- [ RunTime:0.000105s ]
INFO: Run Behavior\ParseTemplateBehavior [ RunTime:0.005606s ]
INFO: [ view_parse ] --END-- [ RunTime:0.005653s ]
INFO: [ view_filter ] --START--
INFO: Run Behavior\WriteHtmlCacheBehavior [ RunTime:0.000174s ]
INFO: [ view_filter ] --END-- [ RunTime:0.000206s ]

[ 2017-06-09T10:17:34+08:00 ] 183.26.235.75 /Home/Index/index.html
INFO: [ app_init ] --START--
INFO: Run Behavior\BuildLiteBehavior [ RunTime:0.000017s ]
INFO: [ app_init ] --END-- [ RunTime:0.000290s ]
INFO: [ app_begin ] --START--
INFO: Run Behavior\ReadHtmlCacheBehavior [ RunTime:0.000359s ]
INFO: [ app_begin ] --END-- [ RunTime:0.000398s ]
SQL: SHOW COLUMNS FROM `pre_user` [ RunTime:0.0005s ]
SQL: SELECT * FROM `pre_user` WHERE ( controller_id='13101' ) LIMIT 1   [ RunTime:0.0003s ]
SQL: UPDATE `pre_user` SET `last_login`='2017-06-09 10:17:34' WHERE ( controller_id='13101' ) [ RunTime:0.0002s ]
INFO: [ view_parse ] --START--
INFO: [ template_filter ] --START--
INFO: Run Behavior\ContentReplaceBehavior [ RunTime:0.000041s ]
INFO: [ template_filter ] --END-- [ RunTime:0.000085s ]
INFO: Run Behavior\ParseTemplateBehavior [ RunTime:0.006493s ]
INFO: [ view_parse ] --END-- [ RunTime:0.006542s ]
INFO: [ view_filter ] --START--
INFO: Run Behavior\WriteHtmlCacheBehavior [ RunTime:0.000230s ]
INFO: [ view_filter ] --END-- [ RunTime:0.000258s ]
INFO: [ app_end ] --START--
INFO: Run Behavior\ShowPageTraceBehavior [ RunTime:0.000524s ]
INFO: [ app_end ] --END-- [ RunTime:0.000558s ]

[ 2017-06-09T10:17:36+08:00 ] 183.26.235.75 /Home/Index/controller.html
INFO: [ app_init ] --START--
INFO: Run Behavior\BuildLiteBehavior [ RunTime:0.000016s ]
INFO: [ app_init ] --END-- [ RunTime:0.000333s ]
INFO: [ app_begin ] --START--
INFO: Run Behavior\ReadHtmlCacheBehavior [ RunTime:0.000478s ]
INFO: [ app_begin ] --END-- [ RunTime:0.000520s ]
SQL: SHOW COLUMNS FROM `pre_user` [ RunTime:0.0005s ]
SQL: SELECT `controller_name` FROM `pre_user` WHERE ( controller_id='13101' ) LIMIT 1   [ RunTime:0.0004s ]
SQL: SHOW COLUMNS FROM `pre_table` [ RunTime:0.0004s ]
SQL: SELECT * FROM `pre_table` WHERE ( controller_id='13101' )  [ RunTime:0.0002s ]
SQL: SELECT `appid` FROM `pre_user` WHERE ( controller_id='13101' ) LIMIT 1   [ RunTime:0.0002s ]
SQL: SELECT `appsecret` FROM `pre_user` WHERE ( controller_id='13101' ) LIMIT 1   [ RunTime:0.0002s ]
INFO: [ view_parse ] --START--
INFO: [ template_filter ] --START--
INFO: Run Behavior\ContentReplaceBehavior [ RunTime:0.000137s ]
INFO: [ template_filter ] --END-- [ RunTime:0.000230s ]
INFO: Run Behavior\ParseTemplateBehavior [ RunTime:0.017919s ]
INFO: [ view_parse ] --END-- [ RunTime:0.017991s ]
INFO: [ view_filter ] --START--
INFO: Run Behavior\WriteHtmlCacheBehavior [ RunTime:0.000219s ]
INFO: [ view_filter ] --END-- [ RunTime:0.000253s ]
INFO: [ app_end ] --START--
INFO: Run Behavior\ShowPageTraceBehavior [ RunTime:0.000473s ]
INFO: [ app_end ] --END-- [ RunTime:0.000539s ]

[ 2017-06-09T10:21:10+08:00 ] 183.26.235.75 /Home/Index/editor/file_id/47
INFO: [ app_init ] --START--
INFO: Run Behavior\BuildLiteBehavior [ RunTime:0.000020s ]
INFO: [ app_init ] --END-- [ RunTime:0.000303s ]
INFO: [ app_begin ] --START--
INFO: Run Behavior\ReadHtmlCacheBehavior [ RunTime:0.000381s ]
INFO: [ app_begin ] --END-- [ RunTime:0.000418s ]
SQL: SHOW COLUMNS FROM `pre_table` [ RunTime:0.0005s ]
SQL: SELECT `controller_id` FROM `pre_table` WHERE ( file_id='47' ) LIMIT 1   [ RunTime:0.0003s ]
SQL: SELECT `file_name` FROM `pre_table` WHERE ( file_id='47' ) LIMIT 1   [ RunTime:0.0001s ]
SQL: SHOW COLUMNS FROM `pre_user` [ RunTime:0.0003s ]
SQL: SELECT `controller_name` FROM `pre_user` WHERE ( controller_id='13101' ) LIMIT 1   [ RunTime:0.0000s ]
INFO: [ view_parse ] --START--
INFO: [ template_filter ] --START--
INFO: Run Behavior\ContentReplaceBehavior [ RunTime:0.000060s ]
INFO: [ template_filter ] --END-- [ RunTime:0.000148s ]
INFO: Run Behavior\ParseTemplateBehavior [ RunTime:0.006639s ]
INFO: [ view_parse ] --END-- [ RunTime:0.006718s ]
INFO: [ view_filter ] --START--
INFO: Run Behavior\WriteHtmlCacheBehavior [ RunTime:0.000245s ]
INFO: [ view_filter ] --END-- [ RunTime:0.000291s ]
NOTIC: [2] fclose() expects parameter 1 to be resource, string given /home/wwwroot/weixin.yudw.com/Application/Home/Controller/IndexController.class.php 第 94 行.
INFO: [ app_end ] --START--
INFO: Run Behavior\ShowPageTraceBehavior [ RunTime:0.000660s ]
INFO: [ app_end ] --END-- [ RunTime:0.000709s ]

[ 2017-06-09T10:59:48+08:00 ] 183.26.235.172 /
INFO: [ app_init ] --START--
INFO: Run Behavior\BuildLiteBehavior [ RunTime:0.000015s ]
INFO: [ app_init ] --END-- [ RunTime:0.000258s ]
INFO: [ app_begin ] --START--
INFO: Run Behavior\ReadHtmlCacheBehavior [ RunTime:0.000425s ]
INFO: [ app_begin ] --END-- [ RunTime:0.000470s ]
INFO: [ view_parse ] --START--
INFO: [ template_filter ] --START--
INFO: Run Behavior\ContentReplaceBehavior [ RunTime:0.000030s ]
INFO: [ template_filter ] --END-- [ RunTime:0.000066s ]
INFO: Run Behavior\ParseTemplateBehavior [ RunTime:0.003834s ]
INFO: [ view_parse ] --END-- [ RunTime:0.003867s ]
INFO: [ view_filter ] --START--
INFO: Run Behavior\WriteHtmlCacheBehavior [ RunTime:0.000151s ]
INFO: [ view_filter ] --END-- [ RunTime:0.000175s ]

[ 2017-06-09T10:59:53+08:00 ] 183.26.235.172 /Home/Index/login.html
INFO: [ app_init ] --START--
INFO: Run Behavior\BuildLiteBehavior [ RunTime:0.000016s ]
INFO: [ app_init ] --END-- [ RunTime:0.000360s ]
INFO: [ app_begin ] --START--
INFO: Run Behavior\ReadHtmlCacheBehavior [ RunTime:0.000377s ]
INFO: [ app_begin ] --END-- [ RunTime:0.000412s ]
NOTIC: [8] Undefined index: uid /home/wwwroot/weixin.yudw.com/Application/Home/Controller/IndexController.class.php 第 189 行.
NOTIC: [8] Undefined index: realname /home/wwwroot/weixin.yudw.com/Application/Home/Controller/IndexController.class.php 第 190 行.
NOTIC: [8] Undefined variable: file_name /home/wwwroot/weixin.yudw.com/Application/Home/Controller/IndexController.class.php 第 201 行.
NOTIC: [2] mkdir(): File exists /home/wwwroot/weixin.yudw.com/Application/Home/Controller/IndexController.class.php 第 202 行.
INFO: [ view_parse ] --START--
INFO: [ template_filter ] --START--
INFO: Run Behavior\ContentReplaceBehavior [ RunTime:0.000055s ]
INFO: [ template_filter ] --END-- [ RunTime:0.000108s ]
INFO: Run Behavior\ParseTemplateBehavior [ RunTime:0.005466s ]
INFO: [ view_parse ] --END-- [ RunTime:0.005537s ]
INFO: [ view_filter ] --START--
INFO: Run Behavior\WriteHtmlCacheBehavior [ RunTime:0.000318s ]
INFO: [ view_filter ] --END-- [ RunTime:0.000360s ]
INFO: [ app_end ] --START--
INFO: Run Behavior\ShowPageTraceBehavior [ RunTime:0.000378s ]
INFO: [ app_end ] --END-- [ RunTime:0.000410s ]

[ 2017-06-09T11:00:11+08:00 ] 183.26.235.172 /index.php?m=home&c=index&a=login&uid=18077&realname=
INFO: [ app_init ] --START--
INFO: Run Behavior\BuildLiteBehavior [ RunTime:0.000013s ]
INFO: [ app_init ] --END-- [ RunTime:0.000259s ]
INFO: [ app_begin ] --START--
INFO: Run Behavior\ReadHtmlCacheBehavior [ RunTime:0.000367s ]
INFO: [ app_begin ] --END-- [ RunTime:0.000401s ]
NOTIC: [8] Undefined variable: file_name /home/wwwroot/weixin.yudw.com/Application/Home/Controller/IndexController.class.php 第 201 行.
NOTIC: [2] mkdir(): File exists /home/wwwroot/weixin.yudw.com/Application/Home/Controller/IndexController.class.php 第 202 行.
INFO: [ view_parse ] --START--
INFO: [ template_filter ] --START--
INFO: Run Behavior\ContentReplaceBehavior [ RunTime:0.000034s ]
INFO: [ template_filter ] --END-- [ RunTime:0.000075s ]
INFO: Run Behavior\ParseTemplateBehavior [ RunTime:0.004057s ]
INFO: [ view_parse ] --END-- [ RunTime:0.004095s ]
INFO: [ view_filter ] --START--
INFO: Run Behavior\WriteHtmlCacheBehavior [ RunTime:0.000171s ]
INFO: [ view_filter ] --END-- [ RunTime:0.000196s ]

[ 2017-06-09T11:00:13+08:00 ] 183.26.235.172 /Home/Index/index.html
INFO: [ app_init ] --START--
INFO: Run Behavior\BuildLiteBehavior [ RunTime:0.000015s ]
INFO: [ app_init ] --END-- [ RunTime:0.000279s ]
INFO: [ app_begin ] --START--
INFO: Run Behavior\ReadHtmlCacheBehavior [ RunTime:0.000428s ]
INFO: [ app_begin ] --END-- [ RunTime:0.000465s ]
SQL: SHOW COLUMNS FROM `pre_user` [ RunTime:0.0005s ]
SQL: SELECT * FROM `pre_user` WHERE ( controller_id='18077' ) LIMIT 1   [ RunTime:0.0003s ]
SQL: UPDATE `pre_user` SET `last_login`='2017-06-09 11:00:13' WHERE ( controller_id='18077' ) [ RunTime:0.0002s ]
INFO: [ view_parse ] --START--
INFO: [ template_filter ] --START--
INFO: Run Behavior\ContentReplaceBehavior [ RunTime:0.000042s ]
INFO: [ template_filter ] --END-- [ RunTime:0.000093s ]
INFO: Run Behavior\ParseTemplateBehavior [ RunTime:0.004001s ]
INFO: [ view_parse ] --END-- [ RunTime:0.004039s ]
INFO: [ view_filter ] --START--
INFO: Run Behavior\WriteHtmlCacheBehavior [ RunTime:0.000161s ]
INFO: [ view_filter ] --END-- [ RunTime:0.000187s ]
INFO: [ app_end ] --START--
INFO: Run Behavior\ShowPageTraceBehavior [ RunTime:0.000414s ]
INFO: [ app_end ] --END-- [ RunTime:0.000454s ]

[ 2017-06-09T11:00:16+08:00 ] 183.26.235.172 /Home/Index/controller.html
INFO: [ app_init ] --START--
INFO: Run Behavior\BuildLiteBehavior [ RunTime:0.000022s ]
INFO: [ app_init ] --END-- [ RunTime:0.000359s ]
INFO: [ app_begin ] --START--
INFO: Run Behavior\ReadHtmlCacheBehavior [ RunTime:0.000368s ]
INFO: [ app_begin ] --END-- [ RunTime:0.000408s ]
SQL: SHOW COLUMNS FROM `pre_user` [ RunTime:0.0005s ]
SQL: SELECT `controller_name` FROM `pre_user` WHERE ( controller_id='18077' ) LIMIT 1   [ RunTime:0.0002s ]
SQL: SHOW COLUMNS FROM `pre_table` [ RunTime:0.0003s ]
SQL: SELECT * FROM `pre_table` WHERE ( controller_id='18077' )  [ RunTime:0.0002s ]
SQL: SELECT `appid` FROM `pre_user` WHERE ( controller_id='18077' ) LIMIT 1   [ RunTime:0.0002s ]
SQL: SELECT `appsecret` FROM `pre_user` WHERE ( controller_id='18077' ) LIMIT 1   [ RunTime:0.0002s ]
INFO: [ view_parse ] --START--
INFO: [ template_filter ] --START--
INFO: Run Behavior\ContentReplaceBehavior [ RunTime:0.000125s ]
INFO: [ template_filter ] --END-- [ RunTime:0.000189s ]
INFO: Run Behavior\ParseTemplateBehavior [ RunTime:0.009470s ]
INFO: [ view_parse ] --END-- [ RunTime:0.009513s ]
INFO: [ view_filter ] --START--
INFO: Run Behavior\WriteHtmlCacheBehavior [ RunTime:0.000218s ]
INFO: [ view_filter ] --END-- [ RunTime:0.000244s ]
INFO: [ app_end ] --START--
INFO: Run Behavior\ShowPageTraceBehavior [ RunTime:0.000450s ]
INFO: [ app_end ] --END-- [ RunTime:0.000483s ]

[ 2017-06-09T11:02:07+08:00 ] 183.26.235.172 /Home/Index/editor/file_id/27
INFO: [ app_init ] --START--
INFO: Run Behavior\BuildLiteBehavior [ RunTime:0.000024s ]
INFO: [ app_init ] --END-- [ RunTime:0.000430s ]
INFO: [ app_begin ] --START--
INFO: Run Behavior\ReadHtmlCacheBehavior [ RunTime:0.000562s ]
INFO: [ app_begin ] --END-- [ RunTime:0.000616s ]
SQL: SHOW COLUMNS FROM `pre_table` [ RunTime:0.0007s ]
SQL: SELECT `controller_id` FROM `pre_table` WHERE ( file_id='27' ) LIMIT 1   [ RunTime:0.0002s ]
SQL: SELECT `file_name` FROM `pre_table` WHERE ( file_id='27' ) LIMIT 1   [ RunTime:0.0003s ]
SQL: SHOW COLUMNS FROM `pre_user` [ RunTime:0.0005s ]
SQL: SELECT `controller_name` FROM `pre_user` WHERE ( controller_id='18077' ) LIMIT 1   [ RunTime:0.0001s ]
INFO: [ view_parse ] --START--
INFO: [ template_filter ] --START--
INFO: Run Behavior\ContentReplaceBehavior [ RunTime:0.000045s ]
INFO: [ template_filter ] --END-- [ RunTime:0.000109s ]
INFO: Run Behavior\ParseTemplateBehavior [ RunTime:0.004650s ]
INFO: [ view_parse ] --END-- [ RunTime:0.004727s ]
INFO: [ view_filter ] --START--
INFO: Run Behavior\WriteHtmlCacheBehavior [ RunTime:0.000239s ]
INFO: [ view_filter ] --END-- [ RunTime:0.000281s ]
NOTIC: [2] fclose() expects parameter 1 to be resource, string given /home/wwwroot/weixin.yudw.com/Application/Home/Controller/IndexController.class.php 第 94 行.
INFO: [ app_end ] --START--
INFO: Run Behavior\ShowPageTraceBehavior [ RunTime:0.000443s ]
INFO: [ app_end ] --END-- [ RunTime:0.000477s ]

[ 2017-06-09T11:15:41+08:00 ] 112.90.82.196 /Home/Index/index.html
INFO: [ app_init ] --START--
INFO: Run Behavior\BuildLiteBehavior [ RunTime:0.000019s ]
INFO: [ app_init ] --END-- [ RunTime:0.000294s ]
INFO: [ app_begin ] --START--
INFO: Run Behavior\ReadHtmlCacheBehavior [ RunTime:0.000542s ]
INFO: [ app_begin ] --END-- [ RunTime:0.000591s ]
INFO: [ view_parse ] --START--
INFO: [ template_filter ] --START--
INFO: Run Behavior\ContentReplaceBehavior [ RunTime:0.000051s ]
INFO: [ template_filter ] --END-- [ RunTime:0.000129s ]
INFO: Run Behavior\ParseTemplateBehavior [ RunTime:0.006034s ]
INFO: [ view_parse ] --END-- [ RunTime:0.006079s ]
INFO: [ view_filter ] --START--
INFO: Run Behavior\WriteHtmlCacheBehavior [ RunTime:0.000240s ]
INFO: [ view_filter ] --END-- [ RunTime:0.000304s ]

[ 2017-06-09T12:17:11+08:00 ] 113.71.48.248 /Home/Index/editor/file_id/13
INFO: [ app_init ] --START--
INFO: Run Behavior\BuildLiteBehavior [ RunTime:0.000016s ]
INFO: [ app_init ] --END-- [ RunTime:0.000290s ]
INFO: [ app_begin ] --START--
INFO: Run Behavior\ReadHtmlCacheBehavior [ RunTime:0.000374s ]
INFO: [ app_begin ] --END-- [ RunTime:0.000413s ]
SQL: SHOW COLUMNS FROM `pre_table` [ RunTime:0.0007s ]
SQL: SELECT `controller_id` FROM `pre_table` WHERE ( file_id='13' ) LIMIT 1   [ RunTime:0.0001s ]
SQL: SELECT `file_name` FROM `pre_table` WHERE ( file_id='13' ) LIMIT 1   [ RunTime:0.0000s ]
SQL: SHOW COLUMNS FROM `pre_user` [ RunTime:0.0004s ]
SQL: SELECT `controller_name` FROM `pre_user` WHERE ( controller_id='15459' ) LIMIT 1   [ RunTime:0.0002s ]
INFO: [ view_parse ] --START--
INFO: [ template_filter ] --START--
INFO: Run Behavior\ContentReplaceBehavior [ RunTime:0.000058s ]
INFO: [ template_filter ] --END-- [ RunTime:0.000103s ]
INFO: Run Behavior\ParseTemplateBehavior [ RunTime:0.004256s ]
INFO: [ view_parse ] --END-- [ RunTime:0.004295s ]
INFO: [ view_filter ] --START--
INFO: Run Behavior\WriteHtmlCacheBehavior [ RunTime:0.000324s ]
INFO: [ view_filter ] --END-- [ RunTime:0.000358s ]
NOTIC: [2] fclose() expects parameter 1 to be resource, string given /home/wwwroot/weixin.yudw.com/Application/Home/Controller/IndexController.class.php 第 94 行.
INFO: [ app_end ] --START--
INFO: Run Behavior\ShowPageTraceBehavior [ RunTime:0.000471s ]
INFO: [ app_end ] --END-- [ RunTime:0.000525s ]

[ 2017-06-09T12:17:31+08:00 ] 113.71.48.248 /Home/Index/editor/file_id/11
INFO: [ app_init ] --START--
INFO: Run Behavior\BuildLiteBehavior [ RunTime:0.000022s ]
INFO: [ app_init ] --END-- [ RunTime:0.000524s ]
INFO: [ app_begin ] --START--
INFO: Run Behavior\ReadHtmlCacheBehavior [ RunTime:0.000700s ]
INFO: [ app_begin ] --END-- [ RunTime:0.000764s ]
SQL: SHOW COLUMNS FROM `pre_table` [ RunTime:0.0007s ]
SQL: SELECT `controller_id` FROM `pre_table` WHERE ( file_id='11' ) LIMIT 1   [ RunTime:0.0004s ]
SQL: SELECT `file_name` FROM `pre_table` WHERE ( file_id='11' ) LIMIT 1   [ RunTime:0.0002s ]
SQL: SHOW COLUMNS FROM `pre_user` [ RunTime:0.0004s ]
SQL: SELECT `controller_name` FROM `pre_user` WHERE ( controller_id='15459' ) LIMIT 1   [ RunTime:0.0001s ]
INFO: [ view_parse ] --START--
INFO: [ template_filter ] --START--
INFO: Run Behavior\ContentReplaceBehavior [ RunTime:0.000072s ]
INFO: [ template_filter ] --END-- [ RunTime:0.000156s ]
INFO: Run Behavior\ParseTemplateBehavior [ RunTime:0.009008s ]
INFO: [ view_parse ] --END-- [ RunTime:0.012930s ]
INFO: [ view_filter ] --START--
INFO: Run Behavior\WriteHtmlCacheBehavior [ RunTime:0.000297s ]
INFO: [ view_filter ] --END-- [ RunTime:0.000341s ]
NOTIC: [2] fclose() expects parameter 1 to be resource, string given /home/wwwroot/weixin.yudw.com/Application/Home/Controller/IndexController.class.php 第 94 行.
INFO: [ app_end ] --START--
INFO: Run Behavior\ShowPageTraceBehavior [ RunTime:0.000780s ]
INFO: [ app_end ] --END-- [ RunTime:0.000896s ]

[ 2017-06-09T12:20:47+08:00 ] 183.26.235.75 /Home/Index/save
INFO: [ app_init ] --START--
INFO: Run Behavior\BuildLiteBehavior [ RunTime:0.000023s ]
INFO: [ app_init ] --END-- [ RunTime:0.000426s ]
INFO: [ app_begin ] --START--
INFO: Run Behavior\ReadHtmlCacheBehavior [ RunTime:0.000566s ]
INFO: [ app_begin ] --END-- [ RunTime:0.000623s ]
SQL: SHOW COLUMNS FROM `pre_table` [ RunTime:0.0007s ]
SQL: SELECT `controller_id` FROM `pre_table` WHERE ( file_id='47' ) LIMIT 1   [ RunTime:0.0001s ]
SQL: SELECT `file_name` FROM `pre_table` WHERE ( file_id='47' ) LIMIT 1   [ RunTime:0.0001s ]
INFO: [ view_parse ] --START--
INFO: [ template_filter ] --START--
INFO: Run Behavior\ContentReplaceBehavior [ RunTime:0.000042s ]
INFO: [ template_filter ] --END-- [ RunTime:0.000110s ]
INFO: Run Behavior\ParseTemplateBehavior [ RunTime:0.004790s ]
INFO: [ view_parse ] --END-- [ RunTime:0.004841s ]
INFO: [ view_filter ] --START--
INFO: Run Behavior\WriteHtmlCacheBehavior [ RunTime:0.000180s ]
INFO: [ view_filter ] --END-- [ RunTime:0.000208s ]
INFO: [ app_end ] --START--
INFO: Run Behavior\ShowPageTraceBehavior [ RunTime:0.000613s ]
INFO: [ app_end ] --END-- [ RunTime:0.000656s ]

[ 2017-06-09T12:20:51+08:00 ] 183.26.235.75 /Home/Index/controller.html
INFO: [ app_init ] --START--
INFO: Run Behavior\BuildLiteBehavior [ RunTime:0.000014s ]
INFO: [ app_init ] --END-- [ RunTime:0.000306s ]
INFO: [ app_begin ] --START--
INFO: Run Behavior\ReadHtmlCacheBehavior [ RunTime:0.000379s ]
INFO: [ app_begin ] --END-- [ RunTime:0.000423s ]
SQL: SHOW COLUMNS FROM `pre_user` [ RunTime:0.0008s ]
SQL: SELECT `controller_name` FROM `pre_user` WHERE ( controller_id='13101' ) LIMIT 1   [ RunTime:0.0004s ]
SQL: SHOW COLUMNS FROM `pre_table` [ RunTime:0.0003s ]
SQL: SELECT * FROM `pre_table` WHERE ( controller_id='13101' )  [ RunTime:0.0001s ]
SQL: SELECT `appid` FROM `pre_user` WHERE ( controller_id='13101' ) LIMIT 1   [ RunTime:0.0002s ]
SQL: SELECT `appsecret` FROM `pre_user` WHERE ( controller_id='13101' ) LIMIT 1   [ RunTime:0.0002s ]
INFO: [ view_parse ] --START--
INFO: [ template_filter ] --START--
INFO: Run Behavior\ContentReplaceBehavior [ RunTime:0.000102s ]
INFO: [ template_filter ] --END-- [ RunTime:0.000168s ]
INFO: Run Behavior\ParseTemplateBehavior [ RunTime:0.011831s ]
INFO: [ view_parse ] --END-- [ RunTime:0.011896s ]
INFO: [ view_filter ] --START--
INFO: Run Behavior\WriteHtmlCacheBehavior [ RunTime:0.000235s ]
INFO: [ view_filter ] --END-- [ RunTime:0.000272s ]
INFO: [ app_end ] --START--
INFO: Run Behavior\ShowPageTraceBehavior [ RunTime:0.000535s ]
INFO: [ app_end ] --END-- [ RunTime:0.000589s ]

[ 2017-06-09T14:59:51+08:00 ] 183.57.53.177 /Home/Index/login.html
INFO: [ app_init ] --START--
INFO: Run Behavior\BuildLiteBehavior [ RunTime:0.000016s ]
INFO: [ app_init ] --END-- [ RunTime:0.000298s ]
INFO: [ app_begin ] --START--
INFO: Run Behavior\ReadHtmlCacheBehavior [ RunTime:0.000385s ]
INFO: [ app_begin ] --END-- [ RunTime:0.000425s ]
NOTIC: [8] Undefined index: uid /home/wwwroot/weixin.yudw.com/Application/Home/Controller/IndexController.class.php 第 189 行.
NOTIC: [8] Undefined index: realname /home/wwwroot/weixin.yudw.com/Application/Home/Controller/IndexController.class.php 第 190 行.
NOTIC: [8] Undefined variable: file_name /home/wwwroot/weixin.yudw.com/Application/Home/Controller/IndexController.class.php 第 201 行.
NOTIC: [2] mkdir(): File exists /home/wwwroot/weixin.yudw.com/Application/Home/Controller/IndexController.class.php 第 202 行.
INFO: [ view_parse ] --START--
INFO: [ template_filter ] --START--
INFO: Run Behavior\ContentReplaceBehavior [ RunTime:0.000066s ]
INFO: [ template_filter ] --END-- [ RunTime:0.000130s ]
INFO: Run Behavior\ParseTemplateBehavior [ RunTime:0.005461s ]
INFO: [ view_parse ] --END-- [ RunTime:0.005509s ]
INFO: [ view_filter ] --START--
INFO: Run Behavior\WriteHtmlCacheBehavior [ RunTime:0.000189s ]
INFO: [ view_filter ] --END-- [ RunTime:0.000225s ]
INFO: [ app_end ] --START--
INFO: Run Behavior\ShowPageTraceBehavior [ RunTime:0.000386s ]
INFO: [ app_end ] --END-- [ RunTime:0.000427s ]

