[ 2017-06-15T08:32:01+08:00 ] 183.26.255.11 /favicon.ico
INFO: [ app_init ] --START--
INFO: Run Behavior\BuildLiteBehavior [ RunTime:0.000018s ]
INFO: [ app_init ] --END-- [ RunTime:0.000332s ]
ERR: 无法加载模块:Favicon

[ 2017-06-15T08:32:07+08:00 ] 183.26.255.11 /Public/image/up_down_arrow.png
INFO: [ app_init ] --START--
INFO: Run Behavior\BuildLiteBehavior [ RunTime:0.000021s ]
INFO: [ app_init ] --END-- [ RunTime:0.000418s ]
ERR: 无法加载模块:Public

[ 2017-06-15T08:32:41+08:00 ] 183.26.255.11 /static/image/sidebar-icon.png
INFO: [ app_init ] --START--
INFO: Run Behavior\BuildLiteBehavior [ RunTime:0.000019s ]
INFO: [ app_init ] --END-- [ RunTime:0.000325s ]
ERR: 无法加载模块:Static

[ 2017-06-15T08:32:41+08:00 ] 183.26.255.11 /Public/img/glyphicons-halflings.png
INFO: [ app_init ] --START--
INFO: Run Behavior\BuildLiteBehavior [ RunTime:0.000021s ]
INFO: [ app_init ] --END-- [ RunTime:0.000418s ]
ERR: 无法加载模块:Public

[ 2017-06-15T08:39:09+08:00 ] 183.26.255.11 /static/image/sidebar-icon.png
INFO: [ app_init ] --START--
INFO: Run Behavior\BuildLiteBehavior [ RunTime:0.000024s ]
INFO: [ app_init ] --END-- [ RunTime:0.000422s ]
ERR: 无法加载模块:Static

[ 2017-06-15T08:39:09+08:00 ] 183.26.255.11 /Public/img/glyphicons-halflings.png
INFO: [ app_init ] --START--
INFO: Run Behavior\BuildLiteBehavior [ RunTime:0.000020s ]
INFO: [ app_init ] --END-- [ RunTime:0.000425s ]
ERR: 无法加载模块:Public

[ 2017-06-15T08:40:49+08:00 ] 183.26.255.11 /static/image/sidebar-icon.png
INFO: [ app_init ] --START--
INFO: Run Behavior\BuildLiteBehavior [ RunTime:0.000023s ]
INFO: [ app_init ] --END-- [ RunTime:0.000429s ]
ERR: 无法加载模块:Static

[ 2017-06-15T08:40:49+08:00 ] 183.26.255.11 /Public/img/glyphicons-halflings.png
INFO: [ app_init ] --START--
INFO: Run Behavior\BuildLiteBehavior [ RunTime:0.000022s ]
INFO: [ app_init ] --END-- [ RunTime:0.000487s ]
ERR: 无法加载模块:Public

[ 2017-06-15T08:49:14+08:00 ] 61.145.106.5 /favicon.ico
INFO: [ app_init ] --START--
INFO: Run Behavior\BuildLiteBehavior [ RunTime:0.000022s ]
INFO: [ app_init ] --END-- [ RunTime:0.000316s ]
ERR: 无法加载模块:Favicon

[ 2017-06-15T08:51:43+08:00 ] 183.26.255.11 /static/image/sidebar-icon.png
INFO: [ app_init ] --START--
INFO: Run Behavior\BuildLiteBehavior [ RunTime:0.000016s ]
INFO: [ app_init ] --END-- [ RunTime:0.000285s ]
ERR: 无法加载模块:Static

[ 2017-06-15T08:51:43+08:00 ] 183.26.255.11 /Public/img/glyphicons-halflings.png
INFO: [ app_init ] --START--
INFO: Run Behavior\BuildLiteBehavior [ RunTime:0.000018s ]
INFO: [ app_init ] --END-- [ RunTime:0.000331s ]
ERR: 无法加载模块:Public

[ 2017-06-15T08:52:55+08:00 ] 183.26.255.11 /static/image/sidebar-icon.png
INFO: [ app_init ] --START--
INFO: Run Behavior\BuildLiteBehavior [ RunTime:0.000013s ]
INFO: [ app_init ] --END-- [ RunTime:0.000263s ]
ERR: 无法加载模块:Static

[ 2017-06-15T08:53:11+08:00 ] 183.26.255.11 /static/image/sidebar-icon.png
INFO: [ app_init ] --START--
INFO: Run Behavior\BuildLiteBehavior [ RunTime:0.000019s ]
INFO: [ app_init ] --END-- [ RunTime:0.000376s ]
ERR: 无法加载模块:Static

[ 2017-06-15T08:53:13+08:00 ] 183.26.255.11 /static/image/sidebar-icon.png
INFO: [ app_init ] --START--
INFO: Run Behavior\BuildLiteBehavior [ RunTime:0.000024s ]
INFO: [ app_init ] --END-- [ RunTime:0.000388s ]
ERR: 无法加载模块:Static

[ 2017-06-15T08:53:15+08:00 ] 183.26.255.11 /Public/img/glyphicons-halflings.png
INFO: [ app_init ] --START--
INFO: Run Behavior\BuildLiteBehavior [ RunTime:0.000020s ]
INFO: [ app_init ] --END-- [ RunTime:0.000320s ]
ERR: 无法加载模块:Public

[ 2017-06-15T08:53:15+08:00 ] 183.26.255.11 /static/image/sidebar-icon.png
INFO: [ app_init ] --START--
INFO: Run Behavior\BuildLiteBehavior [ RunTime:0.000013s ]
INFO: [ app_init ] --END-- [ RunTime:0.000305s ]
ERR: 无法加载模块:Static

[ 2017-06-15T08:53:16+08:00 ] 183.26.255.11 /static/image/sidebar-icon.png
INFO: [ app_init ] --START--
INFO: Run Behavior\BuildLiteBehavior [ RunTime:0.000024s ]
INFO: [ app_init ] --END-- [ RunTime:0.000603s ]
ERR: 无法加载模块:Static

[ 2017-06-15T08:53:18+08:00 ] 183.26.255.11 /Public/img/glyphicons-halflings.png
INFO: [ app_init ] --START--
INFO: Run Behavior\BuildLiteBehavior [ RunTime:0.000017s ]
INFO: [ app_init ] --END-- [ RunTime:0.003450s ]
ERR: 无法加载模块:Public

[ 2017-06-15T08:53:18+08:00 ] 183.26.255.11 /static/image/sidebar-icon.png
INFO: [ app_init ] --START--
INFO: Run Behavior\BuildLiteBehavior [ RunTime:0.000024s ]
INFO: [ app_init ] --END-- [ RunTime:0.001829s ]
ERR: 无法加载模块:Static

[ 2017-06-15T08:55:50+08:00 ] 183.26.255.11 /static/image/sidebar-icon.png
INFO: [ app_init ] --START--
INFO: Run Behavior\BuildLiteBehavior [ RunTime:0.000018s ]
INFO: [ app_init ] --END-- [ RunTime:0.000307s ]
ERR: 无法加载模块:Static

[ 2017-06-15T08:55:50+08:00 ] 183.26.255.11 /Public/img/glyphicons-halflings.png
INFO: [ app_init ] --START--
INFO: Run Behavior\BuildLiteBehavior [ RunTime:0.000014s ]
INFO: [ app_init ] --END-- [ RunTime:0.002797s ]
ERR: 无法加载模块:Public

[ 2017-06-15T08:59:07+08:00 ] 183.26.255.11 /static/image/sidebar-icon.png
INFO: [ app_init ] --START--
INFO: Run Behavior\BuildLiteBehavior [ RunTime:0.000018s ]
INFO: [ app_init ] --END-- [ RunTime:0.000280s ]
ERR: 无法加载模块:Static

[ 2017-06-15T08:59:07+08:00 ] 183.26.255.11 /Public/img/glyphicons-halflings.png
INFO: [ app_init ] --START--
INFO: Run Behavior\BuildLiteBehavior [ RunTime:0.000016s ]
INFO: [ app_init ] --END-- [ RunTime:0.000303s ]
ERR: 无法加载模块:Public

[ 2017-06-15T09:33:29+08:00 ] 183.26.255.11 /static/image/sidebar-icon.png
INFO: [ app_init ] --START--
INFO: Run Behavior\BuildLiteBehavior [ RunTime:0.000016s ]
INFO: [ app_init ] --END-- [ RunTime:0.000271s ]
ERR: 无法加载模块:Static

[ 2017-06-15T09:33:29+08:00 ] 183.26.255.11 /Public/img/glyphicons-halflings.png
INFO: [ app_init ] --START--
INFO: Run Behavior\BuildLiteBehavior [ RunTime:0.000014s ]
INFO: [ app_init ] --END-- [ RunTime:0.000270s ]
ERR: 无法加载模块:Public

[ 2017-06-15T09:34:04+08:00 ] 183.26.255.11 /static/image/sidebar-icon.png
INFO: [ app_init ] --START--
INFO: Run Behavior\BuildLiteBehavior [ RunTime:0.000023s ]
INFO: [ app_init ] --END-- [ RunTime:0.000426s ]
ERR: 无法加载模块:Static

[ 2017-06-15T09:34:04+08:00 ] 183.26.255.11 /Public/img/glyphicons-halflings.png
INFO: [ app_init ] --START--
INFO: Run Behavior\BuildLiteBehavior [ RunTime:0.000019s ]
INFO: [ app_init ] --END-- [ RunTime:0.000394s ]
ERR: 无法加载模块:Public

[ 2017-06-15T09:34:41+08:00 ] 183.26.255.11 /static/image/sidebar-icon.png
INFO: [ app_init ] --START--
INFO: Run Behavior\BuildLiteBehavior [ RunTime:0.000013s ]
INFO: [ app_init ] --END-- [ RunTime:0.000268s ]
ERR: 无法加载模块:Static

[ 2017-06-15T09:34:41+08:00 ] 183.26.255.11 /Public/img/glyphicons-halflings.png
INFO: [ app_init ] --START--
INFO: Run Behavior\BuildLiteBehavior [ RunTime:0.006601s ]
INFO: [ app_init ] --END-- [ RunTime:0.006908s ]
ERR: 无法加载模块:Public

[ 2017-06-15T10:44:55+08:00 ] 61.145.106.6 /favicon.ico
INFO: [ app_init ] --START--
INFO: Run Behavior\BuildLiteBehavior [ RunTime:0.000019s ]
INFO: [ app_init ] --END-- [ RunTime:0.000342s ]
ERR: 无法加载模块:Favicon

[ 2017-06-15T10:45:00+08:00 ] 61.145.106.6 /Public/image/up_down_arrow.png
INFO: [ app_init ] --START--
INFO: Run Behavior\BuildLiteBehavior [ RunTime:0.000014s ]
INFO: [ app_init ] --END-- [ RunTime:0.000272s ]
ERR: 无法加载模块:Public

[ 2017-06-15T10:46:27+08:00 ] 61.145.106.6 /static/image/sidebar-icon.png
INFO: [ app_init ] --START--
INFO: Run Behavior\BuildLiteBehavior [ RunTime:0.000015s ]
INFO: [ app_init ] --END-- [ RunTime:0.000282s ]
ERR: 无法加载模块:Static

[ 2017-06-15T10:46:27+08:00 ] 61.145.106.6 /Public/img/glyphicons-halflings.png
INFO: [ app_init ] --START--
INFO: Run Behavior\BuildLiteBehavior [ RunTime:0.000022s ]
INFO: [ app_init ] --END-- [ RunTime:0.000387s ]
ERR: 无法加载模块:Public

[ 2017-06-15T10:47:07+08:00 ] 61.145.106.6 /Public/img/glyphicons-halflings.png
INFO: [ app_init ] --START--
INFO: Run Behavior\BuildLiteBehavior [ RunTime:0.000025s ]
INFO: [ app_init ] --END-- [ RunTime:0.000423s ]
ERR: 无法加载模块:Public

[ 2017-06-15T18:18:06+08:00 ] 183.26.233.115 /favicon.ico
INFO: [ app_init ] --START--
INFO: Run Behavior\BuildLiteBehavior [ RunTime:0.000015s ]
INFO: [ app_init ] --END-- [ RunTime:0.000281s ]
ERR: 无法加载模块:Favicon

