[ 2017-04-29T11:12:10+08:00 ] 183.26.233.115 /favicon.ico
INFO: [ app_init ] --START--
INFO: Run Behavior\BuildLiteBehavior [ RunTime:0.000022s ]
INFO: [ app_init ] --END-- [ RunTime:0.000321s ]
ERR: 无法加载模块:Favicon

[ 2017-04-29T22:49:38+08:00 ] 183.26.255.239 /favicon.ico
INFO: [ app_init ] --START--
INFO: Run Behavior\BuildLiteBehavior [ RunTime:0.000020s ]
INFO: [ app_init ] --END-- [ RunTime:0.000306s ]
ERR: 无法加载模块:Favicon

[ 2017-04-29T22:49:43+08:00 ] 183.26.255.239 /Public/image/up_down_arrow.png
INFO: [ app_init ] --START--
INFO: Run Behavior\BuildLiteBehavior [ RunTime:0.000030s ]
INFO: [ app_init ] --END-- [ RunTime:0.000282s ]
ERR: 无法加载模块:Public

[ 2017-04-29T22:51:11+08:00 ] 183.26.255.239 /favicon.ico
INFO: [ app_init ] --START--
INFO: Run Behavior\BuildLiteBehavior [ RunTime:0.000021s ]
INFO: [ app_init ] --END-- [ RunTime:0.000402s ]
ERR: 无法加载模块:Favicon

[ 2017-04-29T22:51:15+08:00 ] 183.26.255.239 /static/image/sidebar-care.png
INFO: [ app_init ] --START--
INFO: Run Behavior\BuildLiteBehavior [ RunTime:0.000017s ]
INFO: [ app_init ] --END-- [ RunTime:0.000400s ]
ERR: 无法加载模块:Static

[ 2017-04-29T22:51:15+08:00 ] 183.26.255.239 /Public/img/glyphicons-halflings.png
INFO: [ app_init ] --START--
INFO: Run Behavior\BuildLiteBehavior [ RunTime:0.000023s ]
INFO: [ app_init ] --END-- [ RunTime:0.000419s ]
ERR: 无法加载模块:Public

[ 2017-04-29T22:51:15+08:00 ] 183.26.255.239 /static/image/sidebar-icon.png
INFO: [ app_init ] --START--
INFO: Run Behavior\BuildLiteBehavior [ RunTime:0.000021s ]
INFO: [ app_init ] --END-- [ RunTime:0.000445s ]
ERR: 无法加载模块:Static

[ 2017-04-29T22:52:17+08:00 ] 183.26.255.239 /Public/img/glyphicons-halflings.png
INFO: [ app_init ] --START--
INFO: Run Behavior\BuildLiteBehavior [ RunTime:0.000055s ]
INFO: [ app_init ] --END-- [ RunTime:0.004649s ]
ERR: 无法加载模块:Public

[ 2017-04-29T22:52:17+08:00 ] 183.26.255.239 /static/image/sidebar-care.png
INFO: [ app_init ] --START--
INFO: Run Behavior\BuildLiteBehavior [ RunTime:0.000022s ]
INFO: [ app_init ] --END-- [ RunTime:0.004335s ]
ERR: 无法加载模块:Static

[ 2017-04-29T22:52:17+08:00 ] 183.26.255.239 /static/image/sidebar-icon.png
INFO: [ app_init ] --START--
INFO: Run Behavior\BuildLiteBehavior [ RunTime:0.000029s ]
INFO: [ app_init ] --END-- [ RunTime:0.000432s ]
ERR: 无法加载模块:Static

[ 2017-04-29T22:52:23+08:00 ] 183.26.255.239 /static/image/sidebar-icon.png
INFO: [ app_init ] --START--
INFO: Run Behavior\BuildLiteBehavior [ RunTime:0.000016s ]
INFO: [ app_init ] --END-- [ RunTime:0.000303s ]
ERR: 无法加载模块:Static

[ 2017-04-29T22:52:23+08:00 ] 183.26.255.239 /static/image/sidebar-care.png
INFO: [ app_init ] --START--
INFO: Run Behavior\BuildLiteBehavior [ RunTime:0.000016s ]
INFO: [ app_init ] --END-- [ RunTime:0.000293s ]
ERR: 无法加载模块:Static

[ 2017-04-29T22:52:44+08:00 ] 183.26.255.239 /static/image/sidebar-care.png
INFO: [ app_init ] --START--
INFO: Run Behavior\BuildLiteBehavior [ RunTime:0.000018s ]
INFO: [ app_init ] --END-- [ RunTime:0.000282s ]
ERR: 无法加载模块:Static

[ 2017-04-29T22:52:44+08:00 ] 183.26.255.239 /static/image/sidebar-icon.png
INFO: [ app_init ] --START--
INFO: Run Behavior\BuildLiteBehavior [ RunTime:0.000015s ]
INFO: [ app_init ] --END-- [ RunTime:0.004335s ]
ERR: 无法加载模块:Static

[ 2017-04-29T22:52:44+08:00 ] 183.26.255.239 /Public/img/glyphicons-halflings.png
INFO: [ app_init ] --START--
INFO: Run Behavior\BuildLiteBehavior [ RunTime:0.000013s ]
INFO: [ app_init ] --END-- [ RunTime:0.000282s ]
ERR: 无法加载模块:Public

[ 2017-04-29T22:52:45+08:00 ] 183.26.255.239 /static/image/sidebar-icon.png
INFO: [ app_init ] --START--
INFO: Run Behavior\BuildLiteBehavior [ RunTime:0.000019s ]
INFO: [ app_init ] --END-- [ RunTime:0.000336s ]
ERR: 无法加载模块:Static

[ 2017-04-29T22:52:45+08:00 ] 183.26.255.239 /static/image/sidebar-care.png
INFO: [ app_init ] --START--
INFO: Run Behavior\BuildLiteBehavior [ RunTime:0.000016s ]
INFO: [ app_init ] --END-- [ RunTime:0.000294s ]
ERR: 无法加载模块:Static

[ 2017-04-29T22:53:19+08:00 ] 183.26.255.239 /static/image/sidebar-care.png
INFO: [ app_init ] --START--
INFO: Run Behavior\BuildLiteBehavior [ RunTime:0.000018s ]
INFO: [ app_init ] --END-- [ RunTime:0.000362s ]
ERR: 无法加载模块:Static

[ 2017-04-29T22:53:19+08:00 ] 183.26.255.239 /static/image/sidebar-icon.png
INFO: [ app_init ] --START--
INFO: Run Behavior\BuildLiteBehavior [ RunTime:0.000017s ]
INFO: [ app_init ] --END-- [ RunTime:0.000280s ]
ERR: 无法加载模块:Static

[ 2017-04-29T22:53:19+08:00 ] 183.26.255.239 /Public/img/glyphicons-halflings.png
INFO: [ app_init ] --START--
INFO: Run Behavior\BuildLiteBehavior [ RunTime:0.000014s ]
INFO: [ app_init ] --END-- [ RunTime:0.000324s ]
ERR: 无法加载模块:Public

[ 2017-04-29T22:53:23+08:00 ] 183.26.255.239 /static/image/sidebar-icon.png
INFO: [ app_init ] --START--
INFO: Run Behavior\BuildLiteBehavior [ RunTime:0.000017s ]
INFO: [ app_init ] --END-- [ RunTime:0.001133s ]
ERR: 无法加载模块:Static

[ 2017-04-29T22:53:23+08:00 ] 183.26.255.239 /static/image/sidebar-care.png
INFO: [ app_init ] --START--
INFO: Run Behavior\BuildLiteBehavior [ RunTime:0.000022s ]
INFO: [ app_init ] --END-- [ RunTime:0.000287s ]
ERR: 无法加载模块:Static

[ 2017-04-29T22:53:49+08:00 ] 183.26.255.239 /static/image/sidebar-icon.png
INFO: [ app_init ] --START--
INFO: Run Behavior\BuildLiteBehavior [ RunTime:0.000020s ]
INFO: [ app_init ] --END-- [ RunTime:0.000299s ]
ERR: 无法加载模块:Static

[ 2017-04-29T22:53:49+08:00 ] 183.26.255.239 /Public/img/glyphicons-halflings.png
INFO: [ app_init ] --START--
INFO: Run Behavior\BuildLiteBehavior [ RunTime:0.000015s ]
INFO: [ app_init ] --END-- [ RunTime:0.002245s ]
ERR: 无法加载模块:Public

[ 2017-04-29T22:53:49+08:00 ] 183.26.255.239 /static/image/sidebar-care.png
INFO: [ app_init ] --START--
INFO: Run Behavior\BuildLiteBehavior [ RunTime:0.000015s ]
INFO: [ app_init ] --END-- [ RunTime:0.000287s ]
ERR: 无法加载模块:Static

[ 2017-04-29T22:55:05+08:00 ] 183.26.255.239 /static/image/sidebar-icon.png
INFO: [ app_init ] --START--
INFO: Run Behavior\BuildLiteBehavior [ RunTime:0.000017s ]
INFO: [ app_init ] --END-- [ RunTime:0.000270s ]
ERR: 无法加载模块:Static

[ 2017-04-29T22:55:05+08:00 ] 183.26.255.239 /Public/img/glyphicons-halflings.png
INFO: [ app_init ] --START--
INFO: Run Behavior\BuildLiteBehavior [ RunTime:0.000018s ]
INFO: [ app_init ] --END-- [ RunTime:0.005095s ]
ERR: 无法加载模块:Public

[ 2017-04-29T22:55:05+08:00 ] 183.26.255.239 /static/image/sidebar-care.png
INFO: [ app_init ] --START--
INFO: Run Behavior\BuildLiteBehavior [ RunTime:0.000016s ]
INFO: [ app_init ] --END-- [ RunTime:0.000277s ]
ERR: 无法加载模块:Static

[ 2017-04-29T22:57:14+08:00 ] 183.26.255.239 /favicon.ico
INFO: [ app_init ] --START--
INFO: Run Behavior\BuildLiteBehavior [ RunTime:0.000017s ]
INFO: [ app_init ] --END-- [ RunTime:0.000373s ]
ERR: 无法加载模块:Favicon

[ 2017-04-29T22:59:40+08:00 ] 183.26.244.102 /favicon.ico
INFO: [ app_init ] --START--
INFO: Run Behavior\BuildLiteBehavior [ RunTime:0.000016s ]
INFO: [ app_init ] --END-- [ RunTime:0.000270s ]
ERR: 无法加载模块:Favicon

[ 2017-04-29T23:11:12+08:00 ] 183.26.255.239 /static/image/sidebar-icon.png
INFO: [ app_init ] --START--
INFO: Run Behavior\BuildLiteBehavior [ RunTime:0.000017s ]
INFO: [ app_init ] --END-- [ RunTime:0.000320s ]
ERR: 无法加载模块:Static

[ 2017-04-29T23:11:12+08:00 ] 183.26.255.239 /Public/img/glyphicons-halflings.png
INFO: [ app_init ] --START--
INFO: Run Behavior\BuildLiteBehavior [ RunTime:0.003204s ]
INFO: [ app_init ] --END-- [ RunTime:0.003590s ]
ERR: 无法加载模块:Public

[ 2017-04-29T23:11:12+08:00 ] 183.26.255.239 /static/image/sidebar-care.png
INFO: [ app_init ] --START--
INFO: Run Behavior\BuildLiteBehavior [ RunTime:0.000022s ]
INFO: [ app_init ] --END-- [ RunTime:0.000465s ]
ERR: 无法加载模块:Static

