[ 2017-05-13T00:44:25+08:00 ] 183.26.244.102 /Public/image/up_down_arrow.png
INFO: [ app_init ] --START--
INFO: Run Behavior\BuildLiteBehavior [ RunTime:0.000018s ]
INFO: [ app_init ] --END-- [ RunTime:0.000346s ]
ERR: 无法加载模块:Public

[ 2017-05-13T00:50:24+08:00 ] 183.26.244.102 /Public/add_table_files/themes/pmahomme/img/left_nav_bg.png
INFO: [ app_init ] --START--
INFO: Run Behavior\BuildLiteBehavior [ RunTime:0.000018s ]
INFO: [ app_init ] --END-- [ RunTime:0.000330s ]
ERR: 无法加载模块:Public

[ 2017-05-13T00:50:24+08:00 ] 183.26.244.102 /Public/add_table_files/themes/pmahomme/img/sprites.png
INFO: [ app_init ] --START--
INFO: Run Behavior\BuildLiteBehavior [ RunTime:0.000015s ]
INFO: [ app_init ] --END-- [ RunTime:0.000265s ]
ERR: 无法加载模块:Public

[ 2017-05-13T00:50:25+08:00 ] 183.26.244.102 /Public/add_table_files/themes/pmahomme/img/sprites.png
INFO: [ app_init ] --START--
INFO: Run Behavior\BuildLiteBehavior [ RunTime:0.000017s ]
INFO: [ app_init ] --END-- [ RunTime:0.000336s ]
ERR: 无法加载模块:Public

[ 2017-05-13T00:50:25+08:00 ] 183.26.244.102 /Public/add_table_files/themes/pmahomme/img/left_nav_bg.png
INFO: [ app_init ] --START--
INFO: Run Behavior\BuildLiteBehavior [ RunTime:0.000016s ]
INFO: [ app_init ] --END-- [ RunTime:0.000331s ]
ERR: 无法加载模块:Public

[ 2017-05-13T00:50:26+08:00 ] 183.26.244.102 /Public/add_table_files/themes/pmahomme/img/left_nav_bg.png
INFO: [ app_init ] --START--
INFO: Run Behavior\BuildLiteBehavior [ RunTime:0.000016s ]
INFO: [ app_init ] --END-- [ RunTime:0.000303s ]
ERR: 无法加载模块:Public

[ 2017-05-13T00:50:26+08:00 ] 183.26.244.102 /Public/add_table_files/themes/pmahomme/img/sprites.png
INFO: [ app_init ] --START--
INFO: Run Behavior\BuildLiteBehavior [ RunTime:0.000016s ]
INFO: [ app_init ] --END-- [ RunTime:0.000357s ]
ERR: 无法加载模块:Public

[ 2017-05-13T00:50:26+08:00 ] 183.26.244.102 /Public/add_table_files/themes/pmahomme/img/sprites.png
INFO: [ app_init ] --START--
INFO: Run Behavior\BuildLiteBehavior [ RunTime:0.000016s ]
INFO: [ app_init ] --END-- [ RunTime:0.000325s ]
ERR: 无法加载模块:Public

[ 2017-05-13T00:50:26+08:00 ] 183.26.244.102 /Public/add_table_files/themes/pmahomme/img/left_nav_bg.png
INFO: [ app_init ] --START--
INFO: Run Behavior\BuildLiteBehavior [ RunTime:0.000016s ]
INFO: [ app_init ] --END-- [ RunTime:0.000283s ]
ERR: 无法加载模块:Public

[ 2017-05-13T00:52:47+08:00 ] 183.26.244.102 /Public/add_table_files/themes/pmahomme/img/left_nav_bg.png
INFO: [ app_init ] --START--
INFO: Run Behavior\BuildLiteBehavior [ RunTime:0.000015s ]
INFO: [ app_init ] --END-- [ RunTime:0.000286s ]
ERR: 无法加载模块:Public

[ 2017-05-13T00:52:47+08:00 ] 183.26.244.102 /Public/add_table_files/themes/pmahomme/img/sprites.png
INFO: [ app_init ] --START--
INFO: Run Behavior\BuildLiteBehavior [ RunTime:0.000016s ]
INFO: [ app_init ] --END-- [ RunTime:0.000293s ]
ERR: 无法加载模块:Public

[ 2017-05-13T00:53:23+08:00 ] 183.26.244.102 /Public/add_table_files/themes/pmahomme/img/left_nav_bg.png
INFO: [ app_init ] --START--
INFO: Run Behavior\BuildLiteBehavior [ RunTime:0.000023s ]
INFO: [ app_init ] --END-- [ RunTime:0.000331s ]
ERR: 无法加载模块:Public

[ 2017-05-13T00:53:23+08:00 ] 183.26.244.102 /Public/add_table_files/themes/pmahomme/img/sprites.png
INFO: [ app_init ] --START--
INFO: Run Behavior\BuildLiteBehavior [ RunTime:0.000020s ]
INFO: [ app_init ] --END-- [ RunTime:0.000313s ]
ERR: 无法加载模块:Public

[ 2017-05-13T00:54:10+08:00 ] 183.26.244.102 /Public/add_table_files/themes/pmahomme/img/left_nav_bg.png
INFO: [ app_init ] --START--
INFO: Run Behavior\BuildLiteBehavior [ RunTime:0.000017s ]
INFO: [ app_init ] --END-- [ RunTime:0.000386s ]
ERR: 无法加载模块:Public

[ 2017-05-13T00:54:10+08:00 ] 183.26.244.102 /Public/add_table_files/themes/pmahomme/img/sprites.png
INFO: [ app_init ] --START--
INFO: Run Behavior\BuildLiteBehavior [ RunTime:0.000019s ]
INFO: [ app_init ] --END-- [ RunTime:0.000325s ]
ERR: 无法加载模块:Public

[ 2017-05-13T00:54:10+08:00 ] 183.26.244.102 /Public/add_table_files/themes/pmahomme/img/sprites.png
INFO: [ app_init ] --START--
INFO: Run Behavior\BuildLiteBehavior [ RunTime:0.000018s ]
INFO: [ app_init ] --END-- [ RunTime:0.000299s ]
ERR: 无法加载模块:Public

[ 2017-05-13T00:54:10+08:00 ] 183.26.244.102 /Public/add_table_files/themes/pmahomme/img/left_nav_bg.png
INFO: [ app_init ] --START--
INFO: Run Behavior\BuildLiteBehavior [ RunTime:0.000016s ]
INFO: [ app_init ] --END-- [ RunTime:0.000322s ]
ERR: 无法加载模块:Public

[ 2017-05-13T00:54:11+08:00 ] 183.26.244.102 /Public/add_table_files/themes/pmahomme/img/left_nav_bg.png
INFO: [ app_init ] --START--
INFO: Run Behavior\BuildLiteBehavior [ RunTime:0.000017s ]
INFO: [ app_init ] --END-- [ RunTime:0.000349s ]
ERR: 无法加载模块:Public

[ 2017-05-13T00:54:11+08:00 ] 183.26.244.102 /Public/add_table_files/themes/pmahomme/img/sprites.png
INFO: [ app_init ] --START--
INFO: Run Behavior\BuildLiteBehavior [ RunTime:0.000016s ]
INFO: [ app_init ] --END-- [ RunTime:0.002844s ]
ERR: 无法加载模块:Public

[ 2017-05-13T00:54:52+08:00 ] 183.26.244.102 /Public/add_table_files/themes/pmahomme/img/sprites.png
INFO: [ app_init ] --START--
INFO: Run Behavior\BuildLiteBehavior [ RunTime:0.000023s ]
INFO: [ app_init ] --END-- [ RunTime:0.000327s ]
ERR: 无法加载模块:Public

[ 2017-05-13T00:54:52+08:00 ] 183.26.244.102 /Public/add_table_files/themes/pmahomme/img/left_nav_bg.png
INFO: [ app_init ] --START--
INFO: Run Behavior\BuildLiteBehavior [ RunTime:0.000014s ]
INFO: [ app_init ] --END-- [ RunTime:0.000288s ]
ERR: 无法加载模块:Public

[ 2017-05-13T00:54:52+08:00 ] 183.26.244.102 /Public/add_table_files/themes/pmahomme/img/sprites.png
INFO: [ app_init ] --START--
INFO: Run Behavior\BuildLiteBehavior [ RunTime:0.000017s ]
INFO: [ app_init ] --END-- [ RunTime:0.000332s ]
ERR: 无法加载模块:Public

[ 2017-05-13T00:54:52+08:00 ] 183.26.244.102 /Public/add_table_files/themes/pmahomme/img/left_nav_bg.png
INFO: [ app_init ] --START--
INFO: Run Behavior\BuildLiteBehavior [ RunTime:0.000015s ]
INFO: [ app_init ] --END-- [ RunTime:0.000344s ]
ERR: 无法加载模块:Public

[ 2017-05-13T00:54:53+08:00 ] 183.26.244.102 /Public/add_table_files/themes/pmahomme/img/sprites.png
INFO: [ app_init ] --START--
INFO: Run Behavior\BuildLiteBehavior [ RunTime:0.000030s ]
INFO: [ app_init ] --END-- [ RunTime:0.000494s ]
ERR: 无法加载模块:Public

[ 2017-05-13T00:54:53+08:00 ] 183.26.244.102 /Public/add_table_files/themes/pmahomme/img/left_nav_bg.png
INFO: [ app_init ] --START--
INFO: Run Behavior\BuildLiteBehavior [ RunTime:0.000020s ]
INFO: [ app_init ] --END-- [ RunTime:0.000401s ]
ERR: 无法加载模块:Public

[ 2017-05-13T00:54:53+08:00 ] 183.26.244.102 /Public/add_table_files/themes/pmahomme/img/sprites.png
INFO: [ app_init ] --START--
INFO: Run Behavior\BuildLiteBehavior [ RunTime:0.000020s ]
INFO: [ app_init ] --END-- [ RunTime:0.000317s ]
ERR: 无法加载模块:Public

[ 2017-05-13T00:54:53+08:00 ] 183.26.244.102 /Public/add_table_files/themes/pmahomme/img/left_nav_bg.png
INFO: [ app_init ] --START--
INFO: Run Behavior\BuildLiteBehavior [ RunTime:0.000024s ]
INFO: [ app_init ] --END-- [ RunTime:0.000351s ]
ERR: 无法加载模块:Public

[ 2017-05-13T00:55:02+08:00 ] 183.26.244.102 /Public/add_table_files/themes/pmahomme/img/left_nav_bg.png
INFO: [ app_init ] --START--
INFO: Run Behavior\BuildLiteBehavior [ RunTime:0.000022s ]
INFO: [ app_init ] --END-- [ RunTime:0.000375s ]
ERR: 无法加载模块:Public

[ 2017-05-13T00:55:02+08:00 ] 183.26.244.102 /Public/add_table_files/themes/pmahomme/img/sprites.png
INFO: [ app_init ] --START--
INFO: Run Behavior\BuildLiteBehavior [ RunTime:0.000031s ]
INFO: [ app_init ] --END-- [ RunTime:0.001879s ]
ERR: 无法加载模块:Public

[ 2017-05-13T00:55:03+08:00 ] 183.26.244.102 /Public/add_table_files/themes/pmahomme/img/sprites.png
INFO: [ app_init ] --START--
INFO: Run Behavior\BuildLiteBehavior [ RunTime:0.000015s ]
INFO: [ app_init ] --END-- [ RunTime:0.000284s ]
ERR: 无法加载模块:Public

[ 2017-05-13T00:55:03+08:00 ] 183.26.244.102 /Public/add_table_files/themes/pmahomme/img/left_nav_bg.png
INFO: [ app_init ] --START--
INFO: Run Behavior\BuildLiteBehavior [ RunTime:0.000022s ]
INFO: [ app_init ] --END-- [ RunTime:0.000354s ]
ERR: 无法加载模块:Public

[ 2017-05-13T00:55:03+08:00 ] 183.26.244.102 /Public/add_table_files/themes/pmahomme/img/sprites.png
INFO: [ app_init ] --START--
INFO: Run Behavior\BuildLiteBehavior [ RunTime:0.000021s ]
INFO: [ app_init ] --END-- [ RunTime:0.003293s ]
ERR: 无法加载模块:Public

[ 2017-05-13T00:55:03+08:00 ] 183.26.244.102 /Public/add_table_files/themes/pmahomme/img/left_nav_bg.png
INFO: [ app_init ] --START--
INFO: Run Behavior\BuildLiteBehavior [ RunTime:0.000020s ]
INFO: [ app_init ] --END-- [ RunTime:0.001830s ]
ERR: 无法加载模块:Public

[ 2017-05-13T00:57:59+08:00 ] 183.26.244.102 /Public/add_table_files/themes/pmahomme/img/left_nav_bg.png
INFO: [ app_init ] --START--
INFO: Run Behavior\BuildLiteBehavior [ RunTime:0.000016s ]
INFO: [ app_init ] --END-- [ RunTime:0.000270s ]
ERR: 无法加载模块:Public

[ 2017-05-13T00:57:59+08:00 ] 183.26.244.102 /Public/add_table_files/themes/pmahomme/img/sprites.png
INFO: [ app_init ] --START--
INFO: Run Behavior\BuildLiteBehavior [ RunTime:0.000017s ]
INFO: [ app_init ] --END-- [ RunTime:0.000387s ]
ERR: 无法加载模块:Public

[ 2017-05-13T00:58:00+08:00 ] 183.26.244.102 /Public/add_table_files/themes/pmahomme/img/left_nav_bg.png
INFO: [ app_init ] --START--
INFO: Run Behavior\BuildLiteBehavior [ RunTime:0.000017s ]
INFO: [ app_init ] --END-- [ RunTime:0.000281s ]
ERR: 无法加载模块:Public

[ 2017-05-13T00:58:00+08:00 ] 183.26.244.102 /Public/add_table_files/themes/pmahomme/img/sprites.png
INFO: [ app_init ] --START--
INFO: Run Behavior\BuildLiteBehavior [ RunTime:0.000021s ]
INFO: [ app_init ] --END-- [ RunTime:0.000383s ]
ERR: 无法加载模块:Public

[ 2017-05-13T00:58:00+08:00 ] 183.26.244.102 /Public/add_table_files/themes/pmahomme/img/sprites.png
INFO: [ app_init ] --START--
INFO: Run Behavior\BuildLiteBehavior [ RunTime:0.000017s ]
INFO: [ app_init ] --END-- [ RunTime:0.000288s ]
ERR: 无法加载模块:Public

[ 2017-05-13T00:58:00+08:00 ] 183.26.244.102 /Public/add_table_files/themes/pmahomme/img/left_nav_bg.png
INFO: [ app_init ] --START--
INFO: Run Behavior\BuildLiteBehavior [ RunTime:0.000019s ]
INFO: [ app_init ] --END-- [ RunTime:0.001307s ]
ERR: 无法加载模块:Public

[ 2017-05-13T00:58:00+08:00 ] 183.26.244.102 /Public/add_table_files/themes/pmahomme/img/sprites.png
INFO: [ app_init ] --START--
INFO: Run Behavior\BuildLiteBehavior [ RunTime:0.000018s ]
INFO: [ app_init ] --END-- [ RunTime:0.000353s ]
ERR: 无法加载模块:Public

[ 2017-05-13T00:58:00+08:00 ] 183.26.244.102 /Public/add_table_files/themes/pmahomme/img/left_nav_bg.png
INFO: [ app_init ] --START--
INFO: Run Behavior\BuildLiteBehavior [ RunTime:0.000014s ]
INFO: [ app_init ] --END-- [ RunTime:0.000283s ]
ERR: 无法加载模块:Public

[ 2017-05-13T00:58:01+08:00 ] 183.26.244.102 /Public/add_table_files/themes/pmahomme/img/sprites.png
INFO: [ app_init ] --START--
INFO: Run Behavior\BuildLiteBehavior [ RunTime:0.000018s ]
INFO: [ app_init ] --END-- [ RunTime:0.000324s ]
ERR: 无法加载模块:Public

[ 2017-05-13T00:58:01+08:00 ] 183.26.244.102 /Public/add_table_files/themes/pmahomme/img/left_nav_bg.png
INFO: [ app_init ] --START--
INFO: Run Behavior\BuildLiteBehavior [ RunTime:0.000016s ]
INFO: [ app_init ] --END-- [ RunTime:0.000317s ]
ERR: 无法加载模块:Public

[ 2017-05-13T00:58:33+08:00 ] 183.26.244.102 /Public/add_table_files/themes/pmahomme/img/sprites.png
INFO: [ app_init ] --START--
INFO: Run Behavior\BuildLiteBehavior [ RunTime:0.000024s ]
INFO: [ app_init ] --END-- [ RunTime:0.000389s ]
ERR: 无法加载模块:Public

[ 2017-05-13T00:58:33+08:00 ] 183.26.244.102 /Public/add_table_files/themes/pmahomme/img/left_nav_bg.png
INFO: [ app_init ] --START--
INFO: Run Behavior\BuildLiteBehavior [ RunTime:0.000028s ]
INFO: [ app_init ] --END-- [ RunTime:0.000593s ]
ERR: 无法加载模块:Public

[ 2017-05-13T00:58:55+08:00 ] 183.26.244.102 /Public/add_table_files/themes/pmahomme/img/sprites.png
INFO: [ app_init ] --START--
INFO: Run Behavior\BuildLiteBehavior [ RunTime:0.000017s ]
INFO: [ app_init ] --END-- [ RunTime:0.000288s ]
ERR: 无法加载模块:Public

[ 2017-05-13T00:58:55+08:00 ] 183.26.244.102 /Public/add_table_files/themes/pmahomme/img/left_nav_bg.png
INFO: [ app_init ] --START--
INFO: Run Behavior\BuildLiteBehavior [ RunTime:0.000015s ]
INFO: [ app_init ] --END-- [ RunTime:0.000283s ]
ERR: 无法加载模块:Public

[ 2017-05-13T00:58:56+08:00 ] 183.26.244.102 /Public/add_table_files/themes/pmahomme/img/left_nav_bg.png
INFO: [ app_init ] --START--
INFO: Run Behavior\BuildLiteBehavior [ RunTime:0.000016s ]
INFO: [ app_init ] --END-- [ RunTime:0.000319s ]
ERR: 无法加载模块:Public

[ 2017-05-13T00:58:56+08:00 ] 183.26.244.102 /Public/add_table_files/themes/pmahomme/img/sprites.png
INFO: [ app_init ] --START--
INFO: Run Behavior\BuildLiteBehavior [ RunTime:0.000014s ]
INFO: [ app_init ] --END-- [ RunTime:0.000260s ]
ERR: 无法加载模块:Public

[ 2017-05-13T00:58:57+08:00 ] 183.26.244.102 /Public/add_table_files/themes/pmahomme/img/left_nav_bg.png
INFO: [ app_init ] --START--
INFO: Run Behavior\BuildLiteBehavior [ RunTime:0.000016s ]
INFO: [ app_init ] --END-- [ RunTime:0.000268s ]
ERR: 无法加载模块:Public

[ 2017-05-13T00:58:57+08:00 ] 183.26.244.102 /Public/add_table_files/themes/pmahomme/img/sprites.png
INFO: [ app_init ] --START--
INFO: Run Behavior\BuildLiteBehavior [ RunTime:0.000015s ]
INFO: [ app_init ] --END-- [ RunTime:0.000279s ]
ERR: 无法加载模块:Public

[ 2017-05-13T00:59:19+08:00 ] 183.26.244.102 /Public/add_table_files/themes/pmahomme/img/left_nav_bg.png
INFO: [ app_init ] --START--
INFO: Run Behavior\BuildLiteBehavior [ RunTime:0.000024s ]
INFO: [ app_init ] --END-- [ RunTime:0.000424s ]
ERR: 无法加载模块:Public

[ 2017-05-13T00:59:19+08:00 ] 183.26.244.102 /Public/add_table_files/themes/pmahomme/img/sprites.png
INFO: [ app_init ] --START--
INFO: Run Behavior\BuildLiteBehavior [ RunTime:0.000025s ]
INFO: [ app_init ] --END-- [ RunTime:0.003228s ]
ERR: 无法加载模块:Public

[ 2017-05-13T00:59:20+08:00 ] 183.26.244.102 /Public/add_table_files/themes/pmahomme/img/sprites.png
INFO: [ app_init ] --START--
INFO: Run Behavior\BuildLiteBehavior [ RunTime:0.000018s ]
INFO: [ app_init ] --END-- [ RunTime:0.000288s ]
ERR: 无法加载模块:Public

[ 2017-05-13T00:59:20+08:00 ] 183.26.244.102 /Public/add_table_files/themes/pmahomme/img/left_nav_bg.png
INFO: [ app_init ] --START--
INFO: Run Behavior\BuildLiteBehavior [ RunTime:0.000015s ]
INFO: [ app_init ] --END-- [ RunTime:0.001016s ]
ERR: 无法加载模块:Public

[ 2017-05-13T00:59:53+08:00 ] 183.26.244.102 /Public/add_table_files/themes/pmahomme/img/sprites.png
INFO: [ app_init ] --START--
INFO: Run Behavior\BuildLiteBehavior [ RunTime:0.000018s ]
INFO: [ app_init ] --END-- [ RunTime:0.000289s ]
ERR: 无法加载模块:Public

[ 2017-05-13T00:59:53+08:00 ] 183.26.244.102 /Public/add_table_files/themes/pmahomme/img/left_nav_bg.png
INFO: [ app_init ] --START--
INFO: Run Behavior\BuildLiteBehavior [ RunTime:0.000015s ]
INFO: [ app_init ] --END-- [ RunTime:0.000370s ]
ERR: 无法加载模块:Public

[ 2017-05-13T00:59:54+08:00 ] 183.26.244.102 /Public/add_table_files/themes/pmahomme/img/sprites.png
INFO: [ app_init ] --START--
INFO: Run Behavior\BuildLiteBehavior [ RunTime:0.000018s ]
INFO: [ app_init ] --END-- [ RunTime:0.000298s ]
ERR: 无法加载模块:Public

[ 2017-05-13T00:59:54+08:00 ] 183.26.244.102 /Public/add_table_files/themes/pmahomme/img/left_nav_bg.png
INFO: [ app_init ] --START--
INFO: Run Behavior\BuildLiteBehavior [ RunTime:0.000015s ]
INFO: [ app_init ] --END-- [ RunTime:0.000298s ]
ERR: 无法加载模块:Public

[ 2017-05-13T01:01:13+08:00 ] 183.26.244.102 /Public/add_table_files/themes/pmahomme/img/left_nav_bg.png
INFO: [ app_init ] --START--
INFO: Run Behavior\BuildLiteBehavior [ RunTime:0.000017s ]
INFO: [ app_init ] --END-- [ RunTime:0.000266s ]
ERR: 无法加载模块:Public

[ 2017-05-13T01:01:13+08:00 ] 183.26.244.102 /Public/add_table_files/themes/pmahomme/img/sprites.png
INFO: [ app_init ] --START--
INFO: Run Behavior\BuildLiteBehavior [ RunTime:0.000022s ]
INFO: [ app_init ] --END-- [ RunTime:0.000342s ]
ERR: 无法加载模块:Public

[ 2017-05-13T01:01:14+08:00 ] 183.26.244.102 /Public/add_table_files/themes/pmahomme/img/sprites.png
INFO: [ app_init ] --START--
INFO: Run Behavior\BuildLiteBehavior [ RunTime:0.000023s ]
INFO: [ app_init ] --END-- [ RunTime:0.003508s ]
ERR: 无法加载模块:Public

[ 2017-05-13T01:01:14+08:00 ] 183.26.244.102 /Public/add_table_files/themes/pmahomme/img/left_nav_bg.png
INFO: [ app_init ] --START--
INFO: Run Behavior\BuildLiteBehavior [ RunTime:0.000024s ]
INFO: [ app_init ] --END-- [ RunTime:0.000446s ]
ERR: 无法加载模块:Public

[ 2017-05-13T01:01:14+08:00 ] 183.26.244.102 /Public/add_table_files/themes/pmahomme/img/sprites.png
INFO: [ app_init ] --START--
INFO: Run Behavior\BuildLiteBehavior [ RunTime:0.000025s ]
INFO: [ app_init ] --END-- [ RunTime:0.000509s ]
ERR: 无法加载模块:Public

[ 2017-05-13T01:01:14+08:00 ] 183.26.244.102 /Public/add_table_files/themes/pmahomme/img/left_nav_bg.png
INFO: [ app_init ] --START--
INFO: Run Behavior\BuildLiteBehavior [ RunTime:0.000027s ]
INFO: [ app_init ] --END-- [ RunTime:0.000487s ]
ERR: 无法加载模块:Public

[ 2017-05-13T01:01:15+08:00 ] 183.26.244.102 /Public/add_table_files/themes/pmahomme/img/left_nav_bg.png
INFO: [ app_init ] --START--
INFO: Run Behavior\BuildLiteBehavior [ RunTime:0.000021s ]
INFO: [ app_init ] --END-- [ RunTime:0.000427s ]
ERR: 无法加载模块:Public

[ 2017-05-13T01:01:15+08:00 ] 183.26.244.102 /Public/add_table_files/themes/pmahomme/img/sprites.png
INFO: [ app_init ] --START--
INFO: Run Behavior\BuildLiteBehavior [ RunTime:0.000025s ]
INFO: [ app_init ] --END-- [ RunTime:0.000474s ]
ERR: 无法加载模块:Public

[ 2017-05-13T01:02:04+08:00 ] 183.26.244.102 /Public/add_table_files/themes/pmahomme/img/left_nav_bg.png
INFO: [ app_init ] --START--
INFO: Run Behavior\BuildLiteBehavior [ RunTime:0.000022s ]
INFO: [ app_init ] --END-- [ RunTime:0.000479s ]
ERR: 无法加载模块:Public

[ 2017-05-13T01:02:04+08:00 ] 183.26.244.102 /Public/add_table_files/themes/pmahomme/img/sprites.png
INFO: [ app_init ] --START--
INFO: Run Behavior\BuildLiteBehavior [ RunTime:0.000020s ]
INFO: [ app_init ] --END-- [ RunTime:0.000416s ]
ERR: 无法加载模块:Public

[ 2017-05-13T01:02:05+08:00 ] 183.26.244.102 /Public/add_table_files/themes/pmahomme/img/left_nav_bg.png
INFO: [ app_init ] --START--
INFO: Run Behavior\BuildLiteBehavior [ RunTime:0.000031s ]
INFO: [ app_init ] --END-- [ RunTime:0.000290s ]
ERR: 无法加载模块:Public

[ 2017-05-13T01:02:05+08:00 ] 183.26.244.102 /Public/add_table_files/themes/pmahomme/img/sprites.png
INFO: [ app_init ] --START--
INFO: Run Behavior\BuildLiteBehavior [ RunTime:0.000022s ]
INFO: [ app_init ] --END-- [ RunTime:0.000422s ]
ERR: 无法加载模块:Public

[ 2017-05-13T01:02:23+08:00 ] 183.26.244.102 /Public/add_table_files/themes/pmahomme/img/left_nav_bg.png
INFO: [ app_init ] --START--
INFO: Run Behavior\BuildLiteBehavior [ RunTime:0.000017s ]
INFO: [ app_init ] --END-- [ RunTime:0.000330s ]
ERR: 无法加载模块:Public

[ 2017-05-13T01:02:23+08:00 ] 183.26.244.102 /Public/add_table_files/themes/pmahomme/img/sprites.png
INFO: [ app_init ] --START--
INFO: Run Behavior\BuildLiteBehavior [ RunTime:0.000017s ]
INFO: [ app_init ] --END-- [ RunTime:0.000292s ]
ERR: 无法加载模块:Public

[ 2017-05-13T01:03:02+08:00 ] 183.26.244.102 /Public/add_table_files/themes/pmahomme/img/sprites.png
INFO: [ app_init ] --START--
INFO: Run Behavior\BuildLiteBehavior [ RunTime:0.000022s ]
INFO: [ app_init ] --END-- [ RunTime:0.000475s ]
ERR: 无法加载模块:Public

[ 2017-05-13T01:03:02+08:00 ] 183.26.244.102 /Public/add_table_files/themes/pmahomme/img/left_nav_bg.png
INFO: [ app_init ] --START--
INFO: Run Behavior\BuildLiteBehavior [ RunTime:0.000026s ]
INFO: [ app_init ] --END-- [ RunTime:0.000448s ]
ERR: 无法加载模块:Public

[ 2017-05-13T01:03:02+08:00 ] 183.26.244.102 /Public/add_table_files/themes/pmahomme/img/sprites.png
INFO: [ app_init ] --START--
INFO: Run Behavior\BuildLiteBehavior [ RunTime:0.000024s ]
INFO: [ app_init ] --END-- [ RunTime:0.000473s ]
ERR: 无法加载模块:Public

[ 2017-05-13T01:03:02+08:00 ] 183.26.244.102 /Public/add_table_files/themes/pmahomme/img/left_nav_bg.png
INFO: [ app_init ] --START--
INFO: Run Behavior\BuildLiteBehavior [ RunTime:0.000026s ]
INFO: [ app_init ] --END-- [ RunTime:0.003548s ]
ERR: 无法加载模块:Public

[ 2017-05-13T01:03:03+08:00 ] 183.26.244.102 /Public/add_table_files/themes/pmahomme/img/left_nav_bg.png
INFO: [ app_init ] --START--
INFO: Run Behavior\BuildLiteBehavior [ RunTime:0.000023s ]
INFO: [ app_init ] --END-- [ RunTime:0.000314s ]
ERR: 无法加载模块:Public

[ 2017-05-13T01:03:03+08:00 ] 183.26.244.102 /Public/add_table_files/themes/pmahomme/img/sprites.png
INFO: [ app_init ] --START--
INFO: Run Behavior\BuildLiteBehavior [ RunTime:0.000015s ]
INFO: [ app_init ] --END-- [ RunTime:0.000362s ]
ERR: 无法加载模块:Public

[ 2017-05-13T01:03:03+08:00 ] 183.26.244.102 /Public/add_table_files/themes/pmahomme/img/sprites.png
INFO: [ app_init ] --START--
INFO: Run Behavior\BuildLiteBehavior [ RunTime:0.000016s ]
INFO: [ app_init ] --END-- [ RunTime:0.000288s ]
ERR: 无法加载模块:Public

[ 2017-05-13T01:03:03+08:00 ] 183.26.244.102 /Public/add_table_files/themes/pmahomme/img/left_nav_bg.png
INFO: [ app_init ] --START--
INFO: Run Behavior\BuildLiteBehavior [ RunTime:0.000023s ]
INFO: [ app_init ] --END-- [ RunTime:0.000429s ]
ERR: 无法加载模块:Public

[ 2017-05-13T01:03:03+08:00 ] 183.26.244.102 /Public/add_table_files/themes/pmahomme/img/left_nav_bg.png
INFO: [ app_init ] --START--
INFO: Run Behavior\BuildLiteBehavior [ RunTime:0.000020s ]
INFO: [ app_init ] --END-- [ RunTime:0.000413s ]
ERR: 无法加载模块:Public

[ 2017-05-13T01:03:03+08:00 ] 183.26.244.102 /Public/add_table_files/themes/pmahomme/img/sprites.png
INFO: [ app_init ] --START--
INFO: Run Behavior\BuildLiteBehavior [ RunTime:0.000021s ]
INFO: [ app_init ] --END-- [ RunTime:0.000421s ]
ERR: 无法加载模块:Public

[ 2017-05-13T01:03:04+08:00 ] 183.26.244.102 /Public/add_table_files/themes/pmahomme/img/left_nav_bg.png
INFO: [ app_init ] --START--
INFO: Run Behavior\BuildLiteBehavior [ RunTime:0.000015s ]
INFO: [ app_init ] --END-- [ RunTime:0.000289s ]
ERR: 无法加载模块:Public

[ 2017-05-13T01:03:04+08:00 ] 183.26.244.102 /Public/add_table_files/themes/pmahomme/img/sprites.png
INFO: [ app_init ] --START--
INFO: Run Behavior\BuildLiteBehavior [ RunTime:0.000019s ]
INFO: [ app_init ] --END-- [ RunTime:0.000368s ]
ERR: 无法加载模块:Public

[ 2017-05-13T01:03:04+08:00 ] 183.26.244.102 /Public/add_table_files/themes/pmahomme/img/left_nav_bg.png
INFO: [ app_init ] --START--
INFO: Run Behavior\BuildLiteBehavior [ RunTime:0.000023s ]
INFO: [ app_init ] --END-- [ RunTime:0.000404s ]
ERR: 无法加载模块:Public

[ 2017-05-13T01:03:04+08:00 ] 183.26.244.102 /Public/add_table_files/themes/pmahomme/img/sprites.png
INFO: [ app_init ] --START--
INFO: Run Behavior\BuildLiteBehavior [ RunTime:0.000017s ]
INFO: [ app_init ] --END-- [ RunTime:0.000345s ]
ERR: 无法加载模块:Public

[ 2017-05-13T01:03:04+08:00 ] 183.26.244.102 /Public/add_table_files/themes/pmahomme/img/sprites.png
INFO: [ app_init ] --START--
INFO: Run Behavior\BuildLiteBehavior [ RunTime:0.000015s ]
INFO: [ app_init ] --END-- [ RunTime:0.000322s ]
ERR: 无法加载模块:Public

[ 2017-05-13T01:03:04+08:00 ] 183.26.244.102 /Public/add_table_files/themes/pmahomme/img/left_nav_bg.png
INFO: [ app_init ] --START--
INFO: Run Behavior\BuildLiteBehavior [ RunTime:0.000016s ]
INFO: [ app_init ] --END-- [ RunTime:0.000293s ]
ERR: 无法加载模块:Public

[ 2017-05-13T01:03:30+08:00 ] 183.26.244.102 /Public/add_table_files/themes/pmahomme/img/left_nav_bg.png
INFO: [ app_init ] --START--
INFO: Run Behavior\BuildLiteBehavior [ RunTime:0.000016s ]
INFO: [ app_init ] --END-- [ RunTime:0.000274s ]
ERR: 无法加载模块:Public

[ 2017-05-13T01:03:30+08:00 ] 183.26.244.102 /Public/add_table_files/themes/pmahomme/img/sprites.png
INFO: [ app_init ] --START--
INFO: Run Behavior\BuildLiteBehavior [ RunTime:0.000026s ]
INFO: [ app_init ] --END-- [ RunTime:0.004820s ]
ERR: 无法加载模块:Public

[ 2017-05-13T01:03:33+08:00 ] 183.26.244.102 /Public/add_table_files/themes/pmahomme/img/left_nav_bg.png
INFO: [ app_init ] --START--
INFO: Run Behavior\BuildLiteBehavior [ RunTime:0.000022s ]
INFO: [ app_init ] --END-- [ RunTime:0.000315s ]
ERR: 无法加载模块:Public

[ 2017-05-13T01:03:33+08:00 ] 183.26.244.102 /Public/add_table_files/themes/pmahomme/img/sprites.png
INFO: [ app_init ] --START--
INFO: Run Behavior\BuildLiteBehavior [ RunTime:0.000016s ]
INFO: [ app_init ] --END-- [ RunTime:0.002857s ]
ERR: 无法加载模块:Public

[ 2017-05-13T01:03:57+08:00 ] 183.26.244.102 /Public/add_table_files/themes/pmahomme/img/left_nav_bg.png
INFO: [ app_init ] --START--
INFO: Run Behavior\BuildLiteBehavior [ RunTime:0.000019s ]
INFO: [ app_init ] --END-- [ RunTime:0.000328s ]
ERR: 无法加载模块:Public

[ 2017-05-13T01:03:57+08:00 ] 183.26.244.102 /Public/add_table_files/themes/pmahomme/img/sprites.png
INFO: [ app_init ] --START--
INFO: Run Behavior\BuildLiteBehavior [ RunTime:0.000024s ]
INFO: [ app_init ] --END-- [ RunTime:0.000466s ]
ERR: 无法加载模块:Public

[ 2017-05-13T01:03:58+08:00 ] 183.26.244.102 /Public/add_table_files/themes/pmahomme/img/sprites.png
INFO: [ app_init ] --START--
INFO: Run Behavior\BuildLiteBehavior [ RunTime:0.000018s ]
INFO: [ app_init ] --END-- [ RunTime:0.000285s ]
ERR: 无法加载模块:Public

[ 2017-05-13T01:03:58+08:00 ] 183.26.244.102 /Public/add_table_files/themes/pmahomme/img/left_nav_bg.png
INFO: [ app_init ] --START--
INFO: Run Behavior\BuildLiteBehavior [ RunTime:0.000015s ]
INFO: [ app_init ] --END-- [ RunTime:0.000280s ]
ERR: 无法加载模块:Public

[ 2017-05-13T03:37:06+08:00 ] 101.226.68.215 /Public/add_files/get_scripts.js(2).php
INFO: [ app_init ] --START--
INFO: Run Behavior\BuildLiteBehavior [ RunTime:0.000016s ]
INFO: [ app_init ] --END-- [ RunTime:0.000288s ]
ERR: 无法加载模块:Public

[ 2017-05-13T03:38:18+08:00 ] 183.57.53.197 /Public/add_files/get_scripts.js(1).php
INFO: [ app_init ] --START--
INFO: Run Behavior\BuildLiteBehavior [ RunTime:0.000075s ]
INFO: [ app_init ] --END-- [ RunTime:0.000505s ]
ERR: 无法加载模块:Public

[ 2017-05-13T03:53:21+08:00 ] 183.57.53.196 /Public/add_files/get_scripts.js(4).php
INFO: [ app_init ] --START--
INFO: Run Behavior\BuildLiteBehavior [ RunTime:0.000016s ]
INFO: [ app_init ] --END-- [ RunTime:0.000324s ]
ERR: 无法加载模块:Public

