[ 2017-05-14T01:22:48+08:00 ] 183.26.244.102 /Public/add_table_files/themes/pmahomme/img/sprites.png
INFO: [ app_init ] --START--
INFO: Run Behavior\BuildLiteBehavior [ RunTime:0.000022s ]
INFO: [ app_init ] --END-- [ RunTime:0.000377s ]
ERR: 无法加载模块:Public

[ 2017-05-14T01:22:48+08:00 ] 183.26.244.102 /Public/add_table_files/themes/pmahomme/img/left_nav_bg.png
INFO: [ app_init ] --START--
INFO: Run Behavior\BuildLiteBehavior [ RunTime:0.000017s ]
INFO: [ app_init ] --END-- [ RunTime:0.000329s ]
ERR: 无法加载模块:Public

[ 2017-05-14T01:22:48+08:00 ] 183.26.244.102 /favicon.ico
INFO: [ app_init ] --START--
INFO: Run Behavior\BuildLiteBehavior [ RunTime:0.000025s ]
INFO: [ app_init ] --END-- [ RunTime:0.000536s ]
ERR: 无法加载模块:Favicon

[ 2017-05-14T01:24:22+08:00 ] 183.26.244.102 /Public/add_table_files/themes/pmahomme/img/sprites.png
INFO: [ app_init ] --START--
INFO: Run Behavior\BuildLiteBehavior [ RunTime:0.000017s ]
INFO: [ app_init ] --END-- [ RunTime:0.000329s ]
ERR: 无法加载模块:Public

[ 2017-05-14T01:24:22+08:00 ] 183.26.244.102 /Public/add_table_files/themes/pmahomme/img/left_nav_bg.png
INFO: [ app_init ] --START--
INFO: Run Behavior\BuildLiteBehavior [ RunTime:0.000015s ]
INFO: [ app_init ] --END-- [ RunTime:0.000292s ]
ERR: 无法加载模块:Public

[ 2017-05-14T01:24:23+08:00 ] 183.26.244.102 /Public/add_table_files/themes/pmahomme/img/left_nav_bg.png
INFO: [ app_init ] --START--
INFO: Run Behavior\BuildLiteBehavior [ RunTime:0.000016s ]
INFO: [ app_init ] --END-- [ RunTime:0.000299s ]
ERR: 无法加载模块:Public

[ 2017-05-14T01:24:23+08:00 ] 183.26.244.102 /Public/add_table_files/themes/pmahomme/img/sprites.png
INFO: [ app_init ] --START--
INFO: Run Behavior\BuildLiteBehavior [ RunTime:0.000017s ]
INFO: [ app_init ] --END-- [ RunTime:0.000319s ]
ERR: 无法加载模块:Public

[ 2017-05-14T01:24:23+08:00 ] 183.26.244.102 /Public/add_table_files/themes/pmahomme/img/left_nav_bg.png
INFO: [ app_init ] --START--
INFO: Run Behavior\BuildLiteBehavior [ RunTime:0.000023s ]
INFO: [ app_init ] --END-- [ RunTime:0.000314s ]
ERR: 无法加载模块:Public

[ 2017-05-14T01:24:23+08:00 ] 183.26.244.102 /Public/add_table_files/themes/pmahomme/img/sprites.png
INFO: [ app_init ] --START--
INFO: Run Behavior\BuildLiteBehavior [ RunTime:0.000015s ]
INFO: [ app_init ] --END-- [ RunTime:0.004298s ]
ERR: 无法加载模块:Public

[ 2017-05-14T01:24:24+08:00 ] 183.26.244.102 /Public/add_table_files/themes/pmahomme/img/left_nav_bg.png
INFO: [ app_init ] --START--
INFO: Run Behavior\BuildLiteBehavior [ RunTime:0.000021s ]
INFO: [ app_init ] --END-- [ RunTime:0.000329s ]
ERR: 无法加载模块:Public

[ 2017-05-14T01:24:24+08:00 ] 183.26.244.102 /Public/add_table_files/themes/pmahomme/img/sprites.png
INFO: [ app_init ] --START--
INFO: Run Behavior\BuildLiteBehavior [ RunTime:0.000017s ]
INFO: [ app_init ] --END-- [ RunTime:0.000331s ]
ERR: 无法加载模块:Public

[ 2017-05-14T01:24:53+08:00 ] 183.26.244.102 /Public/add_table_files/themes/pmahomme/img/sprites.png
INFO: [ app_init ] --START--
INFO: Run Behavior\BuildLiteBehavior [ RunTime:0.000017s ]
INFO: [ app_init ] --END-- [ RunTime:0.000340s ]
ERR: 无法加载模块:Public

[ 2017-05-14T01:24:53+08:00 ] 183.26.244.102 /Public/add_table_files/themes/pmahomme/img/left_nav_bg.png
INFO: [ app_init ] --START--
INFO: Run Behavior\BuildLiteBehavior [ RunTime:0.000024s ]
INFO: [ app_init ] --END-- [ RunTime:0.000333s ]
ERR: 无法加载模块:Public

[ 2017-05-14T01:24:54+08:00 ] 183.26.244.102 /Public/add_table_files/themes/pmahomme/img/sprites.png
INFO: [ app_init ] --START--
INFO: Run Behavior\BuildLiteBehavior [ RunTime:0.000020s ]
INFO: [ app_init ] --END-- [ RunTime:0.000348s ]
ERR: 无法加载模块:Public

[ 2017-05-14T01:24:54+08:00 ] 183.26.244.102 /Public/add_table_files/themes/pmahomme/img/left_nav_bg.png
INFO: [ app_init ] --START--
INFO: Run Behavior\BuildLiteBehavior [ RunTime:0.000022s ]
INFO: [ app_init ] --END-- [ RunTime:0.000350s ]
ERR: 无法加载模块:Public

[ 2017-05-14T01:24:54+08:00 ] 183.26.244.102 /Public/add_table_files/themes/pmahomme/img/sprites.png
INFO: [ app_init ] --START--
INFO: Run Behavior\BuildLiteBehavior [ RunTime:0.000017s ]
INFO: [ app_init ] --END-- [ RunTime:0.000294s ]
ERR: 无法加载模块:Public

[ 2017-05-14T01:24:54+08:00 ] 183.26.244.102 /Public/add_table_files/themes/pmahomme/img/left_nav_bg.png
INFO: [ app_init ] --START--
INFO: Run Behavior\BuildLiteBehavior [ RunTime:0.000019s ]
INFO: [ app_init ] --END-- [ RunTime:0.001410s ]
ERR: 无法加载模块:Public

[ 2017-05-14T01:24:54+08:00 ] 183.26.244.102 /Public/add_table_files/themes/pmahomme/img/left_nav_bg.png
INFO: [ app_init ] --START--
INFO: Run Behavior\BuildLiteBehavior [ RunTime:0.000016s ]
INFO: [ app_init ] --END-- [ RunTime:0.000324s ]
ERR: 无法加载模块:Public

[ 2017-05-14T01:24:54+08:00 ] 183.26.244.102 /Public/add_table_files/themes/pmahomme/img/sprites.png
INFO: [ app_init ] --START--
INFO: Run Behavior\BuildLiteBehavior [ RunTime:0.000017s ]
INFO: [ app_init ] --END-- [ RunTime:0.000378s ]
ERR: 无法加载模块:Public

[ 2017-05-14T01:24:54+08:00 ] 183.26.244.102 /Public/add_table_files/themes/pmahomme/img/left_nav_bg.png
INFO: [ app_init ] --START--
INFO: Run Behavior\BuildLiteBehavior [ RunTime:0.000018s ]
INFO: [ app_init ] --END-- [ RunTime:0.000322s ]
ERR: 无法加载模块:Public

[ 2017-05-14T01:24:54+08:00 ] 183.26.244.102 /Public/add_table_files/themes/pmahomme/img/sprites.png
INFO: [ app_init ] --START--
INFO: Run Behavior\BuildLiteBehavior [ RunTime:0.000020s ]
INFO: [ app_init ] --END-- [ RunTime:0.000385s ]
ERR: 无法加载模块:Public

[ 2017-05-14T01:25:09+08:00 ] 183.26.244.102 /Public/add_table_files/themes/pmahomme/img/left_nav_bg.png
INFO: [ app_init ] --START--
INFO: Run Behavior\BuildLiteBehavior [ RunTime:0.000015s ]
INFO: [ app_init ] --END-- [ RunTime:0.000266s ]
ERR: 无法加载模块:Public

[ 2017-05-14T01:25:09+08:00 ] 183.26.244.102 /Public/add_table_files/themes/pmahomme/img/sprites.png
INFO: [ app_init ] --START--
INFO: Run Behavior\BuildLiteBehavior [ RunTime:0.000016s ]
INFO: [ app_init ] --END-- [ RunTime:0.000280s ]
ERR: 无法加载模块:Public

[ 2017-05-14T01:25:15+08:00 ] 183.26.244.102 /Public/image/up_down_arrow.png
INFO: [ app_init ] --START--
INFO: Run Behavior\BuildLiteBehavior [ RunTime:0.000015s ]
INFO: [ app_init ] --END-- [ RunTime:0.000305s ]
ERR: 无法加载模块:Public

[ 2017-05-14T01:30:28+08:00 ] 183.26.244.102 /static/image/sidebar-icon.png
INFO: [ app_init ] --START--
INFO: Run Behavior\BuildLiteBehavior [ RunTime:0.000019s ]
INFO: [ app_init ] --END-- [ RunTime:0.000415s ]
ERR: 无法加载模块:Static

[ 2017-05-14T01:30:28+08:00 ] 183.26.244.102 /Public/img/glyphicons-halflings.png
INFO: [ app_init ] --START--
INFO: Run Behavior\BuildLiteBehavior [ RunTime:0.000025s ]
INFO: [ app_init ] --END-- [ RunTime:0.000450s ]
ERR: 无法加载模块:Public

[ 2017-05-14T01:30:31+08:00 ] 183.26.244.102 /static/image/sidebar-icon.png
INFO: [ app_init ] --START--
INFO: Run Behavior\BuildLiteBehavior [ RunTime:0.000026s ]
INFO: [ app_init ] --END-- [ RunTime:0.000454s ]
ERR: 无法加载模块:Static

[ 2017-05-14T01:31:31+08:00 ] 183.26.244.102 /Public/add_table_files/themes/pmahomme/img/left_nav_bg.png
INFO: [ app_init ] --START--
INFO: Run Behavior\BuildLiteBehavior [ RunTime:0.000021s ]
INFO: [ app_init ] --END-- [ RunTime:0.000374s ]
ERR: 无法加载模块:Public

[ 2017-05-14T01:31:31+08:00 ] 183.26.244.102 /Public/add_table_files/themes/pmahomme/img/sprites.png
INFO: [ app_init ] --START--
INFO: Run Behavior\BuildLiteBehavior [ RunTime:0.000015s ]
INFO: [ app_init ] --END-- [ RunTime:0.000293s ]
ERR: 无法加载模块:Public

[ 2017-05-14T01:31:32+08:00 ] 183.26.244.102 /Public/add_table_files/themes/pmahomme/img/sprites.png
INFO: [ app_init ] --START--
INFO: Run Behavior\BuildLiteBehavior [ RunTime:0.000021s ]
INFO: [ app_init ] --END-- [ RunTime:0.004480s ]
ERR: 无法加载模块:Public

[ 2017-05-14T01:31:32+08:00 ] 183.26.244.102 /Public/add_table_files/themes/pmahomme/img/left_nav_bg.png
INFO: [ app_init ] --START--
INFO: Run Behavior\BuildLiteBehavior [ RunTime:0.000018s ]
INFO: [ app_init ] --END-- [ RunTime:0.000430s ]
ERR: 无法加载模块:Public

[ 2017-05-14T01:31:32+08:00 ] 183.26.244.102 /Public/add_table_files/themes/pmahomme/img/sprites.png
INFO: [ app_init ] --START--
INFO: Run Behavior\BuildLiteBehavior [ RunTime:0.000017s ]
INFO: [ app_init ] --END-- [ RunTime:0.000300s ]
ERR: 无法加载模块:Public

[ 2017-05-14T01:31:32+08:00 ] 183.26.244.102 /Public/add_table_files/themes/pmahomme/img/left_nav_bg.png
INFO: [ app_init ] --START--
INFO: Run Behavior\BuildLiteBehavior [ RunTime:0.000019s ]
INFO: [ app_init ] --END-- [ RunTime:0.000538s ]
ERR: 无法加载模块:Public

[ 2017-05-14T01:31:32+08:00 ] 183.26.244.102 /Public/add_table_files/themes/pmahomme/img/sprites.png
INFO: [ app_init ] --START--
INFO: Run Behavior\BuildLiteBehavior [ RunTime:0.000021s ]
INFO: [ app_init ] --END-- [ RunTime:0.003529s ]
ERR: 无法加载模块:Public

[ 2017-05-14T01:31:32+08:00 ] 183.26.244.102 /Public/add_table_files/themes/pmahomme/img/left_nav_bg.png
INFO: [ app_init ] --START--
INFO: Run Behavior\BuildLiteBehavior [ RunTime:0.000021s ]
INFO: [ app_init ] --END-- [ RunTime:0.000393s ]
ERR: 无法加载模块:Public

[ 2017-05-14T01:31:33+08:00 ] 183.26.244.102 /Public/add_table_files/themes/pmahomme/img/sprites.png
INFO: [ app_init ] --START--
INFO: Run Behavior\BuildLiteBehavior [ RunTime:0.000020s ]
INFO: [ app_init ] --END-- [ RunTime:0.000551s ]
ERR: 无法加载模块:Public

[ 2017-05-14T01:31:33+08:00 ] 183.26.244.102 /Public/add_table_files/themes/pmahomme/img/left_nav_bg.png
INFO: [ app_init ] --START--
INFO: Run Behavior\BuildLiteBehavior [ RunTime:0.000022s ]
INFO: [ app_init ] --END-- [ RunTime:0.000439s ]
ERR: 无法加载模块:Public

[ 2017-05-14T01:31:33+08:00 ] 183.26.244.102 /Public/add_table_files/themes/pmahomme/img/sprites.png
INFO: [ app_init ] --START--
INFO: Run Behavior\BuildLiteBehavior [ RunTime:0.000018s ]
INFO: [ app_init ] --END-- [ RunTime:0.000395s ]
ERR: 无法加载模块:Public

[ 2017-05-14T01:31:33+08:00 ] 183.26.244.102 /Public/add_table_files/themes/pmahomme/img/left_nav_bg.png
INFO: [ app_init ] --START--
INFO: Run Behavior\BuildLiteBehavior [ RunTime:0.000021s ]
INFO: [ app_init ] --END-- [ RunTime:0.000425s ]
ERR: 无法加载模块:Public

[ 2017-05-14T01:31:33+08:00 ] 183.26.244.102 /Public/add_table_files/themes/pmahomme/img/sprites.png
INFO: [ app_init ] --START--
INFO: Run Behavior\BuildLiteBehavior [ RunTime:0.000022s ]
INFO: [ app_init ] --END-- [ RunTime:0.000434s ]
ERR: 无法加载模块:Public

[ 2017-05-14T01:31:33+08:00 ] 183.26.244.102 /Public/add_table_files/themes/pmahomme/img/left_nav_bg.png
INFO: [ app_init ] --START--
INFO: Run Behavior\BuildLiteBehavior [ RunTime:0.000020s ]
INFO: [ app_init ] --END-- [ RunTime:0.000293s ]
ERR: 无法加载模块:Public

[ 2017-05-14T01:31:33+08:00 ] 183.26.244.102 /Public/add_table_files/themes/pmahomme/img/left_nav_bg.png
INFO: [ app_init ] --START--
INFO: Run Behavior\BuildLiteBehavior [ RunTime:0.000024s ]
INFO: [ app_init ] --END-- [ RunTime:0.000383s ]
ERR: 无法加载模块:Public

[ 2017-05-14T01:31:33+08:00 ] 183.26.244.102 /Public/add_table_files/themes/pmahomme/img/sprites.png
INFO: [ app_init ] --START--
INFO: Run Behavior\BuildLiteBehavior [ RunTime:0.000021s ]
INFO: [ app_init ] --END-- [ RunTime:0.000372s ]
ERR: 无法加载模块:Public

[ 2017-05-14T01:31:34+08:00 ] 183.26.244.102 /Public/add_table_files/themes/pmahomme/img/left_nav_bg.png
INFO: [ app_init ] --START--
INFO: Run Behavior\BuildLiteBehavior [ RunTime:0.000017s ]
INFO: [ app_init ] --END-- [ RunTime:0.000287s ]
ERR: 无法加载模块:Public

[ 2017-05-14T01:31:34+08:00 ] 183.26.244.102 /Public/add_table_files/themes/pmahomme/img/sprites.png
INFO: [ app_init ] --START--
INFO: Run Behavior\BuildLiteBehavior [ RunTime:0.000016s ]
INFO: [ app_init ] --END-- [ RunTime:0.000427s ]
ERR: 无法加载模块:Public

[ 2017-05-14T01:31:34+08:00 ] 183.26.244.102 /Public/add_table_files/themes/pmahomme/img/sprites.png
INFO: [ app_init ] --START--
INFO: Run Behavior\BuildLiteBehavior [ RunTime:0.000026s ]
INFO: [ app_init ] --END-- [ RunTime:0.000468s ]
ERR: 无法加载模块:Public

[ 2017-05-14T01:31:34+08:00 ] 183.26.244.102 /Public/add_table_files/themes/pmahomme/img/left_nav_bg.png
INFO: [ app_init ] --START--
INFO: Run Behavior\BuildLiteBehavior [ RunTime:0.000022s ]
INFO: [ app_init ] --END-- [ RunTime:0.000394s ]
ERR: 无法加载模块:Public

[ 2017-05-14T01:31:34+08:00 ] 183.26.244.102 /Public/add_table_files/themes/pmahomme/img/left_nav_bg.png
INFO: [ app_init ] --START--
INFO: Run Behavior\BuildLiteBehavior [ RunTime:0.000023s ]
INFO: [ app_init ] --END-- [ RunTime:0.000512s ]
ERR: 无法加载模块:Public

[ 2017-05-14T01:31:34+08:00 ] 183.26.244.102 /Public/add_table_files/themes/pmahomme/img/sprites.png
INFO: [ app_init ] --START--
INFO: Run Behavior\BuildLiteBehavior [ RunTime:0.000022s ]
INFO: [ app_init ] --END-- [ RunTime:0.000454s ]
ERR: 无法加载模块:Public

[ 2017-05-14T01:31:34+08:00 ] 183.26.244.102 /Public/add_table_files/themes/pmahomme/img/sprites.png
INFO: [ app_init ] --START--
INFO: Run Behavior\BuildLiteBehavior [ RunTime:0.000017s ]
INFO: [ app_init ] --END-- [ RunTime:0.002113s ]
ERR: 无法加载模块:Public

[ 2017-05-14T01:31:34+08:00 ] 183.26.244.102 /Public/add_table_files/themes/pmahomme/img/left_nav_bg.png
INFO: [ app_init ] --START--
INFO: Run Behavior\BuildLiteBehavior [ RunTime:0.000015s ]
INFO: [ app_init ] --END-- [ RunTime:0.000278s ]
ERR: 无法加载模块:Public

[ 2017-05-14T01:31:47+08:00 ] 183.26.244.102 /Public/add_table_files/themes/pmahomme/img/sprites.png
INFO: [ app_init ] --START--
INFO: Run Behavior\BuildLiteBehavior [ RunTime:0.000019s ]
INFO: [ app_init ] --END-- [ RunTime:0.000361s ]
ERR: 无法加载模块:Public

[ 2017-05-14T01:31:47+08:00 ] 183.26.244.102 /Public/add_table_files/themes/pmahomme/img/left_nav_bg.png
INFO: [ app_init ] --START--
INFO: Run Behavior\BuildLiteBehavior [ RunTime:0.000021s ]
INFO: [ app_init ] --END-- [ RunTime:0.003396s ]
ERR: 无法加载模块:Public

[ 2017-05-14T01:31:47+08:00 ] 183.26.244.102 /Public/add_table_files/themes/pmahomme/img/sprites.png
INFO: [ app_init ] --START--
INFO: Run Behavior\BuildLiteBehavior [ RunTime:0.000019s ]
INFO: [ app_init ] --END-- [ RunTime:0.000447s ]
ERR: 无法加载模块:Public

[ 2017-05-14T01:31:47+08:00 ] 183.26.244.102 /Public/add_table_files/themes/pmahomme/img/left_nav_bg.png
INFO: [ app_init ] --START--
INFO: Run Behavior\BuildLiteBehavior [ RunTime:0.000024s ]
INFO: [ app_init ] --END-- [ RunTime:0.000449s ]
ERR: 无法加载模块:Public

[ 2017-05-14T01:31:48+08:00 ] 183.26.244.102 /Public/add_table_files/themes/pmahomme/img/left_nav_bg.png
INFO: [ app_init ] --START--
INFO: Run Behavior\BuildLiteBehavior [ RunTime:0.000012s ]
INFO: [ app_init ] --END-- [ RunTime:0.000251s ]
ERR: 无法加载模块:Public

[ 2017-05-14T01:31:48+08:00 ] 183.26.244.102 /Public/add_table_files/themes/pmahomme/img/sprites.png
INFO: [ app_init ] --START--
INFO: Run Behavior\BuildLiteBehavior [ RunTime:0.000016s ]
INFO: [ app_init ] --END-- [ RunTime:0.000269s ]
ERR: 无法加载模块:Public

[ 2017-05-14T01:31:48+08:00 ] 183.26.244.102 /Public/add_table_files/themes/pmahomme/img/left_nav_bg.png
INFO: [ app_init ] --START--
INFO: Run Behavior\BuildLiteBehavior [ RunTime:0.000016s ]
INFO: [ app_init ] --END-- [ RunTime:0.000318s ]
ERR: 无法加载模块:Public

[ 2017-05-14T01:31:48+08:00 ] 183.26.244.102 /Public/add_table_files/themes/pmahomme/img/sprites.png
INFO: [ app_init ] --START--
INFO: Run Behavior\BuildLiteBehavior [ RunTime:0.000022s ]
INFO: [ app_init ] --END-- [ RunTime:0.000356s ]
ERR: 无法加载模块:Public

[ 2017-05-14T01:31:48+08:00 ] 183.26.244.102 /Public/add_table_files/themes/pmahomme/img/left_nav_bg.png
INFO: [ app_init ] --START--
INFO: Run Behavior\BuildLiteBehavior [ RunTime:0.000014s ]
INFO: [ app_init ] --END-- [ RunTime:0.000278s ]
ERR: 无法加载模块:Public

[ 2017-05-14T01:31:48+08:00 ] 183.26.244.102 /Public/add_table_files/themes/pmahomme/img/sprites.png
INFO: [ app_init ] --START--
INFO: Run Behavior\BuildLiteBehavior [ RunTime:0.000022s ]
INFO: [ app_init ] --END-- [ RunTime:0.002526s ]
ERR: 无法加载模块:Public

[ 2017-05-14T01:31:48+08:00 ] 183.26.244.102 /Public/add_table_files/themes/pmahomme/img/left_nav_bg.png
INFO: [ app_init ] --START--
INFO: Run Behavior\BuildLiteBehavior [ RunTime:0.000016s ]
INFO: [ app_init ] --END-- [ RunTime:0.000303s ]
ERR: 无法加载模块:Public

[ 2017-05-14T01:31:48+08:00 ] 183.26.244.102 /Public/add_table_files/themes/pmahomme/img/sprites.png
INFO: [ app_init ] --START--
INFO: Run Behavior\BuildLiteBehavior [ RunTime:0.000015s ]
INFO: [ app_init ] --END-- [ RunTime:0.000275s ]
ERR: 无法加载模块:Public

[ 2017-05-14T01:32:08+08:00 ] 183.26.244.102 /Public/add_table_files/themes/pmahomme/img/left_nav_bg.png
INFO: [ app_init ] --START--
INFO: Run Behavior\BuildLiteBehavior [ RunTime:0.000015s ]
INFO: [ app_init ] --END-- [ RunTime:0.000321s ]
ERR: 无法加载模块:Public

[ 2017-05-14T01:32:08+08:00 ] 183.26.244.102 /Public/add_table_files/themes/pmahomme/img/sprites.png
INFO: [ app_init ] --START--
INFO: Run Behavior\BuildLiteBehavior [ RunTime:0.000031s ]
INFO: [ app_init ] --END-- [ RunTime:0.003496s ]
ERR: 无法加载模块:Public

[ 2017-05-14T01:32:09+08:00 ] 183.26.244.102 /Public/add_table_files/themes/pmahomme/img/sprites.png
INFO: [ app_init ] --START--
INFO: Run Behavior\BuildLiteBehavior [ RunTime:0.000017s ]
INFO: [ app_init ] --END-- [ RunTime:0.000283s ]
ERR: 无法加载模块:Public

[ 2017-05-14T01:32:09+08:00 ] 183.26.244.102 /Public/add_table_files/themes/pmahomme/img/left_nav_bg.png
INFO: [ app_init ] --START--
INFO: Run Behavior\BuildLiteBehavior [ RunTime:0.000015s ]
INFO: [ app_init ] --END-- [ RunTime:0.000291s ]
ERR: 无法加载模块:Public

[ 2017-05-14T01:34:05+08:00 ] 183.26.244.102 /Public/add_table_files/themes/pmahomme/img/sprites.png
INFO: [ app_init ] --START--
INFO: Run Behavior\BuildLiteBehavior [ RunTime:0.000014s ]
INFO: [ app_init ] --END-- [ RunTime:0.000296s ]
ERR: 无法加载模块:Public

[ 2017-05-14T01:34:05+08:00 ] 183.26.244.102 /Public/add_table_files/themes/pmahomme/img/left_nav_bg.png
INFO: [ app_init ] --START--
INFO: Run Behavior\BuildLiteBehavior [ RunTime:0.000023s ]
INFO: [ app_init ] --END-- [ RunTime:0.000335s ]
ERR: 无法加载模块:Public

[ 2017-05-14T01:35:37+08:00 ] 183.26.244.102 /Public/add_table_files/themes/pmahomme/img/sprites.png
INFO: [ app_init ] --START--
INFO: Run Behavior\BuildLiteBehavior [ RunTime:0.000026s ]
INFO: [ app_init ] --END-- [ RunTime:0.000456s ]
ERR: 无法加载模块:Public

[ 2017-05-14T01:35:37+08:00 ] 183.26.244.102 /Public/add_table_files/themes/pmahomme/img/left_nav_bg.png
INFO: [ app_init ] --START--
INFO: Run Behavior\BuildLiteBehavior [ RunTime:0.000025s ]
INFO: [ app_init ] --END-- [ RunTime:0.003497s ]
ERR: 无法加载模块:Public

[ 2017-05-14T01:35:38+08:00 ] 183.26.244.102 /Public/add_table_files/themes/pmahomme/img/sprites.png
INFO: [ app_init ] --START--
INFO: Run Behavior\BuildLiteBehavior [ RunTime:0.000021s ]
INFO: [ app_init ] --END-- [ RunTime:0.000339s ]
ERR: 无法加载模块:Public

[ 2017-05-14T01:35:38+08:00 ] 183.26.244.102 /Public/add_table_files/themes/pmahomme/img/left_nav_bg.png
INFO: [ app_init ] --START--
INFO: Run Behavior\BuildLiteBehavior [ RunTime:0.000020s ]
INFO: [ app_init ] --END-- [ RunTime:0.000374s ]
ERR: 无法加载模块:Public

[ 2017-05-14T01:36:01+08:00 ] 183.26.244.102 /Public/banner.png
INFO: [ app_init ] --START--
INFO: Run Behavior\BuildLiteBehavior [ RunTime:0.000017s ]
INFO: [ app_init ] --END-- [ RunTime:0.000348s ]
ERR: 无法加载模块:Public

[ 2017-05-14T01:36:01+08:00 ] 183.26.244.102 /Public/add_table_files/themes/pmahomme/img/sprites.png
INFO: [ app_init ] --START--
INFO: Run Behavior\BuildLiteBehavior [ RunTime:0.000020s ]
INFO: [ app_init ] --END-- [ RunTime:0.000359s ]
ERR: 无法加载模块:Public

[ 2017-05-14T01:36:01+08:00 ] 183.26.244.102 /Public/add_table_files/themes/pmahomme/img/left_nav_bg.png
INFO: [ app_init ] --START--
INFO: Run Behavior\BuildLiteBehavior [ RunTime:0.000019s ]
INFO: [ app_init ] --END-- [ RunTime:0.000409s ]
ERR: 无法加载模块:Public

[ 2017-05-14T01:36:02+08:00 ] 183.26.244.102 /Public/banner.png
INFO: [ app_init ] --START--
INFO: Run Behavior\BuildLiteBehavior [ RunTime:0.000029s ]
INFO: [ app_init ] --END-- [ RunTime:0.000513s ]
ERR: 无法加载模块:Public

[ 2017-05-14T01:36:02+08:00 ] 183.26.244.102 /Public/add_table_files/themes/pmahomme/img/sprites.png
INFO: [ app_init ] --START--
INFO: Run Behavior\BuildLiteBehavior [ RunTime:0.000026s ]
INFO: [ app_init ] --END-- [ RunTime:0.000448s ]
ERR: 无法加载模块:Public

[ 2017-05-14T01:36:02+08:00 ] 183.26.244.102 /Public/add_table_files/themes/pmahomme/img/left_nav_bg.png
INFO: [ app_init ] --START--
INFO: Run Behavior\BuildLiteBehavior [ RunTime:0.000024s ]
INFO: [ app_init ] --END-- [ RunTime:0.000488s ]
ERR: 无法加载模块:Public

[ 2017-05-14T01:36:33+08:00 ] 183.26.244.102 /Public/add_table_files/themes/pmahomme/img/sprites.png
INFO: [ app_init ] --START--
INFO: Run Behavior\BuildLiteBehavior [ RunTime:0.000021s ]
INFO: [ app_init ] --END-- [ RunTime:0.000320s ]
ERR: 无法加载模块:Public

[ 2017-05-14T01:36:33+08:00 ] 183.26.244.102 /Public/add_table_files/themes/pmahomme/img/left_nav_bg.png
INFO: [ app_init ] --START--
INFO: Run Behavior\BuildLiteBehavior [ RunTime:0.000014s ]
INFO: [ app_init ] --END-- [ RunTime:0.000299s ]
ERR: 无法加载模块:Public

[ 2017-05-14T01:36:34+08:00 ] 183.26.244.102 /Public/add_table_files/themes/pmahomme/img/sprites.png
INFO: [ app_init ] --START--
INFO: Run Behavior\BuildLiteBehavior [ RunTime:0.000013s ]
INFO: [ app_init ] --END-- [ RunTime:0.000275s ]
ERR: 无法加载模块:Public

[ 2017-05-14T01:36:34+08:00 ] 183.26.244.102 /Public/add_table_files/themes/pmahomme/img/left_nav_bg.png
INFO: [ app_init ] --START--
INFO: Run Behavior\BuildLiteBehavior [ RunTime:0.000017s ]
INFO: [ app_init ] --END-- [ RunTime:0.000289s ]
ERR: 无法加载模块:Public

[ 2017-05-14T01:36:34+08:00 ] 183.26.244.102 /Public/add_table_files/themes/pmahomme/img/left_nav_bg.png
INFO: [ app_init ] --START--
INFO: Run Behavior\BuildLiteBehavior [ RunTime:0.000016s ]
INFO: [ app_init ] --END-- [ RunTime:0.000288s ]
ERR: 无法加载模块:Public

[ 2017-05-14T01:36:34+08:00 ] 183.26.244.102 /Public/add_table_files/themes/pmahomme/img/sprites.png
INFO: [ app_init ] --START--
INFO: Run Behavior\BuildLiteBehavior [ RunTime:0.000016s ]
INFO: [ app_init ] --END-- [ RunTime:0.000277s ]
ERR: 无法加载模块:Public

[ 2017-05-14T01:36:35+08:00 ] 183.26.244.102 /Public/add_table_files/themes/pmahomme/img/sprites.png
INFO: [ app_init ] --START--
INFO: Run Behavior\BuildLiteBehavior [ RunTime:0.000016s ]
INFO: [ app_init ] --END-- [ RunTime:0.000279s ]
ERR: 无法加载模块:Public

[ 2017-05-14T01:36:35+08:00 ] 183.26.244.102 /Public/add_table_files/themes/pmahomme/img/left_nav_bg.png
INFO: [ app_init ] --START--
INFO: Run Behavior\BuildLiteBehavior [ RunTime:0.000020s ]
INFO: [ app_init ] --END-- [ RunTime:0.000406s ]
ERR: 无法加载模块:Public

[ 2017-05-14T01:36:35+08:00 ] 183.26.244.102 /Public/add_table_files/themes/pmahomme/img/left_nav_bg.png
INFO: [ app_init ] --START--
INFO: Run Behavior\BuildLiteBehavior [ RunTime:0.000016s ]
INFO: [ app_init ] --END-- [ RunTime:0.000266s ]
ERR: 无法加载模块:Public

[ 2017-05-14T01:36:35+08:00 ] 183.26.244.102 /Public/add_table_files/themes/pmahomme/img/sprites.png
INFO: [ app_init ] --START--
INFO: Run Behavior\BuildLiteBehavior [ RunTime:0.000015s ]
INFO: [ app_init ] --END-- [ RunTime:0.000284s ]
ERR: 无法加载模块:Public

[ 2017-05-14T06:23:52+08:00 ] 5.255.253.53 /robots.txt
INFO: [ app_init ] --START--
INFO: Run Behavior\BuildLiteBehavior [ RunTime:0.000016s ]
INFO: [ app_init ] --END-- [ RunTime:0.000312s ]
ERR: 无法加载模块:Robots

[ 2017-05-14T11:36:09+08:00 ] 183.26.244.102 /favicon.ico
INFO: [ app_init ] --START--
INFO: Run Behavior\BuildLiteBehavior [ RunTime:0.000017s ]
INFO: [ app_init ] --END-- [ RunTime:0.000295s ]
ERR: 无法加载模块:Favicon

[ 2017-05-14T11:36:14+08:00 ] 183.26.244.102 /Public/image/up_down_arrow.png
INFO: [ app_init ] --START--
INFO: Run Behavior\BuildLiteBehavior [ RunTime:0.000017s ]
INFO: [ app_init ] --END-- [ RunTime:0.000358s ]
ERR: 无法加载模块:Public

[ 2017-05-14T11:36:23+08:00 ] 183.26.244.102 /static/image/sidebar-icon.png
INFO: [ app_init ] --START--
INFO: Run Behavior\BuildLiteBehavior [ RunTime:0.000021s ]
INFO: [ app_init ] --END-- [ RunTime:0.000325s ]
ERR: 无法加载模块:Static

[ 2017-05-14T11:36:23+08:00 ] 183.26.244.102 /Public/img/glyphicons-halflings.png
INFO: [ app_init ] --START--
INFO: Run Behavior\BuildLiteBehavior [ RunTime:0.000024s ]
INFO: [ app_init ] --END-- [ RunTime:0.000408s ]
ERR: 无法加载模块:Public

[ 2017-05-14T11:36:27+08:00 ] 183.26.244.102 /static/image/sidebar-icon.png
INFO: [ app_init ] --START--
INFO: Run Behavior\BuildLiteBehavior [ RunTime:0.000016s ]
INFO: [ app_init ] --END-- [ RunTime:0.000299s ]
ERR: 无法加载模块:Static

[ 2017-05-14T11:36:44+08:00 ] 183.26.244.102 /Public/add_table_files/themes/pmahomme/img/left_nav_bg.png
INFO: [ app_init ] --START--
INFO: Run Behavior\BuildLiteBehavior [ RunTime:0.000018s ]
INFO: [ app_init ] --END-- [ RunTime:0.000359s ]
ERR: 无法加载模块:Public

[ 2017-05-14T11:36:44+08:00 ] 183.26.244.102 /Public/add_table_files/themes/pmahomme/img/sprites.png
INFO: [ app_init ] --START--
INFO: Run Behavior\BuildLiteBehavior [ RunTime:0.000022s ]
INFO: [ app_init ] --END-- [ RunTime:0.000339s ]
ERR: 无法加载模块:Public

[ 2017-05-14T11:36:48+08:00 ] 183.26.244.102 /Public/add_table_files/themes/pmahomme/img/sprites.png
INFO: [ app_init ] --START--
INFO: Run Behavior\BuildLiteBehavior [ RunTime:0.000025s ]
INFO: [ app_init ] --END-- [ RunTime:0.000415s ]
ERR: 无法加载模块:Public

[ 2017-05-14T11:36:48+08:00 ] 183.26.244.102 /Public/add_table_files/themes/pmahomme/img/left_nav_bg.png
INFO: [ app_init ] --START--
INFO: Run Behavior\BuildLiteBehavior [ RunTime:0.000020s ]
INFO: [ app_init ] --END-- [ RunTime:0.000356s ]
ERR: 无法加载模块:Public

[ 2017-05-14T11:36:49+08:00 ] 183.26.244.102 /Public/add_table_files/themes/pmahomme/img/left_nav_bg.png
INFO: [ app_init ] --START--
INFO: Run Behavior\BuildLiteBehavior [ RunTime:0.000022s ]
INFO: [ app_init ] --END-- [ RunTime:0.000360s ]
ERR: 无法加载模块:Public

[ 2017-05-14T11:36:49+08:00 ] 183.26.244.102 /Public/add_table_files/themes/pmahomme/img/sprites.png
INFO: [ app_init ] --START--
INFO: Run Behavior\BuildLiteBehavior [ RunTime:0.000019s ]
INFO: [ app_init ] --END-- [ RunTime:0.000389s ]
ERR: 无法加载模块:Public

[ 2017-05-14T11:36:49+08:00 ] 183.26.244.102 /Public/add_table_files/themes/pmahomme/img/sprites.png
INFO: [ app_init ] --START--
INFO: Run Behavior\BuildLiteBehavior [ RunTime:0.000025s ]
INFO: [ app_init ] --END-- [ RunTime:0.000424s ]
ERR: 无法加载模块:Public

[ 2017-05-14T11:36:49+08:00 ] 183.26.244.102 /Public/add_table_files/themes/pmahomme/img/left_nav_bg.png
INFO: [ app_init ] --START--
INFO: Run Behavior\BuildLiteBehavior [ RunTime:0.000020s ]
INFO: [ app_init ] --END-- [ RunTime:0.000489s ]
ERR: 无法加载模块:Public

[ 2017-05-14T11:36:50+08:00 ] 183.26.244.102 /Public/add_table_files/themes/pmahomme/img/sprites.png
INFO: [ app_init ] --START--
INFO: Run Behavior\BuildLiteBehavior [ RunTime:0.000024s ]
INFO: [ app_init ] --END-- [ RunTime:0.000451s ]
ERR: 无法加载模块:Public

[ 2017-05-14T11:36:50+08:00 ] 183.26.244.102 /Public/add_table_files/themes/pmahomme/img/left_nav_bg.png
INFO: [ app_init ] --START--
INFO: Run Behavior\BuildLiteBehavior [ RunTime:0.000032s ]
INFO: [ app_init ] --END-- [ RunTime:0.004027s ]
ERR: 无法加载模块:Public

[ 2017-05-14T11:38:22+08:00 ] 183.26.244.102 /Public/add_table_files/themes/pmahomme/img/sprites.png
INFO: [ app_init ] --START--
INFO: Run Behavior\BuildLiteBehavior [ RunTime:0.000019s ]
INFO: [ app_init ] --END-- [ RunTime:0.000418s ]
ERR: 无法加载模块:Public

[ 2017-05-14T11:38:22+08:00 ] 183.26.244.102 /Public/add_table_files/themes/pmahomme/img/left_nav_bg.png
INFO: [ app_init ] --START--
INFO: Run Behavior\BuildLiteBehavior [ RunTime:0.000026s ]
INFO: [ app_init ] --END-- [ RunTime:0.000475s ]
ERR: 无法加载模块:Public

[ 2017-05-14T11:38:37+08:00 ] 183.26.244.102 /Public/add_table_files/themes/pmahomme/img/left_nav_bg.png
INFO: [ app_init ] --START--
INFO: Run Behavior\BuildLiteBehavior [ RunTime:0.000023s ]
INFO: [ app_init ] --END-- [ RunTime:0.000416s ]
ERR: 无法加载模块:Public

[ 2017-05-14T11:38:37+08:00 ] 183.26.244.102 /Public/add_table_files/themes/pmahomme/img/sprites.png
INFO: [ app_init ] --START--
INFO: Run Behavior\BuildLiteBehavior [ RunTime:0.000022s ]
INFO: [ app_init ] --END-- [ RunTime:0.000465s ]
ERR: 无法加载模块:Public

[ 2017-05-14T11:38:37+08:00 ] 183.26.244.102 /Public/add_table_files/themes/pmahomme/img/sprites.png
INFO: [ app_init ] --START--
INFO: Run Behavior\BuildLiteBehavior [ RunTime:0.000018s ]
INFO: [ app_init ] --END-- [ RunTime:0.000284s ]
ERR: 无法加载模块:Public

[ 2017-05-14T11:38:37+08:00 ] 183.26.244.102 /Public/add_table_files/themes/pmahomme/img/left_nav_bg.png
INFO: [ app_init ] --START--
INFO: Run Behavior\BuildLiteBehavior [ RunTime:0.000019s ]
INFO: [ app_init ] --END-- [ RunTime:0.000355s ]
ERR: 无法加载模块:Public

[ 2017-05-14T11:38:52+08:00 ] 183.26.244.102 /Public/add_table_files/themes/pmahomme/img/left_nav_bg.png
INFO: [ app_init ] --START--
INFO: Run Behavior\BuildLiteBehavior [ RunTime:0.000020s ]
INFO: [ app_init ] --END-- [ RunTime:0.000385s ]
ERR: 无法加载模块:Public

[ 2017-05-14T11:38:52+08:00 ] 183.26.244.102 /Public/add_table_files/themes/pmahomme/img/sprites.png
INFO: [ app_init ] --START--
INFO: Run Behavior\BuildLiteBehavior [ RunTime:0.000022s ]
INFO: [ app_init ] --END-- [ RunTime:0.000310s ]
ERR: 无法加载模块:Public

[ 2017-05-14T11:38:53+08:00 ] 183.26.244.102 /Public/add_table_files/themes/pmahomme/img/sprites.png
INFO: [ app_init ] --START--
INFO: Run Behavior\BuildLiteBehavior [ RunTime:0.000016s ]
INFO: [ app_init ] --END-- [ RunTime:0.000275s ]
ERR: 无法加载模块:Public

[ 2017-05-14T11:38:53+08:00 ] 183.26.244.102 /Public/add_table_files/themes/pmahomme/img/left_nav_bg.png
INFO: [ app_init ] --START--
INFO: Run Behavior\BuildLiteBehavior [ RunTime:0.000021s ]
INFO: [ app_init ] --END-- [ RunTime:0.000329s ]
ERR: 无法加载模块:Public

[ 2017-05-14T11:38:54+08:00 ] 183.26.244.102 /Public/add_table_files/themes/pmahomme/img/left_nav_bg.png
INFO: [ app_init ] --START--
INFO: Run Behavior\BuildLiteBehavior [ RunTime:0.000020s ]
INFO: [ app_init ] --END-- [ RunTime:0.003164s ]
ERR: 无法加载模块:Public

[ 2017-05-14T11:38:54+08:00 ] 183.26.244.102 /Public/add_table_files/themes/pmahomme/img/sprites.png
INFO: [ app_init ] --START--
INFO: Run Behavior\BuildLiteBehavior [ RunTime:0.000017s ]
INFO: [ app_init ] --END-- [ RunTime:0.000309s ]
ERR: 无法加载模块:Public

[ 2017-05-14T11:39:43+08:00 ] 183.26.244.102 /Public/add_table_files/themes/pmahomme/img/left_nav_bg.png
INFO: [ app_init ] --START--
INFO: Run Behavior\BuildLiteBehavior [ RunTime:0.000018s ]
INFO: [ app_init ] --END-- [ RunTime:0.000422s ]
ERR: 无法加载模块:Public

[ 2017-05-14T11:39:43+08:00 ] 183.26.244.102 /Public/add_table_files/themes/pmahomme/img/sprites.png
INFO: [ app_init ] --START--
INFO: Run Behavior\BuildLiteBehavior [ RunTime:0.000023s ]
INFO: [ app_init ] --END-- [ RunTime:0.000430s ]
ERR: 无法加载模块:Public

[ 2017-05-14T11:39:46+08:00 ] 183.26.244.102 /static/image/sidebar-icon.png
INFO: [ app_init ] --START--
INFO: Run Behavior\BuildLiteBehavior [ RunTime:0.000023s ]
INFO: [ app_init ] --END-- [ RunTime:0.000409s ]
ERR: 无法加载模块:Static

[ 2017-05-14T11:39:46+08:00 ] 183.26.244.102 /Public/img/glyphicons-halflings.png
INFO: [ app_init ] --START--
INFO: Run Behavior\BuildLiteBehavior [ RunTime:0.000017s ]
INFO: [ app_init ] --END-- [ RunTime:0.000295s ]
ERR: 无法加载模块:Public

[ 2017-05-14T11:40:36+08:00 ] 183.26.244.102 /static/image/sidebar-icon.png
INFO: [ app_init ] --START--
INFO: Run Behavior\BuildLiteBehavior [ RunTime:0.000020s ]
INFO: [ app_init ] --END-- [ RunTime:0.000319s ]
ERR: 无法加载模块:Static

[ 2017-05-14T11:40:36+08:00 ] 183.26.244.102 /Public/img/glyphicons-halflings.png
INFO: [ app_init ] --START--
INFO: Run Behavior\BuildLiteBehavior [ RunTime:0.000015s ]
INFO: [ app_init ] --END-- [ RunTime:0.000277s ]
ERR: 无法加载模块:Public

[ 2017-05-14T11:40:38+08:00 ] 183.26.244.102 /static/image/sidebar-icon.png
INFO: [ app_init ] --START--
INFO: Run Behavior\BuildLiteBehavior [ RunTime:0.000023s ]
INFO: [ app_init ] --END-- [ RunTime:0.000437s ]
ERR: 无法加载模块:Static

[ 2017-05-14T11:40:41+08:00 ] 183.26.244.102 /Public/add_table_files/themes/pmahomme/img/sprites.png
INFO: [ app_init ] --START--
INFO: Run Behavior\BuildLiteBehavior [ RunTime:0.000015s ]
INFO: [ app_init ] --END-- [ RunTime:0.000312s ]
ERR: 无法加载模块:Public

[ 2017-05-14T11:40:41+08:00 ] 183.26.244.102 /Public/add_table_files/themes/pmahomme/img/left_nav_bg.png
INFO: [ app_init ] --START--
INFO: Run Behavior\BuildLiteBehavior [ RunTime:0.000022s ]
INFO: [ app_init ] --END-- [ RunTime:0.003724s ]
ERR: 无法加载模块:Public

[ 2017-05-14T11:40:42+08:00 ] 183.26.244.102 /Public/add_table_files/themes/pmahomme/img/left_nav_bg.png
INFO: [ app_init ] --START--
INFO: Run Behavior\BuildLiteBehavior [ RunTime:0.000022s ]
INFO: [ app_init ] --END-- [ RunTime:0.000292s ]
ERR: 无法加载模块:Public

[ 2017-05-14T11:40:42+08:00 ] 183.26.244.102 /Public/add_table_files/themes/pmahomme/img/sprites.png
INFO: [ app_init ] --START--
INFO: Run Behavior\BuildLiteBehavior [ RunTime:0.000019s ]
INFO: [ app_init ] --END-- [ RunTime:0.000297s ]
ERR: 无法加载模块:Public

[ 2017-05-14T11:40:42+08:00 ] 183.26.244.102 /Public/add_table_files/themes/pmahomme/img/sprites.png
INFO: [ app_init ] --START--
INFO: Run Behavior\BuildLiteBehavior [ RunTime:0.000021s ]
INFO: [ app_init ] --END-- [ RunTime:0.000413s ]
ERR: 无法加载模块:Public

[ 2017-05-14T11:40:42+08:00 ] 183.26.244.102 /Public/add_table_files/themes/pmahomme/img/left_nav_bg.png
INFO: [ app_init ] --START--
INFO: Run Behavior\BuildLiteBehavior [ RunTime:0.000020s ]
INFO: [ app_init ] --END-- [ RunTime:0.000327s ]
ERR: 无法加载模块:Public

[ 2017-05-14T11:40:42+08:00 ] 183.26.244.102 /Public/add_table_files/themes/pmahomme/img/sprites.png
INFO: [ app_init ] --START--
INFO: Run Behavior\BuildLiteBehavior [ RunTime:0.000023s ]
INFO: [ app_init ] --END-- [ RunTime:0.000403s ]
ERR: 无法加载模块:Public

[ 2017-05-14T11:40:42+08:00 ] 183.26.244.102 /Public/add_table_files/themes/pmahomme/img/left_nav_bg.png
INFO: [ app_init ] --START--
INFO: Run Behavior\BuildLiteBehavior [ RunTime:0.000014s ]
INFO: [ app_init ] --END-- [ RunTime:0.000272s ]
ERR: 无法加载模块:Public

[ 2017-05-14T11:40:43+08:00 ] 183.26.244.102 /Public/add_table_files/themes/pmahomme/img/sprites.png
INFO: [ app_init ] --START--
INFO: Run Behavior\BuildLiteBehavior [ RunTime:0.000022s ]
INFO: [ app_init ] --END-- [ RunTime:0.000412s ]
ERR: 无法加载模块:Public

[ 2017-05-14T11:40:43+08:00 ] 183.26.244.102 /Public/add_table_files/themes/pmahomme/img/left_nav_bg.png
INFO: [ app_init ] --START--
INFO: Run Behavior\BuildLiteBehavior [ RunTime:0.000020s ]
INFO: [ app_init ] --END-- [ RunTime:0.000383s ]
ERR: 无法加载模块:Public

[ 2017-05-14T11:40:43+08:00 ] 183.26.244.102 /Public/add_table_files/themes/pmahomme/img/left_nav_bg.png
INFO: [ app_init ] --START--
INFO: Run Behavior\BuildLiteBehavior [ RunTime:0.000023s ]
INFO: [ app_init ] --END-- [ RunTime:0.000339s ]
ERR: 无法加载模块:Public

[ 2017-05-14T11:40:43+08:00 ] 183.26.244.102 /Public/add_table_files/themes/pmahomme/img/sprites.png
INFO: [ app_init ] --START--
INFO: Run Behavior\BuildLiteBehavior [ RunTime:0.000016s ]
INFO: [ app_init ] --END-- [ RunTime:0.000269s ]
ERR: 无法加载模块:Public

[ 2017-05-14T11:40:43+08:00 ] 183.26.244.102 /Public/add_table_files/themes/pmahomme/img/left_nav_bg.png
INFO: [ app_init ] --START--
INFO: Run Behavior\BuildLiteBehavior [ RunTime:0.000016s ]
INFO: [ app_init ] --END-- [ RunTime:0.000365s ]
ERR: 无法加载模块:Public

[ 2017-05-14T11:40:43+08:00 ] 183.26.244.102 /Public/add_table_files/themes/pmahomme/img/sprites.png
INFO: [ app_init ] --START--
INFO: Run Behavior\BuildLiteBehavior [ RunTime:0.000016s ]
INFO: [ app_init ] --END-- [ RunTime:0.000334s ]
ERR: 无法加载模块:Public

[ 2017-05-14T11:40:44+08:00 ] 183.26.244.102 /Public/add_table_files/themes/pmahomme/img/left_nav_bg.png
INFO: [ app_init ] --START--
INFO: Run Behavior\BuildLiteBehavior [ RunTime:0.000022s ]
INFO: [ app_init ] --END-- [ RunTime:0.000380s ]
ERR: 无法加载模块:Public

[ 2017-05-14T11:40:44+08:00 ] 183.26.244.102 /Public/add_table_files/themes/pmahomme/img/sprites.png
INFO: [ app_init ] --START--
INFO: Run Behavior\BuildLiteBehavior [ RunTime:0.000024s ]
INFO: [ app_init ] --END-- [ RunTime:0.003505s ]
ERR: 无法加载模块:Public

[ 2017-05-14T11:40:44+08:00 ] 183.26.244.102 /Public/add_table_files/themes/pmahomme/img/left_nav_bg.png
INFO: [ app_init ] --START--
INFO: Run Behavior\BuildLiteBehavior [ RunTime:0.000019s ]
INFO: [ app_init ] --END-- [ RunTime:0.000292s ]
ERR: 无法加载模块:Public

[ 2017-05-14T11:40:44+08:00 ] 183.26.244.102 /Public/add_table_files/themes/pmahomme/img/sprites.png
INFO: [ app_init ] --START--
INFO: Run Behavior\BuildLiteBehavior [ RunTime:0.000028s ]
INFO: [ app_init ] --END-- [ RunTime:0.000323s ]
ERR: 无法加载模块:Public

[ 2017-05-14T11:40:45+08:00 ] 183.26.244.102 /Public/add_table_files/themes/pmahomme/img/left_nav_bg.png
INFO: [ app_init ] --START--
INFO: Run Behavior\BuildLiteBehavior [ RunTime:0.000017s ]
INFO: [ app_init ] --END-- [ RunTime:0.000399s ]
ERR: 无法加载模块:Public

[ 2017-05-14T11:40:45+08:00 ] 183.26.244.102 /Public/add_table_files/themes/pmahomme/img/sprites.png
INFO: [ app_init ] --START--
INFO: Run Behavior\BuildLiteBehavior [ RunTime:0.002313s ]
INFO: [ app_init ] --END-- [ RunTime:0.002728s ]
ERR: 无法加载模块:Public

[ 2017-05-14T11:41:03+08:00 ] 183.26.244.102 /Public/add_table_files/themes/pmahomme/img/left_nav_bg.png
INFO: [ app_init ] --START--
INFO: Run Behavior\BuildLiteBehavior [ RunTime:0.000016s ]
INFO: [ app_init ] --END-- [ RunTime:0.000326s ]
ERR: 无法加载模块:Public

[ 2017-05-14T11:41:03+08:00 ] 183.26.244.102 /Public/add_table_files/themes/pmahomme/img/sprites.png
INFO: [ app_init ] --START--
INFO: Run Behavior\BuildLiteBehavior [ RunTime:0.000015s ]
INFO: [ app_init ] --END-- [ RunTime:0.000380s ]
ERR: 无法加载模块:Public

[ 2017-05-14T11:41:03+08:00 ] 183.26.244.102 /Public/add_table_files/themes/pmahomme/img/sprites.png
INFO: [ app_init ] --START--
INFO: Run Behavior\BuildLiteBehavior [ RunTime:0.000021s ]
INFO: [ app_init ] --END-- [ RunTime:0.003789s ]
ERR: 无法加载模块:Public

[ 2017-05-14T11:41:03+08:00 ] 183.26.244.102 /Public/add_table_files/themes/pmahomme/img/left_nav_bg.png
INFO: [ app_init ] --START--
INFO: Run Behavior\BuildLiteBehavior [ RunTime:0.000021s ]
INFO: [ app_init ] --END-- [ RunTime:0.000309s ]
ERR: 无法加载模块:Public

[ 2017-05-14T11:41:29+08:00 ] 183.26.244.102 /Public/add_table_files/themes/pmahomme/img/sprites.png
INFO: [ app_init ] --START--
INFO: Run Behavior\BuildLiteBehavior [ RunTime:0.000013s ]
INFO: [ app_init ] --END-- [ RunTime:0.000261s ]
ERR: 无法加载模块:Public

[ 2017-05-14T11:41:29+08:00 ] 183.26.244.102 /Public/add_table_files/themes/pmahomme/img/left_nav_bg.png
INFO: [ app_init ] --START--
INFO: Run Behavior\BuildLiteBehavior [ RunTime:0.000017s ]
INFO: [ app_init ] --END-- [ RunTime:0.000279s ]
ERR: 无法加载模块:Public

[ 2017-05-14T11:41:29+08:00 ] 183.26.244.102 /Public/add_table_files/themes/pmahomme/img/sprites.png
INFO: [ app_init ] --START--
INFO: Run Behavior\BuildLiteBehavior [ RunTime:0.000017s ]
INFO: [ app_init ] --END-- [ RunTime:0.000281s ]
ERR: 无法加载模块:Public

[ 2017-05-14T11:41:29+08:00 ] 183.26.244.102 /Public/add_table_files/themes/pmahomme/img/left_nav_bg.png
INFO: [ app_init ] --START--
INFO: Run Behavior\BuildLiteBehavior [ RunTime:0.000016s ]
INFO: [ app_init ] --END-- [ RunTime:0.000291s ]
ERR: 无法加载模块:Public

[ 2017-05-14T11:41:37+08:00 ] 183.26.244.102 /Public/add_table_files/themes/pmahomme/img/sprites.png
INFO: [ app_init ] --START--
INFO: Run Behavior\BuildLiteBehavior [ RunTime:0.000016s ]
INFO: [ app_init ] --END-- [ RunTime:0.000306s ]
ERR: 无法加载模块:Public

[ 2017-05-14T11:41:37+08:00 ] 183.26.244.102 /Public/add_table_files/themes/pmahomme/img/left_nav_bg.png
INFO: [ app_init ] --START--
INFO: Run Behavior\BuildLiteBehavior [ RunTime:0.000016s ]
INFO: [ app_init ] --END-- [ RunTime:0.000293s ]
ERR: 无法加载模块:Public

[ 2017-05-14T11:43:57+08:00 ] 183.26.244.102 /Public/add_table_files/themes/pmahomme/img/sprites.png
INFO: [ app_init ] --START--
INFO: Run Behavior\BuildLiteBehavior [ RunTime:0.000017s ]
INFO: [ app_init ] --END-- [ RunTime:0.000276s ]
ERR: 无法加载模块:Public

[ 2017-05-14T11:43:57+08:00 ] 183.26.244.102 /Public/add_table_files/themes/pmahomme/img/left_nav_bg.png
INFO: [ app_init ] --START--
INFO: Run Behavior\BuildLiteBehavior [ RunTime:0.000021s ]
INFO: [ app_init ] --END-- [ RunTime:0.000406s ]
ERR: 无法加载模块:Public

[ 2017-05-14T11:43:58+08:00 ] 183.26.244.102 /Public/add_table_files/themes/pmahomme/img/sprites.png
INFO: [ app_init ] --START--
INFO: Run Behavior\BuildLiteBehavior [ RunTime:0.000016s ]
INFO: [ app_init ] --END-- [ RunTime:0.000355s ]
ERR: 无法加载模块:Public

[ 2017-05-14T11:43:58+08:00 ] 183.26.244.102 /Public/add_table_files/themes/pmahomme/img/left_nav_bg.png
INFO: [ app_init ] --START--
INFO: Run Behavior\BuildLiteBehavior [ RunTime:0.000015s ]
INFO: [ app_init ] --END-- [ RunTime:0.000262s ]
ERR: 无法加载模块:Public

[ 2017-05-14T11:43:59+08:00 ] 183.26.244.102 /Public/add_table_files/themes/pmahomme/img/left_nav_bg.png
INFO: [ app_init ] --START--
INFO: Run Behavior\BuildLiteBehavior [ RunTime:0.000014s ]
INFO: [ app_init ] --END-- [ RunTime:0.000300s ]
ERR: 无法加载模块:Public

[ 2017-05-14T11:43:59+08:00 ] 183.26.244.102 /Public/add_table_files/themes/pmahomme/img/sprites.png
INFO: [ app_init ] --START--
INFO: Run Behavior\BuildLiteBehavior [ RunTime:0.000016s ]
INFO: [ app_init ] --END-- [ RunTime:0.000290s ]
ERR: 无法加载模块:Public

[ 2017-05-14T11:45:18+08:00 ] 183.26.244.102 /Public/add_table_files/themes/pmahomme/img/left_nav_bg.png
INFO: [ app_init ] --START--
INFO: Run Behavior\BuildLiteBehavior [ RunTime:0.000022s ]
INFO: [ app_init ] --END-- [ RunTime:0.000417s ]
ERR: 无法加载模块:Public

[ 2017-05-14T11:45:18+08:00 ] 183.26.244.102 /Public/add_table_files/themes/pmahomme/img/sprites.png
INFO: [ app_init ] --START--
INFO: Run Behavior\BuildLiteBehavior [ RunTime:0.000020s ]
INFO: [ app_init ] --END-- [ RunTime:0.000333s ]
ERR: 无法加载模块:Public

[ 2017-05-14T11:45:19+08:00 ] 183.26.244.102 /Public/add_table_files/themes/pmahomme/img/sprites.png
INFO: [ app_init ] --START--
INFO: Run Behavior\BuildLiteBehavior [ RunTime:0.000031s ]
INFO: [ app_init ] --END-- [ RunTime:0.003478s ]
ERR: 无法加载模块:Public

[ 2017-05-14T11:45:19+08:00 ] 183.26.244.102 /Public/add_table_files/themes/pmahomme/img/left_nav_bg.png
INFO: [ app_init ] --START--
INFO: Run Behavior\BuildLiteBehavior [ RunTime:0.000024s ]
INFO: [ app_init ] --END-- [ RunTime:0.000445s ]
ERR: 无法加载模块:Public

[ 2017-05-14T11:46:18+08:00 ] 183.26.244.102 /static/image/sidebar-icon.png
INFO: [ app_init ] --START--
INFO: Run Behavior\BuildLiteBehavior [ RunTime:0.000016s ]
INFO: [ app_init ] --END-- [ RunTime:0.000296s ]
ERR: 无法加载模块:Static

[ 2017-05-14T11:51:00+08:00 ] 183.26.244.102 /Public/img/glyphicons-halflings.png
INFO: [ app_init ] --START--
INFO: Run Behavior\BuildLiteBehavior [ RunTime:0.000016s ]
INFO: [ app_init ] --END-- [ RunTime:0.000359s ]
ERR: 无法加载模块:Public

[ 2017-05-14T11:51:36+08:00 ] 183.26.244.102 /Public/add_table_files/themes/pmahomme/img/left_nav_bg.png
INFO: [ app_init ] --START--
INFO: Run Behavior\BuildLiteBehavior [ RunTime:0.000022s ]
INFO: [ app_init ] --END-- [ RunTime:0.000508s ]
ERR: 无法加载模块:Public

[ 2017-05-14T11:51:36+08:00 ] 183.26.244.102 /Public/add_table_files/themes/pmahomme/img/sprites.png
INFO: [ app_init ] --START--
INFO: Run Behavior\BuildLiteBehavior [ RunTime:0.000022s ]
INFO: [ app_init ] --END-- [ RunTime:0.000463s ]
ERR: 无法加载模块:Public

[ 2017-05-14T11:52:21+08:00 ] 183.26.244.102 /Public/add_table_files/themes/pmahomme/img/left_nav_bg.png
INFO: [ app_init ] --START--
INFO: Run Behavior\BuildLiteBehavior [ RunTime:0.000025s ]
INFO: [ app_init ] --END-- [ RunTime:0.000571s ]
ERR: 无法加载模块:Public

[ 2017-05-14T11:52:21+08:00 ] 183.26.244.102 /Public/add_table_files/themes/pmahomme/img/sprites.png
INFO: [ app_init ] --START--
INFO: Run Behavior\BuildLiteBehavior [ RunTime:0.000017s ]
INFO: [ app_init ] --END-- [ RunTime:0.000374s ]
ERR: 无法加载模块:Public

[ 2017-05-14T11:52:23+08:00 ] 183.26.244.102 /static/image/sidebar-icon.png
INFO: [ app_init ] --START--
INFO: Run Behavior\BuildLiteBehavior [ RunTime:0.000017s ]
INFO: [ app_init ] --END-- [ RunTime:0.000306s ]
ERR: 无法加载模块:Static

[ 2017-05-14T11:52:23+08:00 ] 183.26.244.102 /Public/img/glyphicons-halflings.png
INFO: [ app_init ] --START--
INFO: Run Behavior\BuildLiteBehavior [ RunTime:0.000019s ]
INFO: [ app_init ] --END-- [ RunTime:0.001584s ]
ERR: 无法加载模块:Public

[ 2017-05-14T11:52:25+08:00 ] 183.26.244.102 /Public/img/glyphicons-halflings.png
INFO: [ app_init ] --START--
INFO: Run Behavior\BuildLiteBehavior [ RunTime:0.000017s ]
INFO: [ app_init ] --END-- [ RunTime:0.000350s ]
ERR: 无法加载模块:Public

[ 2017-05-14T11:52:31+08:00 ] 183.26.244.102 /Public/add_table_files/themes/pmahomme/img/sprites.png
INFO: [ app_init ] --START--
INFO: Run Behavior\BuildLiteBehavior [ RunTime:0.000030s ]
INFO: [ app_init ] --END-- [ RunTime:0.002572s ]
ERR: 无法加载模块:Public

[ 2017-05-14T11:52:31+08:00 ] 183.26.244.102 /Public/add_table_files/themes/pmahomme/img/left_nav_bg.png
INFO: [ app_init ] --START--
INFO: Run Behavior\BuildLiteBehavior [ RunTime:0.000016s ]
INFO: [ app_init ] --END-- [ RunTime:0.000330s ]
ERR: 无法加载模块:Public

[ 2017-05-14T11:52:36+08:00 ] 183.26.244.102 /Public/add_table_files/themes/pmahomme/img/sprites.png
INFO: [ app_init ] --START--
INFO: Run Behavior\BuildLiteBehavior [ RunTime:0.000022s ]
INFO: [ app_init ] --END-- [ RunTime:0.000369s ]
ERR: 无法加载模块:Public

[ 2017-05-14T11:52:36+08:00 ] 183.26.244.102 /Public/add_table_files/themes/pmahomme/img/left_nav_bg.png
INFO: [ app_init ] --START--
INFO: Run Behavior\BuildLiteBehavior [ RunTime:0.000019s ]
INFO: [ app_init ] --END-- [ RunTime:0.000349s ]
ERR: 无法加载模块:Public

[ 2017-05-14T11:52:40+08:00 ] 183.26.244.102 /Public/add_table_files/themes/pmahomme/img/sprites.png
INFO: [ app_init ] --START--
INFO: Run Behavior\BuildLiteBehavior [ RunTime:0.000017s ]
INFO: [ app_init ] --END-- [ RunTime:0.000282s ]
ERR: 无法加载模块:Public

[ 2017-05-14T11:52:40+08:00 ] 183.26.244.102 /Public/add_table_files/themes/pmahomme/img/left_nav_bg.png
INFO: [ app_init ] --START--
INFO: Run Behavior\BuildLiteBehavior [ RunTime:0.000015s ]
INFO: [ app_init ] --END-- [ RunTime:0.000280s ]
ERR: 无法加载模块:Public

[ 2017-05-14T11:52:41+08:00 ] 183.26.244.102 /Public/add_table_files/themes/pmahomme/img/left_nav_bg.png
INFO: [ app_init ] --START--
INFO: Run Behavior\BuildLiteBehavior [ RunTime:0.000019s ]
INFO: [ app_init ] --END-- [ RunTime:0.000384s ]
ERR: 无法加载模块:Public

[ 2017-05-14T11:52:41+08:00 ] 183.26.244.102 /Public/add_table_files/themes/pmahomme/img/sprites.png
INFO: [ app_init ] --START--
INFO: Run Behavior\BuildLiteBehavior [ RunTime:0.000018s ]
INFO: [ app_init ] --END-- [ RunTime:0.000303s ]
ERR: 无法加载模块:Public

[ 2017-05-14T12:23:33+08:00 ] 183.26.244.102 /Public/add_table_files/themes/pmahomme/img/sprites.png
INFO: [ app_init ] --START--
INFO: Run Behavior\BuildLiteBehavior [ RunTime:0.000020s ]
INFO: [ app_init ] --END-- [ RunTime:0.000440s ]
ERR: 无法加载模块:Public

[ 2017-05-14T12:23:33+08:00 ] 183.26.244.102 /Public/add_table_files/themes/pmahomme/img/left_nav_bg.png
INFO: [ app_init ] --START--
INFO: Run Behavior\BuildLiteBehavior [ RunTime:0.000024s ]
INFO: [ app_init ] --END-- [ RunTime:0.000446s ]
ERR: 无法加载模块:Public

[ 2017-05-14T12:24:58+08:00 ] 183.26.244.102 /static/image/sidebar-icon.png
INFO: [ app_init ] --START--
INFO: Run Behavior\BuildLiteBehavior [ RunTime:0.000022s ]
INFO: [ app_init ] --END-- [ RunTime:0.000750s ]
ERR: 无法加载模块:Static

[ 2017-05-14T12:24:58+08:00 ] 183.26.244.102 /Public/img/glyphicons-halflings.png
INFO: [ app_init ] --START--
INFO: Run Behavior\BuildLiteBehavior [ RunTime:0.000024s ]
INFO: [ app_init ] --END-- [ RunTime:0.000431s ]
ERR: 无法加载模块:Public

[ 2017-05-14T12:25:00+08:00 ] 183.26.244.102 /Public/add_table_files/themes/pmahomme/img/sprites.png
INFO: [ app_init ] --START--
INFO: Run Behavior\BuildLiteBehavior [ RunTime:0.000027s ]
INFO: [ app_init ] --END-- [ RunTime:0.000499s ]
ERR: 无法加载模块:Public

[ 2017-05-14T12:25:00+08:00 ] 183.26.244.102 /Public/add_table_files/themes/pmahomme/img/left_nav_bg.png
INFO: [ app_init ] --START--
INFO: Run Behavior\BuildLiteBehavior [ RunTime:0.000020s ]
INFO: [ app_init ] --END-- [ RunTime:0.000440s ]
ERR: 无法加载模块:Public

[ 2017-05-14T12:25:04+08:00 ] 183.26.244.102 /Public/add_table_files/themes/pmahomme/img/left_nav_bg.png
INFO: [ app_init ] --START--
INFO: Run Behavior\BuildLiteBehavior [ RunTime:0.000020s ]
INFO: [ app_init ] --END-- [ RunTime:0.000324s ]
ERR: 无法加载模块:Public

[ 2017-05-14T12:25:04+08:00 ] 183.26.244.102 /Public/add_table_files/themes/pmahomme/img/sprites.png
INFO: [ app_init ] --START--
INFO: Run Behavior\BuildLiteBehavior [ RunTime:0.000016s ]
INFO: [ app_init ] --END-- [ RunTime:0.000313s ]
ERR: 无法加载模块:Public

[ 2017-05-14T19:21:22+08:00 ] 123.125.67.227 /robots.txt
INFO: [ app_init ] --START--
INFO: Run Behavior\BuildLiteBehavior [ RunTime:0.000020s ]
INFO: [ app_init ] --END-- [ RunTime:0.001094s ]
ERR: 无法加载模块:Robots

