[ 2017-06-12T17:35:13+08:00 ] 61.145.106.5 /fzj/conf/create_menu
INFO: [ app_init ] --START--
INFO: Run Behavior\BuildLiteBehavior [ RunTime:0.000017s ]
INFO: [ app_init ] --END-- [ RunTime:0.000279s ]
INFO: [ app_begin ] --START--
INFO: Run Behavior\ReadHtmlCacheBehavior [ RunTime:0.000540s ]
INFO: [ app_begin ] --END-- [ RunTime:0.000616s ]
NOTIC: [2] fopen(/home/wwwroot/weixin.yudw.com/ThinkPHP//Conf/access_token.txt): failed to open stream: Permission denied /home/wwwroot/weixin.yudw.com/Application/Fzj/Controller/ConfController.class.php 第 252 行.
NOTIC: [2] fwrite() expects parameter 1 to be resource, boolean given /home/wwwroot/weixin.yudw.com/Application/Fzj/Controller/ConfController.class.php 第 253 行.
NOTIC: [2] fclose() expects parameter 1 to be resource, boolean given /home/wwwroot/weixin.yudw.com/Application/Fzj/Controller/ConfController.class.php 第 254 行.
INFO: [ app_end ] --START--
INFO: Run Behavior\ShowPageTraceBehavior [ RunTime:0.000734s ]
INFO: [ app_end ] --END-- [ RunTime:0.000846s ]

[ 2017-06-12T17:35:19+08:00 ] 61.145.106.5 /fzj/conf/create_menu
INFO: [ app_init ] --START--
INFO: Run Behavior\BuildLiteBehavior [ RunTime:0.000020s ]
INFO: [ app_init ] --END-- [ RunTime:0.000354s ]
INFO: [ app_begin ] --START--
INFO: Run Behavior\ReadHtmlCacheBehavior [ RunTime:0.000369s ]
INFO: [ app_begin ] --END-- [ RunTime:0.000411s ]
NOTIC: [2] fopen(/home/wwwroot/weixin.yudw.com/ThinkPHP//Conf/access_token.txt): failed to open stream: Permission denied /home/wwwroot/weixin.yudw.com/Application/Fzj/Controller/ConfController.class.php 第 252 行.
NOTIC: [2] fwrite() expects parameter 1 to be resource, boolean given /home/wwwroot/weixin.yudw.com/Application/Fzj/Controller/ConfController.class.php 第 253 行.
NOTIC: [2] fclose() expects parameter 1 to be resource, boolean given /home/wwwroot/weixin.yudw.com/Application/Fzj/Controller/ConfController.class.php 第 254 行.
INFO: [ app_end ] --START--
INFO: Run Behavior\ShowPageTraceBehavior [ RunTime:0.000587s ]
INFO: [ app_end ] --END-- [ RunTime:0.000665s ]

