[ 2017-04-23T11:45:28+08:00 ] 182.254.86.153 /fzj?signature=3375db11a51de18099976dd0a6eab95f5690e7d2&timestamp=1492919127&nonce=1835673439&openid=oHCi1wlUdN1Nd2-HBr2Mnc8tg40Y
INFO: [ app_init ] --START--
INFO: Run Behavior\BuildLiteBehavior [ RunTime:0.000016s ]
INFO: [ app_init ] --END-- [ RunTime:0.000296s ]
INFO: [ app_begin ] --START--
INFO: Run Behavior\ReadHtmlCacheBehavior [ RunTime:0.000348s ]
INFO: [ app_begin ] --END-- [ RunTime:0.000385s ]
SQL: SHOW COLUMNS FROM `pre_wx` [ RunTime:0.0005s ]
SQL: SELECT `cishu` FROM `pre_wx` WHERE ( openid='oHCi1wlUdN1Nd2-HBr2Mnc8tg40Y' ) LIMIT 1   [ RunTime:0.0002s ]
SQL: UPDATE `pre_wx` SET `cishu`=cishu+1 WHERE ( openid='oHCi1wlUdN1Nd2-HBr2Mnc8tg40Y' ) [ RunTime:0.0002s ]
SQL: SELECT `cishu` FROM `pre_wx` WHERE ( openid='oHCi1wlUdN1Nd2-HBr2Mnc8tg40Y' ) LIMIT 1   [ RunTime:0.0001s ]
NOTIC: [2] fopen(/home/wwwroot/weixin.yudw.com/ThinkPHP//Conf/access_token.txt): failed to open stream: Permission denied /home/wwwroot/weixin.yudw.com/Application/Fzj/Controller/IndexController.class.php 第 618 行.
NOTIC: [2] fwrite() expects parameter 1 to be resource, boolean given /home/wwwroot/weixin.yudw.com/Application/Fzj/Controller/IndexController.class.php 第 619 行.
NOTIC: [2] fclose() expects parameter 1 to be resource, boolean given /home/wwwroot/weixin.yudw.com/Application/Fzj/Controller/IndexController.class.php 第 620 行.
ERR: 无法加载控制器:Index

[ 2017-04-23T11:45:29+08:00 ] 182.254.86.150 /fzj?signature=97b3a43aa1d4ff53e8a16cfd40a7c1af01210f2f&timestamp=1492919128&nonce=925051549&openid=oHCi1wpdQDv33emudA42BZQQfiHE
INFO: [ app_init ] --START--
INFO: Run Behavior\BuildLiteBehavior [ RunTime:0.000020s ]
INFO: [ app_init ] --END-- [ RunTime:0.000331s ]
INFO: [ app_begin ] --START--
INFO: Run Behavior\ReadHtmlCacheBehavior [ RunTime:0.000351s ]
INFO: [ app_begin ] --END-- [ RunTime:0.000386s ]
ERR: 无法加载控制器:Index

[ 2017-04-23T11:45:33+08:00 ] 182.254.86.145 /fzj?signature=9fc4cdb48b4d6aabf531ec7b421bd994725e0b5a&timestamp=1492919132&nonce=868694972&openid=oHCi1wpdQDv33emudA42BZQQfiHE
INFO: [ app_init ] --START--
INFO: Run Behavior\BuildLiteBehavior [ RunTime:0.000014s ]
INFO: [ app_init ] --END-- [ RunTime:0.000273s ]
INFO: [ app_begin ] --START--
INFO: Run Behavior\ReadHtmlCacheBehavior [ RunTime:0.000348s ]
INFO: [ app_begin ] --END-- [ RunTime:0.000384s ]
ERR: 无法加载控制器:Index

[ 2017-04-23T11:45:34+08:00 ] 182.254.86.145 /fzj?signature=b28cf40d614e01dc21a9176ed23d209aa3d14d51&timestamp=1492919133&nonce=390810906&openid=oHCi1wpdQDv33emudA42BZQQfiHE
INFO: [ app_init ] --START--
INFO: Run Behavior\BuildLiteBehavior [ RunTime:0.000015s ]
INFO: [ app_init ] --END-- [ RunTime:0.000319s ]
INFO: [ app_begin ] --START--
INFO: Run Behavior\ReadHtmlCacheBehavior [ RunTime:0.000437s ]
INFO: [ app_begin ] --END-- [ RunTime:0.000479s ]
SQL: SHOW COLUMNS FROM `pre_wx` [ RunTime:0.0005s ]
SQL: SELECT `cishu` FROM `pre_wx` WHERE ( openid='oHCi1wpdQDv33emudA42BZQQfiHE' ) LIMIT 1   [ RunTime:0.0002s ]
SQL: INSERT INTO `weixin`.`pre_wx` ( `openid`, `cishu`) VALUES ( 'oHCi1wpdQDv33emudA42BZQQfiHE', '1'); [ RunTime:0.0001s ]
SQL: SELECT `cishu` FROM `pre_wx` WHERE ( openid='oHCi1wpdQDv33emudA42BZQQfiHE' ) LIMIT 1   [ RunTime:0.0001s ]
NOTIC: [2] fopen(/home/wwwroot/weixin.yudw.com/ThinkPHP//Conf/access_token.txt): failed to open stream: Permission denied /home/wwwroot/weixin.yudw.com/Application/Fzj/Controller/IndexController.class.php 第 618 行.
NOTIC: [2] fwrite() expects parameter 1 to be resource, boolean given /home/wwwroot/weixin.yudw.com/Application/Fzj/Controller/IndexController.class.php 第 619 行.
NOTIC: [2] fclose() expects parameter 1 to be resource, boolean given /home/wwwroot/weixin.yudw.com/Application/Fzj/Controller/IndexController.class.php 第 620 行.
ERR: 无法加载控制器:Index

[ 2017-04-23T11:45:35+08:00 ] 182.254.86.158 /fzj?signature=25e669fa24d06517ce368f051f8ae1da457b5a59&timestamp=1492919134&nonce=734520299&openid=oHCi1wlUdN1Nd2-HBr2Mnc8tg40Y
INFO: [ app_init ] --START--
INFO: Run Behavior\BuildLiteBehavior [ RunTime:0.000014s ]
INFO: [ app_init ] --END-- [ RunTime:0.000285s ]
INFO: [ app_begin ] --START--
INFO: Run Behavior\ReadHtmlCacheBehavior [ RunTime:0.000354s ]
INFO: [ app_begin ] --END-- [ RunTime:0.000393s ]
SQL: SHOW COLUMNS FROM `pre_wx` [ RunTime:0.0005s ]
SQL: SELECT `cishu` FROM `pre_wx` WHERE ( openid='oHCi1wlUdN1Nd2-HBr2Mnc8tg40Y' ) LIMIT 1   [ RunTime:0.0002s ]
SQL: UPDATE `pre_wx` SET `cishu`=cishu+1 WHERE ( openid='oHCi1wlUdN1Nd2-HBr2Mnc8tg40Y' ) [ RunTime:0.0002s ]
SQL: SELECT `cishu` FROM `pre_wx` WHERE ( openid='oHCi1wlUdN1Nd2-HBr2Mnc8tg40Y' ) LIMIT 1   [ RunTime:0.0001s ]
NOTIC: [2] fopen(/home/wwwroot/weixin.yudw.com/ThinkPHP//Conf/access_token.txt): failed to open stream: Permission denied /home/wwwroot/weixin.yudw.com/Application/Fzj/Controller/IndexController.class.php 第 618 行.
NOTIC: [2] fwrite() expects parameter 1 to be resource, boolean given /home/wwwroot/weixin.yudw.com/Application/Fzj/Controller/IndexController.class.php 第 619 行.
NOTIC: [2] fclose() expects parameter 1 to be resource, boolean given /home/wwwroot/weixin.yudw.com/Application/Fzj/Controller/IndexController.class.php 第 620 行.
ERR: 无法加载控制器:Index

[ 2017-04-23T11:45:37+08:00 ] 180.153.211.172 /fzj
INFO: [ app_init ] --START--
INFO: Run Behavior\BuildLiteBehavior [ RunTime:0.000014s ]
INFO: [ app_init ] --END-- [ RunTime:0.000263s ]
INFO: [ app_begin ] --START--
INFO: Run Behavior\ReadHtmlCacheBehavior [ RunTime:0.000339s ]
INFO: [ app_begin ] --END-- [ RunTime:0.000373s ]
NOTIC: [8] Undefined index: HTTP_RAW_POST_DATA /home/wwwroot/weixin.yudw.com/Application/Fzj/Controller/IndexController.class.php 第 36 行.

[ 2017-04-23T11:45:39+08:00 ] 182.254.86.158 /fzj?signature=57eb7890fa7779dfc9efe2f4c7da058c12edaca7&timestamp=1492919138&nonce=1329561795&openid=oHCi1wlUdN1Nd2-HBr2Mnc8tg40Y
INFO: [ app_init ] --START--
INFO: Run Behavior\BuildLiteBehavior [ RunTime:0.000013s ]
INFO: [ app_init ] --END-- [ RunTime:0.000279s ]
INFO: [ app_begin ] --START--
INFO: Run Behavior\ReadHtmlCacheBehavior [ RunTime:0.000367s ]
INFO: [ app_begin ] --END-- [ RunTime:0.000403s ]
SQL: SHOW COLUMNS FROM `pre_wx` [ RunTime:0.0005s ]
SQL: SELECT `cishu` FROM `pre_wx` WHERE ( openid='oHCi1wlUdN1Nd2-HBr2Mnc8tg40Y' ) LIMIT 1   [ RunTime:0.0001s ]
SQL: UPDATE `pre_wx` SET `cishu`=cishu+1 WHERE ( openid='oHCi1wlUdN1Nd2-HBr2Mnc8tg40Y' ) [ RunTime:0.0002s ]
SQL: SELECT `cishu` FROM `pre_wx` WHERE ( openid='oHCi1wlUdN1Nd2-HBr2Mnc8tg40Y' ) LIMIT 1   [ RunTime:0.0001s ]
NOTIC: [2] fopen(/home/wwwroot/weixin.yudw.com/ThinkPHP//Conf/access_token.txt): failed to open stream: Permission denied /home/wwwroot/weixin.yudw.com/Application/Fzj/Controller/IndexController.class.php 第 618 行.
NOTIC: [2] fwrite() expects parameter 1 to be resource, boolean given /home/wwwroot/weixin.yudw.com/Application/Fzj/Controller/IndexController.class.php 第 619 行.
NOTIC: [2] fclose() expects parameter 1 to be resource, boolean given /home/wwwroot/weixin.yudw.com/Application/Fzj/Controller/IndexController.class.php 第 620 行.
ERR: 无法加载控制器:Index

