[ 2017-04-21T15:14:45+08:00 ] 182.254.86.158 /fzj?signature=a7b0a8f183cf3e5a5500bed39e079458e46e6f90&timestamp=1492758885&nonce=1192335894&openid=oHCi1wlUdN1Nd2-HBr2Mnc8tg40Y
INFO: [ app_init ] --START--
INFO: Run Behavior\BuildLiteBehavior [ RunTime:0.000023s ]
INFO: [ app_init ] --END-- [ RunTime:0.000287s ]
INFO: [ app_begin ] --START--
INFO: Run Behavior\ReadHtmlCacheBehavior [ RunTime:0.000409s ]
INFO: [ app_begin ] --END-- [ RunTime:0.000458s ]

[ 2017-04-21T15:14:55+08:00 ] 182.254.86.148 /fzj?signature=be1fac5736d726046ba3157573a17c1cce3d753d&timestamp=1492758895&nonce=523445897&openid=oHCi1wlUdN1Nd2-HBr2Mnc8tg40Y
INFO: [ app_init ] --START--
INFO: Run Behavior\BuildLiteBehavior [ RunTime:0.000012s ]
INFO: [ app_init ] --END-- [ RunTime:0.000260s ]
INFO: [ app_begin ] --START--
INFO: Run Behavior\ReadHtmlCacheBehavior [ RunTime:0.000359s ]
INFO: [ app_begin ] --END-- [ RunTime:0.000397s ]

[ 2017-04-21T15:14:57+08:00 ] 182.254.86.158 /fzj?signature=36be59eb2830b913e2259dfbba15ac2a35503f41&timestamp=1492758897&nonce=1495541007&openid=oHCi1wlUdN1Nd2-HBr2Mnc8tg40Y
INFO: [ app_init ] --START--
INFO: Run Behavior\BuildLiteBehavior [ RunTime:0.000015s ]
INFO: [ app_init ] --END-- [ RunTime:0.000273s ]
INFO: [ app_begin ] --START--
INFO: Run Behavior\ReadHtmlCacheBehavior [ RunTime:0.000406s ]
INFO: [ app_begin ] --END-- [ RunTime:0.000451s ]
SQL: SHOW COLUMNS FROM `pre_wx` [ RunTime:0.0005s ]
NOTIC: [8] Undefined variable: cishu /home/wwwroot/weixin.yudw.com/Application/Fzj/Controller/IndexController.class.php 第 550 行.
ERR: 1054:Unknown column 'oHCi1wlUdN1Nd2' in 'field list'
 [ SQL语句 ] : INSERT INTO `weixin`.`pre_wx` ( `openid`, `cishu`, `od`) VALUES ( oHCi1wlUdN1Nd2-HBr2Mnc8tg40Y, '1', 'sss');
ERR: 1054:Unknown column 'oHCi1wlUdN1Nd2' in 'field list'
 [ SQL语句 ] : INSERT INTO `weixin`.`pre_wx` ( `openid`, `cishu`, `od`) VALUES ( oHCi1wlUdN1Nd2-HBr2Mnc8tg40Y, '1', 'sss');

[ 2017-04-21T15:15:02+08:00 ] 182.254.86.148 /fzj?signature=f2cb63b210ac8d54f8faa91954d485034d2ebe30&timestamp=1492758901&nonce=359831114&openid=oHCi1wlUdN1Nd2-HBr2Mnc8tg40Y
INFO: [ app_init ] --START--
INFO: Run Behavior\BuildLiteBehavior [ RunTime:0.000017s ]
INFO: [ app_init ] --END-- [ RunTime:0.000332s ]
INFO: [ app_begin ] --START--
INFO: Run Behavior\ReadHtmlCacheBehavior [ RunTime:0.000423s ]
INFO: [ app_begin ] --END-- [ RunTime:0.000465s ]
SQL: SHOW COLUMNS FROM `pre_wx` [ RunTime:0.0006s ]
NOTIC: [8] Undefined variable: cishu /home/wwwroot/weixin.yudw.com/Application/Fzj/Controller/IndexController.class.php 第 550 行.
ERR: 1054:Unknown column 'oHCi1wlUdN1Nd2' in 'field list'
 [ SQL语句 ] : INSERT INTO `weixin`.`pre_wx` ( `openid`, `cishu`, `od`) VALUES ( oHCi1wlUdN1Nd2-HBr2Mnc8tg40Y, '1', 'sss');
ERR: 1054:Unknown column 'oHCi1wlUdN1Nd2' in 'field list'
 [ SQL语句 ] : INSERT INTO `weixin`.`pre_wx` ( `openid`, `cishu`, `od`) VALUES ( oHCi1wlUdN1Nd2-HBr2Mnc8tg40Y, '1', 'sss');

[ 2017-04-21T15:15:28+08:00 ] 182.254.86.148 /fzj?signature=3e9eb8636dccc1a99816badf0fb40d471434915a&timestamp=1492758927&nonce=1836694080&openid=oHCi1wlUdN1Nd2-HBr2Mnc8tg40Y
INFO: [ app_init ] --START--
INFO: Run Behavior\BuildLiteBehavior [ RunTime:0.000018s ]
INFO: [ app_init ] --END-- [ RunTime:0.000306s ]
INFO: [ app_begin ] --START--
INFO: Run Behavior\ReadHtmlCacheBehavior [ RunTime:0.000425s ]
INFO: [ app_begin ] --END-- [ RunTime:0.000476s ]
SQL: SHOW COLUMNS FROM `pre_wx` [ RunTime:0.0006s ]
NOTIC: [8] Undefined variable: cishu /home/wwwroot/weixin.yudw.com/Application/Fzj/Controller/IndexController.class.php 第 550 行.
ERR: 1054:Unknown column 'oHCi1wlUdN1Nd2' in 'field list'
 [ SQL语句 ] : INSERT INTO `weixin`.`pre_wx` ( `openid`, `cishu`, `od`) VALUES ( oHCi1wlUdN1Nd2-HBr2Mnc8tg40Y, '1', 'sss');
ERR: 1054:Unknown column 'oHCi1wlUdN1Nd2' in 'field list'
 [ SQL语句 ] : INSERT INTO `weixin`.`pre_wx` ( `openid`, `cishu`, `od`) VALUES ( oHCi1wlUdN1Nd2-HBr2Mnc8tg40Y, '1', 'sss');

[ 2017-04-21T15:15:44+08:00 ] 182.254.86.148 /fzj?signature=d7649110385a5c0ca7c8bcb6bddaae9c132a98eb&timestamp=1492758943&nonce=2047206056&openid=oHCi1wlUdN1Nd2-HBr2Mnc8tg40Y
INFO: [ app_init ] --START--
INFO: Run Behavior\BuildLiteBehavior [ RunTime:0.000018s ]
INFO: [ app_init ] --END-- [ RunTime:0.000344s ]
INFO: [ app_begin ] --START--
INFO: Run Behavior\ReadHtmlCacheBehavior [ RunTime:0.000427s ]
INFO: [ app_begin ] --END-- [ RunTime:0.000479s ]
SQL: SHOW COLUMNS FROM `pre_wx` [ RunTime:0.0006s ]
NOTIC: [8] Undefined variable: cishu /home/wwwroot/weixin.yudw.com/Application/Fzj/Controller/IndexController.class.php 第 550 行.
SQL: INSERT INTO `weixin`.`pre_wx` ( `openid`, `cishu`, `od`) VALUES ( 'hhhh', '1', 'sss'); [ RunTime:0.0002s ]
ERR: 无法加载控制器:Index

[ 2017-04-21T15:15:49+08:00 ] 182.254.86.148 /fzj?signature=928fe447127b8c526b99c0caf738c673c9852f84&timestamp=1492758948&nonce=580958026&openid=oHCi1wlUdN1Nd2-HBr2Mnc8tg40Y
INFO: [ app_init ] --START--
INFO: Run Behavior\BuildLiteBehavior [ RunTime:0.000014s ]
INFO: [ app_init ] --END-- [ RunTime:0.000373s ]
INFO: [ app_begin ] --START--
INFO: Run Behavior\ReadHtmlCacheBehavior [ RunTime:0.000357s ]
INFO: [ app_begin ] --END-- [ RunTime:0.000402s ]
SQL: SHOW COLUMNS FROM `pre_wx` [ RunTime:0.0006s ]
NOTIC: [8] Undefined variable: cishu /home/wwwroot/weixin.yudw.com/Application/Fzj/Controller/IndexController.class.php 第 550 行.
SQL: INSERT INTO `weixin`.`pre_wx` ( `openid`, `cishu`, `od`) VALUES ( 'hhhh', '1', 'sss'); [ RunTime:0.0002s ]
ERR: 无法加载控制器:Index

[ 2017-04-21T15:16:51+08:00 ] 182.254.86.148 /fzj?signature=0d43659e95bd02d464cf212be08ddbda8d71e9e8&timestamp=1492759010&nonce=1893276571&openid=oHCi1wlUdN1Nd2-HBr2Mnc8tg40Y
INFO: [ app_init ] --START--
INFO: Run Behavior\BuildLiteBehavior [ RunTime:0.000016s ]
INFO: [ app_init ] --END-- [ RunTime:0.000314s ]
INFO: [ app_begin ] --START--
INFO: Run Behavior\ReadHtmlCacheBehavior [ RunTime:0.000388s ]
INFO: [ app_begin ] --END-- [ RunTime:0.000426s ]
SQL: SHOW COLUMNS FROM `pre_wx` [ RunTime:0.0005s ]
NOTIC: [8] Undefined variable: cishu /home/wwwroot/weixin.yudw.com/Application/Fzj/Controller/IndexController.class.php 第 550 行.
SQL: INSERT INTO `weixin`.`pre_wx` ( `openid`, `cishu`, `od`) VALUES ( 'hrrrrh', '1', 'sss'); [ RunTime:0.0002s ]
ERR: 无法加载控制器:Index

[ 2017-04-21T15:17:27+08:00 ] 182.254.86.148 /fzj?signature=a40e536c9c92857e98ce9834e9f3fac8f60693cb&timestamp=1492759046&nonce=1099187354&openid=oHCi1wlUdN1Nd2-HBr2Mnc8tg40Y
INFO: [ app_init ] --START--
INFO: Run Behavior\BuildLiteBehavior [ RunTime:0.000015s ]
INFO: [ app_init ] --END-- [ RunTime:0.000264s ]
INFO: [ app_begin ] --START--
INFO: Run Behavior\ReadHtmlCacheBehavior [ RunTime:0.000343s ]
INFO: [ app_begin ] --END-- [ RunTime:0.000378s ]
SQL: SHOW COLUMNS FROM `pre_wx` [ RunTime:0.0005s ]
NOTIC: [8] Undefined variable: cishu /home/wwwroot/weixin.yudw.com/Application/Fzj/Controller/IndexController.class.php 第 550 行.
ERR: 1054:Unknown column 'oHCi1wlUdN1Nd2' in 'field list'
 [ SQL语句 ] : INSERT INTO `weixin`.`pre_wx` ( `openid`, `cishu`, `od`) VALUES ( oHCi1wlUdN1Nd2-HBr2Mnc8tg40Y, '1', 'sss');
ERR: 1054:Unknown column 'oHCi1wlUdN1Nd2' in 'field list'
 [ SQL语句 ] : INSERT INTO `weixin`.`pre_wx` ( `openid`, `cishu`, `od`) VALUES ( oHCi1wlUdN1Nd2-HBr2Mnc8tg40Y, '1', 'sss');

[ 2017-04-21T15:17:54+08:00 ] 182.254.86.158 /fzj?signature=c5a8169c3dc101dcb264abe42ae79e6fdf0b417e&timestamp=1492759073&nonce=1095768614&openid=oHCi1wlUdN1Nd2-HBr2Mnc8tg40Y
INFO: [ app_init ] --START--
INFO: Run Behavior\BuildLiteBehavior [ RunTime:0.000016s ]
INFO: [ app_init ] --END-- [ RunTime:0.000291s ]
INFO: [ app_begin ] --START--
INFO: Run Behavior\ReadHtmlCacheBehavior [ RunTime:0.000369s ]
INFO: [ app_begin ] --END-- [ RunTime:0.000415s ]
SQL: SHOW COLUMNS FROM `pre_wx` [ RunTime:0.0005s ]
NOTIC: [8] Undefined variable: cishu /home/wwwroot/weixin.yudw.com/Application/Fzj/Controller/IndexController.class.php 第 550 行.
ERR: 1054:Unknown column 'oHCi1wlUdN1Nd2' in 'field list'
 [ SQL语句 ] : INSERT INTO `weixin`.`pre_wx` ( `openid`, `cishu`, `od`) VALUES ( oHCi1wlUdN1Nd2-HBr2Mnc8tg40Y, '1', 'sss');
ERR: 1054:Unknown column 'oHCi1wlUdN1Nd2' in 'field list'
 [ SQL语句 ] : INSERT INTO `weixin`.`pre_wx` ( `openid`, `cishu`, `od`) VALUES ( oHCi1wlUdN1Nd2-HBr2Mnc8tg40Y, '1', 'sss');

[ 2017-04-21T15:18:14+08:00 ] 182.254.86.143 /fzj?signature=99569e369fbc396a499b05b4c58a151e30eee192&timestamp=1492759093&nonce=941722095&openid=oHCi1wlUdN1Nd2-HBr2Mnc8tg40Y
INFO: [ app_init ] --START--
INFO: Run Behavior\BuildLiteBehavior [ RunTime:0.000018s ]
INFO: [ app_init ] --END-- [ RunTime:0.000271s ]
INFO: [ app_begin ] --START--
INFO: Run Behavior\ReadHtmlCacheBehavior [ RunTime:0.000347s ]
INFO: [ app_begin ] --END-- [ RunTime:0.000383s ]
SQL: SHOW COLUMNS FROM `pre_wx` [ RunTime:0.0035s ]
NOTIC: [8] Undefined variable: cishu /home/wwwroot/weixin.yudw.com/Application/Fzj/Controller/IndexController.class.php 第 550 行.
SQL: INSERT INTO `weixin`.`pre_wx` ( `openid`, `cishu`, `od`) VALUES ( 444, '1', 'sss'); [ RunTime:0.0002s ]
ERR: 无法加载控制器:Index

[ 2017-04-21T15:18:50+08:00 ] 182.254.86.158 /fzj?signature=e9c2477551f98144edea74fb01fb0317fc66ddb1&timestamp=1492759129&nonce=1893311327&openid=oHCi1wlUdN1Nd2-HBr2Mnc8tg40Y
INFO: [ app_init ] --START--
INFO: Run Behavior\BuildLiteBehavior [ RunTime:0.000017s ]
INFO: [ app_init ] --END-- [ RunTime:0.000375s ]
INFO: [ app_begin ] --START--
INFO: Run Behavior\ReadHtmlCacheBehavior [ RunTime:0.000364s ]
INFO: [ app_begin ] --END-- [ RunTime:0.000400s ]
SQL: SHOW COLUMNS FROM `pre_wx` [ RunTime:0.0005s ]
NOTIC: [8] Undefined variable: cishu /home/wwwroot/weixin.yudw.com/Application/Fzj/Controller/IndexController.class.php 第 550 行.
ERR: 1054:Unknown column 'oHCi1wlUdN1Nd2' in 'field list'
 [ SQL语句 ] : INSERT INTO `weixin`.`pre_wx` ( `openid`, `cishu`, `od`) VALUES ( oHCi1wlUdN1Nd2-HBr2Mnc8tg40Y, '1', 'sss');
ERR: 1054:Unknown column 'oHCi1wlUdN1Nd2' in 'field list'
 [ SQL语句 ] : INSERT INTO `weixin`.`pre_wx` ( `openid`, `cishu`, `od`) VALUES ( oHCi1wlUdN1Nd2-HBr2Mnc8tg40Y, '1', 'sss');

[ 2017-04-21T15:19:16+08:00 ] 182.254.86.158 /fzj?signature=ac9af5bf2626b94ef0c3c72a192964f96449c84b&timestamp=1492759155&nonce=1489161247&openid=oHCi1wlUdN1Nd2-HBr2Mnc8tg40Y
INFO: [ app_init ] --START--
INFO: Run Behavior\BuildLiteBehavior [ RunTime:0.000014s ]
INFO: [ app_init ] --END-- [ RunTime:0.000276s ]
INFO: [ app_begin ] --START--
INFO: Run Behavior\ReadHtmlCacheBehavior [ RunTime:0.000349s ]
INFO: [ app_begin ] --END-- [ RunTime:0.000383s ]
SQL: SHOW COLUMNS FROM `pre_wx` [ RunTime:0.0005s ]
NOTIC: [8] Undefined variable: cishu /home/wwwroot/weixin.yudw.com/Application/Fzj/Controller/IndexController.class.php 第 550 行.
ERR: 1054:Unknown column 'oHCi1wlUdN1Nd2' in 'field list'
 [ SQL语句 ] : INSERT INTO `weixin`.`pre_wx` ( `openid`, `cishu`, `od`) VALUES ( oHCi1wlUdN1Nd2-HBr2Mnc8tg40Y, '1', 'sss');
ERR: 1054:Unknown column 'oHCi1wlUdN1Nd2' in 'field list'
 [ SQL语句 ] : INSERT INTO `weixin`.`pre_wx` ( `openid`, `cishu`, `od`) VALUES ( oHCi1wlUdN1Nd2-HBr2Mnc8tg40Y, '1', 'sss');

[ 2017-04-21T15:19:16+08:00 ] 182.254.86.143 /fzj?signature=8e1b4872b71b8e4f76392359fa6bd3fd210ef6ab&timestamp=1492759155&nonce=168124114&openid=oHCi1wlUdN1Nd2-HBr2Mnc8tg40Y
INFO: [ app_init ] --START--
INFO: Run Behavior\BuildLiteBehavior [ RunTime:0.000016s ]
INFO: [ app_init ] --END-- [ RunTime:0.000301s ]
INFO: [ app_begin ] --START--
INFO: Run Behavior\ReadHtmlCacheBehavior [ RunTime:0.000352s ]
INFO: [ app_begin ] --END-- [ RunTime:0.000394s ]
SQL: SHOW COLUMNS FROM `pre_wx` [ RunTime:0.0003s ]
NOTIC: [8] Undefined variable: cishu /home/wwwroot/weixin.yudw.com/Application/Fzj/Controller/IndexController.class.php 第 550 行.
ERR: 1054:Unknown column 'oHCi1wlUdN1Nd2' in 'field list'
 [ SQL语句 ] : INSERT INTO `weixin`.`pre_wx` ( `openid`, `cishu`, `od`) VALUES ( oHCi1wlUdN1Nd2-HBr2Mnc8tg40Y, '1', 'sss');
ERR: 1054:Unknown column 'oHCi1wlUdN1Nd2' in 'field list'
 [ SQL语句 ] : INSERT INTO `weixin`.`pre_wx` ( `openid`, `cishu`, `od`) VALUES ( oHCi1wlUdN1Nd2-HBr2Mnc8tg40Y, '1', 'sss');

[ 2017-04-21T15:19:52+08:00 ] 182.254.86.148 /fzj?signature=dec2d146c0b38b43ea52df3db38f865b93f2f106&timestamp=1492759192&nonce=1665982819&openid=oHCi1wlUdN1Nd2-HBr2Mnc8tg40Y
INFO: [ app_init ] --START--
INFO: Run Behavior\BuildLiteBehavior [ RunTime:0.000017s ]
INFO: [ app_init ] --END-- [ RunTime:0.000296s ]
INFO: [ app_begin ] --START--
INFO: Run Behavior\ReadHtmlCacheBehavior [ RunTime:0.000368s ]
INFO: [ app_begin ] --END-- [ RunTime:0.000405s ]
SQL: SHOW COLUMNS FROM `pre_wx` [ RunTime:0.0005s ]
NOTIC: [8] Undefined variable: cishu /home/wwwroot/weixin.yudw.com/Application/Fzj/Controller/IndexController.class.php 第 550 行.
ERR: 1054:Unknown column 'oHCi1wlUdN1Nd2' in 'field list'
 [ SQL语句 ] : INSERT INTO `weixin`.`pre_wx` ( `openid`, `cishu`, `od`) VALUES ( oHCi1wlUdN1Nd2-HBr2Mnc8tg40Y, '1', 'sss');
ERR: 1054:Unknown column 'oHCi1wlUdN1Nd2' in 'field list'
 [ SQL语句 ] : INSERT INTO `weixin`.`pre_wx` ( `openid`, `cishu`, `od`) VALUES ( oHCi1wlUdN1Nd2-HBr2Mnc8tg40Y, '1', 'sss');

[ 2017-04-21T15:20:06+08:00 ] 182.254.86.148 /fzj?signature=70c1f1cab45a78cc4d46ee5e048efe3c3652216b&timestamp=1492759205&nonce=808399622&openid=oHCi1wlUdN1Nd2-HBr2Mnc8tg40Y
INFO: [ app_init ] --START--
INFO: Run Behavior\BuildLiteBehavior [ RunTime:0.000015s ]
INFO: [ app_init ] --END-- [ RunTime:0.000302s ]
INFO: [ app_begin ] --START--
INFO: Run Behavior\ReadHtmlCacheBehavior [ RunTime:0.000505s ]
INFO: [ app_begin ] --END-- [ RunTime:0.000560s ]
SQL: SHOW COLUMNS FROM `pre_wx` [ RunTime:0.0007s ]
NOTIC: [8] Undefined variable: cishu /home/wwwroot/weixin.yudw.com/Application/Fzj/Controller/IndexController.class.php 第 550 行.
SQL: INSERT INTO `weixin`.`pre_wx` ( `openid`, `cishu`, `od`) VALUES ( 1111, '1', 'sss'); [ RunTime:0.0002s ]
ERR: 无法加载控制器:Index

[ 2017-04-21T15:20:24+08:00 ] 182.254.86.148 /fzj?signature=9c25a11d5d251ebc98f5a2bf083d877b58324d5b&timestamp=1492759223&nonce=501299486&openid=oHCi1wlUdN1Nd2-HBr2Mnc8tg40Y
INFO: [ app_init ] --START--
INFO: Run Behavior\BuildLiteBehavior [ RunTime:0.000012s ]
INFO: [ app_init ] --END-- [ RunTime:0.000254s ]
INFO: [ app_begin ] --START--
INFO: Run Behavior\ReadHtmlCacheBehavior [ RunTime:0.000355s ]
INFO: [ app_begin ] --END-- [ RunTime:0.000393s ]
SQL: SHOW COLUMNS FROM `pre_wx` [ RunTime:0.0005s ]
NOTIC: [8] Undefined variable: cishu /home/wwwroot/weixin.yudw.com/Application/Fzj/Controller/IndexController.class.php 第 550 行.
SQL: INSERT INTO `weixin`.`pre_wx` ( `openid`, `cishu`, `od`) VALUES ( '1111', '1', 'sss'); [ RunTime:0.0002s ]
ERR: 无法加载控制器:Index

[ 2017-04-21T15:20:26+08:00 ] 182.254.86.143 /fzj?signature=87d0e89d8cfaa80fba6e6ee10b5e68086b494ce2&timestamp=1492759225&nonce=1629708087&openid=oHCi1wlUdN1Nd2-HBr2Mnc8tg40Y
INFO: [ app_init ] --START--
INFO: Run Behavior\BuildLiteBehavior [ RunTime:0.000016s ]
INFO: [ app_init ] --END-- [ RunTime:0.000301s ]
INFO: [ app_begin ] --START--
INFO: Run Behavior\ReadHtmlCacheBehavior [ RunTime:0.000375s ]
INFO: [ app_begin ] --END-- [ RunTime:0.000418s ]
SQL: SHOW COLUMNS FROM `pre_wx` [ RunTime:0.0005s ]
NOTIC: [8] Undefined variable: cishu /home/wwwroot/weixin.yudw.com/Application/Fzj/Controller/IndexController.class.php 第 550 行.
SQL: INSERT INTO `weixin`.`pre_wx` ( `openid`, `cishu`, `od`) VALUES ( '1111', '1', 'sss'); [ RunTime:0.0001s ]
ERR: 无法加载控制器:Index

[ 2017-04-21T15:20:41+08:00 ] 182.254.86.143 /fzj?signature=7052986f6d421443bf10700f3fb61bcebc02b205&timestamp=1492759240&nonce=334555014&openid=oHCi1wlUdN1Nd2-HBr2Mnc8tg40Y
INFO: [ app_init ] --START--
INFO: Run Behavior\BuildLiteBehavior [ RunTime:0.000014s ]
INFO: [ app_init ] --END-- [ RunTime:0.000267s ]
INFO: [ app_begin ] --START--
INFO: Run Behavior\ReadHtmlCacheBehavior [ RunTime:0.000333s ]
INFO: [ app_begin ] --END-- [ RunTime:0.000367s ]
SQL: SHOW COLUMNS FROM `pre_wx` [ RunTime:0.0005s ]
NOTIC: [8] Undefined variable: cishu /home/wwwroot/weixin.yudw.com/Application/Fzj/Controller/IndexController.class.php 第 550 行.
SQL: INSERT INTO `weixin`.`pre_wx` ( `openid`, `cishu`, `od`) VALUES ( 'oHCi1wlUdN1Nd2-HBr2Mnc8tg40Y', '1', 'sss'); [ RunTime:0.0002s ]
ERR: 无法加载控制器:Index

[ 2017-04-21T15:20:45+08:00 ] 182.254.86.148 /fzj?signature=5bfbb9b4e9b7dd52374507c2cb1138bf58baddd4&timestamp=1492759244&nonce=2089101033&openid=oHCi1wlUdN1Nd2-HBr2Mnc8tg40Y
INFO: [ app_init ] --START--
INFO: Run Behavior\BuildLiteBehavior [ RunTime:0.000013s ]
INFO: [ app_init ] --END-- [ RunTime:0.000260s ]
INFO: [ app_begin ] --START--
INFO: Run Behavior\ReadHtmlCacheBehavior [ RunTime:0.000347s ]
INFO: [ app_begin ] --END-- [ RunTime:0.000383s ]
SQL: SHOW COLUMNS FROM `pre_wx` [ RunTime:0.0036s ]
NOTIC: [8] Undefined variable: cishu /home/wwwroot/weixin.yudw.com/Application/Fzj/Controller/IndexController.class.php 第 550 行.
SQL: INSERT INTO `weixin`.`pre_wx` ( `openid`, `cishu`, `od`) VALUES ( 'oHCi1wlUdN1Nd2-HBr2Mnc8tg40Y', '1', 'sss'); [ RunTime:0.0002s ]
ERR: 无法加载控制器:Index

[ 2017-04-21T15:21:24+08:00 ] 182.254.86.148 /fzj?signature=17afa2c04f7ebe81d7c576e8b64f3d5cdd2f5486&timestamp=1492759283&nonce=1181626323&openid=oHCi1wlUdN1Nd2-HBr2Mnc8tg40Y
INFO: [ app_init ] --START--
INFO: Run Behavior\BuildLiteBehavior [ RunTime:0.000013s ]
INFO: [ app_init ] --END-- [ RunTime:0.000260s ]
INFO: [ app_begin ] --START--
INFO: Run Behavior\ReadHtmlCacheBehavior [ RunTime:0.000334s ]
INFO: [ app_begin ] --END-- [ RunTime:0.000368s ]

[ 2017-04-21T15:21:28+08:00 ] 182.254.86.148 /fzj?signature=b9157ea07bd958c0f9cd48915d063107910fea6b&timestamp=1492759287&nonce=22647957&openid=oHCi1wlUdN1Nd2-HBr2Mnc8tg40Y
INFO: [ app_init ] --START--
INFO: Run Behavior\BuildLiteBehavior [ RunTime:0.000015s ]
INFO: [ app_init ] --END-- [ RunTime:0.000270s ]
INFO: [ app_begin ] --START--
INFO: Run Behavior\ReadHtmlCacheBehavior [ RunTime:0.000390s ]
INFO: [ app_begin ] --END-- [ RunTime:0.000426s ]

[ 2017-04-21T15:21:37+08:00 ] 182.254.86.143 /fzj?signature=9bbed92a86f51970e10423313c058c78b42673f2&timestamp=1492759296&nonce=1329050579&openid=oHCi1wlUdN1Nd2-HBr2Mnc8tg40Y
INFO: [ app_init ] --START--
INFO: Run Behavior\BuildLiteBehavior [ RunTime:0.000013s ]
INFO: [ app_init ] --END-- [ RunTime:0.000305s ]
INFO: [ app_begin ] --START--
INFO: Run Behavior\ReadHtmlCacheBehavior [ RunTime:0.000355s ]
INFO: [ app_begin ] --END-- [ RunTime:0.000390s ]

[ 2017-04-21T15:21:50+08:00 ] 182.254.86.153 /fzj?signature=528a637a17de5fc269d33e07f110b007e3a0c274&timestamp=1492759309&nonce=441094579&openid=oHCi1wlUdN1Nd2-HBr2Mnc8tg40Y
INFO: [ app_init ] --START--
INFO: Run Behavior\BuildLiteBehavior [ RunTime:0.000018s ]
INFO: [ app_init ] --END-- [ RunTime:0.000275s ]
INFO: [ app_begin ] --START--
INFO: Run Behavior\ReadHtmlCacheBehavior [ RunTime:0.000380s ]
INFO: [ app_begin ] --END-- [ RunTime:0.000415s ]
SQL: SHOW COLUMNS FROM `pre_wx` [ RunTime:0.0005s ]
SQL: SELECT `cishu` FROM `pre_wx` WHERE ( openid='oHCi1wlUdN1Nd2-HBr2Mnc8tg40Y' ) LIMIT 1   [ RunTime:0.0024s ]
SQL: UPDATE `pre_wx` SET `cishu`=cishu+1 WHERE ( openid='oHCi1wlUdN1Nd2-HBr2Mnc8tg40Y' ) [ RunTime:0.0002s ]
SQL: SELECT `cishu` FROM `pre_wx` WHERE ( openid='oHCi1wlUdN1Nd2-HBr2Mnc8tg40Y' ) LIMIT 1   [ RunTime:0.0002s ]
ERR: 无法加载控制器:Index

[ 2017-04-21T15:21:58+08:00 ] 182.254.86.148 /fzj?signature=78e7da1d4f6f952b653a23932a8c3d856bb4262b&timestamp=1492759317&nonce=360950983&openid=oHCi1wlUdN1Nd2-HBr2Mnc8tg40Y
INFO: [ app_init ] --START--
INFO: Run Behavior\BuildLiteBehavior [ RunTime:0.000014s ]
INFO: [ app_init ] --END-- [ RunTime:0.000285s ]
INFO: [ app_begin ] --START--
INFO: Run Behavior\ReadHtmlCacheBehavior [ RunTime:0.000339s ]
INFO: [ app_begin ] --END-- [ RunTime:0.000378s ]
SQL: SHOW COLUMNS FROM `pre_wx` [ RunTime:0.0005s ]
SQL: SELECT `cishu` FROM `pre_wx` WHERE ( openid='oHCi1wlUdN1Nd2-HBr2Mnc8tg40Y' ) LIMIT 1   [ RunTime:0.0001s ]
SQL: UPDATE `pre_wx` SET `cishu`=cishu+1 WHERE ( openid='oHCi1wlUdN1Nd2-HBr2Mnc8tg40Y' ) [ RunTime:0.0002s ]
SQL: SELECT `cishu` FROM `pre_wx` WHERE ( openid='oHCi1wlUdN1Nd2-HBr2Mnc8tg40Y' ) LIMIT 1   [ RunTime:0.0002s ]
ERR: 无法加载控制器:Index

[ 2017-04-21T15:22:00+08:00 ] 182.254.86.143 /fzj?signature=38e8fcd42d069ed373d1bcec07af3755d3df48e3&timestamp=1492759320&nonce=811441873&openid=oHCi1wlUdN1Nd2-HBr2Mnc8tg40Y
INFO: [ app_init ] --START--
INFO: Run Behavior\BuildLiteBehavior [ RunTime:0.000013s ]
INFO: [ app_init ] --END-- [ RunTime:0.000255s ]
INFO: [ app_begin ] --START--
INFO: Run Behavior\ReadHtmlCacheBehavior [ RunTime:0.000341s ]
INFO: [ app_begin ] --END-- [ RunTime:0.000377s ]
SQL: SHOW COLUMNS FROM `pre_wx` [ RunTime:0.0005s ]
SQL: SELECT `cishu` FROM `pre_wx` WHERE ( openid='oHCi1wlUdN1Nd2-HBr2Mnc8tg40Y' ) LIMIT 1   [ RunTime:0.0001s ]
SQL: UPDATE `pre_wx` SET `cishu`=cishu+1 WHERE ( openid='oHCi1wlUdN1Nd2-HBr2Mnc8tg40Y' ) [ RunTime:0.0002s ]
SQL: SELECT `cishu` FROM `pre_wx` WHERE ( openid='oHCi1wlUdN1Nd2-HBr2Mnc8tg40Y' ) LIMIT 1   [ RunTime:0.0002s ]
ERR: 无法加载控制器:Index

[ 2017-04-21T15:22:02+08:00 ] 182.254.86.153 /fzj?signature=e98299b26577c97a4fd2128a8edb12ebe6ac7eb9&timestamp=1492759321&nonce=524098515&openid=oHCi1wlUdN1Nd2-HBr2Mnc8tg40Y
INFO: [ app_init ] --START--
INFO: Run Behavior\BuildLiteBehavior [ RunTime:0.000022s ]
INFO: [ app_init ] --END-- [ RunTime:0.000298s ]
INFO: [ app_begin ] --START--
INFO: Run Behavior\ReadHtmlCacheBehavior [ RunTime:0.000445s ]
INFO: [ app_begin ] --END-- [ RunTime:0.000491s ]
SQL: SHOW COLUMNS FROM `pre_wx` [ RunTime:0.0005s ]
SQL: SELECT `cishu` FROM `pre_wx` WHERE ( openid='oHCi1wlUdN1Nd2-HBr2Mnc8tg40Y' ) LIMIT 1   [ RunTime:0.0001s ]
SQL: UPDATE `pre_wx` SET `cishu`=cishu+1 WHERE ( openid='oHCi1wlUdN1Nd2-HBr2Mnc8tg40Y' ) [ RunTime:0.0002s ]
SQL: SELECT `cishu` FROM `pre_wx` WHERE ( openid='oHCi1wlUdN1Nd2-HBr2Mnc8tg40Y' ) LIMIT 1   [ RunTime:0.0002s ]
ERR: 无法加载控制器:Index

[ 2017-04-21T15:22:03+08:00 ] 182.254.86.143 /fzj?signature=75e76c46527a90f5f3b2698179f2595df1b1521b&timestamp=1492759322&nonce=1517910953&openid=oHCi1wlUdN1Nd2-HBr2Mnc8tg40Y
INFO: [ app_init ] --START--
INFO: Run Behavior\BuildLiteBehavior [ RunTime:0.000017s ]
INFO: [ app_init ] --END-- [ RunTime:0.000365s ]
INFO: [ app_begin ] --START--
INFO: Run Behavior\ReadHtmlCacheBehavior [ RunTime:0.000402s ]
INFO: [ app_begin ] --END-- [ RunTime:0.000443s ]
SQL: SHOW COLUMNS FROM `pre_wx` [ RunTime:0.0005s ]
SQL: SELECT `cishu` FROM `pre_wx` WHERE ( openid='oHCi1wlUdN1Nd2-HBr2Mnc8tg40Y' ) LIMIT 1   [ RunTime:0.0001s ]
SQL: UPDATE `pre_wx` SET `cishu`=cishu+1 WHERE ( openid='oHCi1wlUdN1Nd2-HBr2Mnc8tg40Y' ) [ RunTime:0.0003s ]
SQL: SELECT `cishu` FROM `pre_wx` WHERE ( openid='oHCi1wlUdN1Nd2-HBr2Mnc8tg40Y' ) LIMIT 1   [ RunTime:0.0003s ]
ERR: 无法加载控制器:Index

[ 2017-04-21T15:22:16+08:00 ] 182.254.86.148 /fzj?signature=ffe14b76cd6badff2f3dff1725d3afd8df8ea44c&timestamp=1492759335&nonce=1144103678&openid=oHCi1wlUdN1Nd2-HBr2Mnc8tg40Y
INFO: [ app_init ] --START--
INFO: Run Behavior\BuildLiteBehavior [ RunTime:0.000020s ]
INFO: [ app_init ] --END-- [ RunTime:0.000312s ]
INFO: [ app_begin ] --START--
INFO: Run Behavior\ReadHtmlCacheBehavior [ RunTime:0.000441s ]
INFO: [ app_begin ] --END-- [ RunTime:0.000490s ]
SQL: SHOW COLUMNS FROM `pre_wx` [ RunTime:0.0005s ]
SQL: SELECT `cishu` FROM `pre_wx` WHERE ( openid='oHCi1wlUdN1Nd2-HBr2Mnc8tg40Y' ) LIMIT 1   [ RunTime:0.0002s ]
SQL: INSERT INTO `weixin`.`pre_wx` ( `openid`, `cishu`, `od`) VALUES ( 'oHCi1wlUdN1Nd2-HBr2Mnc8tg40Y', '1', 'sss'); [ RunTime:0.0002s ]
SQL: SELECT `cishu` FROM `pre_wx` WHERE ( openid='oHCi1wlUdN1Nd2-HBr2Mnc8tg40Y' ) LIMIT 1   [ RunTime:0.0002s ]
ERR: 无法加载控制器:Index

[ 2017-04-21T15:22:19+08:00 ] 182.254.86.148 /fzj?signature=20a5f441604f600be621cc53b52839611409c9f3&timestamp=1492759338&nonce=273895112&openid=oHCi1wlUdN1Nd2-HBr2Mnc8tg40Y
INFO: [ app_init ] --START--
INFO: Run Behavior\BuildLiteBehavior [ RunTime:0.000015s ]
INFO: [ app_init ] --END-- [ RunTime:0.000266s ]
INFO: [ app_begin ] --START--
INFO: Run Behavior\ReadHtmlCacheBehavior [ RunTime:0.000348s ]
INFO: [ app_begin ] --END-- [ RunTime:0.000385s ]
SQL: SHOW COLUMNS FROM `pre_wx` [ RunTime:0.0005s ]
SQL: SELECT `cishu` FROM `pre_wx` WHERE ( openid='oHCi1wlUdN1Nd2-HBr2Mnc8tg40Y' ) LIMIT 1   [ RunTime:0.0001s ]
SQL: UPDATE `pre_wx` SET `cishu`=cishu+1 WHERE ( openid='oHCi1wlUdN1Nd2-HBr2Mnc8tg40Y' ) [ RunTime:0.0002s ]
SQL: SELECT `cishu` FROM `pre_wx` WHERE ( openid='oHCi1wlUdN1Nd2-HBr2Mnc8tg40Y' ) LIMIT 1   [ RunTime:0.0002s ]
ERR: 无法加载控制器:Index

[ 2017-04-21T15:22:21+08:00 ] 182.254.86.153 /fzj?signature=f2732c176f97a1af8dc5d70ffbb11c1bc9b41b01&timestamp=1492759340&nonce=1582361013&openid=oHCi1wlUdN1Nd2-HBr2Mnc8tg40Y
INFO: [ app_init ] --START--
INFO: Run Behavior\BuildLiteBehavior [ RunTime:0.000014s ]
INFO: [ app_init ] --END-- [ RunTime:0.000283s ]
INFO: [ app_begin ] --START--
INFO: Run Behavior\ReadHtmlCacheBehavior [ RunTime:0.000377s ]
INFO: [ app_begin ] --END-- [ RunTime:0.000412s ]
SQL: SHOW COLUMNS FROM `pre_wx` [ RunTime:0.0008s ]
SQL: SELECT `cishu` FROM `pre_wx` WHERE ( openid='oHCi1wlUdN1Nd2-HBr2Mnc8tg40Y' ) LIMIT 1   [ RunTime:0.0001s ]
SQL: UPDATE `pre_wx` SET `cishu`=cishu+1 WHERE ( openid='oHCi1wlUdN1Nd2-HBr2Mnc8tg40Y' ) [ RunTime:0.0002s ]
SQL: SELECT `cishu` FROM `pre_wx` WHERE ( openid='oHCi1wlUdN1Nd2-HBr2Mnc8tg40Y' ) LIMIT 1   [ RunTime:0.0002s ]
ERR: 无法加载控制器:Index

[ 2017-04-21T15:22:24+08:00 ] 182.254.86.153 /fzj?signature=aa379e547b4fa0c6fc41bb332a5d501dc35585c9&timestamp=1492759343&nonce=892873546&openid=oHCi1wlUdN1Nd2-HBr2Mnc8tg40Y
INFO: [ app_init ] --START--
INFO: Run Behavior\BuildLiteBehavior [ RunTime:0.000015s ]
INFO: [ app_init ] --END-- [ RunTime:0.000315s ]
INFO: [ app_begin ] --START--
INFO: Run Behavior\ReadHtmlCacheBehavior [ RunTime:0.000385s ]
INFO: [ app_begin ] --END-- [ RunTime:0.000425s ]
SQL: SHOW COLUMNS FROM `pre_wx` [ RunTime:0.0005s ]
SQL: SELECT `cishu` FROM `pre_wx` WHERE ( openid='oHCi1wlUdN1Nd2-HBr2Mnc8tg40Y' ) LIMIT 1   [ RunTime:0.0001s ]
SQL: UPDATE `pre_wx` SET `cishu`=cishu+1 WHERE ( openid='oHCi1wlUdN1Nd2-HBr2Mnc8tg40Y' ) [ RunTime:0.0002s ]
SQL: SELECT `cishu` FROM `pre_wx` WHERE ( openid='oHCi1wlUdN1Nd2-HBr2Mnc8tg40Y' ) LIMIT 1   [ RunTime:0.0002s ]
ERR: 无法加载控制器:Index

[ 2017-04-21T15:23:34+08:00 ] 182.254.86.148 /fzj?signature=d97d784a59331d5a86e56ed167825a6696b9cd22&timestamp=1492759413&nonce=2096970655&openid=oHCi1wlUdN1Nd2-HBr2Mnc8tg40Y
INFO: [ app_init ] --START--
INFO: Run Behavior\BuildLiteBehavior [ RunTime:0.000013s ]
INFO: [ app_init ] --END-- [ RunTime:0.000260s ]
INFO: [ app_begin ] --START--
INFO: Run Behavior\ReadHtmlCacheBehavior [ RunTime:0.000361s ]
INFO: [ app_begin ] --END-- [ RunTime:0.000398s ]
SQL: SHOW COLUMNS FROM `pre_wx` [ RunTime:0.0005s ]
SQL: SELECT `cishu` FROM `pre_wx` WHERE ( openid='oHCi1wlUdN1Nd2-HBr2Mnc8tg40Y' ) LIMIT 1   [ RunTime:0.0002s ]
SQL: UPDATE `pre_wx` SET `cishu`=cishu+1 WHERE ( openid='oHCi1wlUdN1Nd2-HBr2Mnc8tg40Y' ) [ RunTime:0.0002s ]
SQL: SELECT `cishu` FROM `pre_wx` WHERE ( openid='oHCi1wlUdN1Nd2-HBr2Mnc8tg40Y' ) LIMIT 1   [ RunTime:0.0001s ]
ERR: 无法加载控制器:Index

[ 2017-04-21T15:23:36+08:00 ] 182.254.86.148 /fzj?signature=0e3994ad1c57f5a72813f4efad7d5b3d3e818c97&timestamp=1492759415&nonce=685070953&openid=oHCi1wlUdN1Nd2-HBr2Mnc8tg40Y
INFO: [ app_init ] --START--
INFO: Run Behavior\BuildLiteBehavior [ RunTime:0.000016s ]
INFO: [ app_init ] --END-- [ RunTime:0.000324s ]
INFO: [ app_begin ] --START--
INFO: Run Behavior\ReadHtmlCacheBehavior [ RunTime:0.000378s ]
INFO: [ app_begin ] --END-- [ RunTime:0.000419s ]
SQL: SHOW COLUMNS FROM `pre_wx` [ RunTime:0.0005s ]
SQL: SELECT `cishu` FROM `pre_wx` WHERE ( openid='oHCi1wlUdN1Nd2-HBr2Mnc8tg40Y' ) LIMIT 1   [ RunTime:0.0001s ]
SQL: UPDATE `pre_wx` SET `cishu`=cishu+1 WHERE ( openid='oHCi1wlUdN1Nd2-HBr2Mnc8tg40Y' ) [ RunTime:0.0002s ]
SQL: SELECT `cishu` FROM `pre_wx` WHERE ( openid='oHCi1wlUdN1Nd2-HBr2Mnc8tg40Y' ) LIMIT 1   [ RunTime:0.0002s ]
ERR: 无法加载控制器:Index

[ 2017-04-21T15:23:49+08:00 ] 182.254.86.143 /fzj?signature=20abe4307b97074900d57df516ede3395c0ee80d&timestamp=1492759428&nonce=631978295&openid=oHCi1wlUdN1Nd2-HBr2Mnc8tg40Y
INFO: [ app_init ] --START--
INFO: Run Behavior\BuildLiteBehavior [ RunTime:0.000016s ]
INFO: [ app_init ] --END-- [ RunTime:0.000265s ]
INFO: [ app_begin ] --START--
INFO: Run Behavior\ReadHtmlCacheBehavior [ RunTime:0.000405s ]
INFO: [ app_begin ] --END-- [ RunTime:0.000440s ]
SQL: SHOW COLUMNS FROM `pre_wx` [ RunTime:0.0005s ]
SQL: SELECT `cishu` FROM `pre_wx` WHERE ( openid='oHCi1wlUdN1Nd2-HBr2Mnc8tg40Y' ) LIMIT 1   [ RunTime:0.0001s ]
SQL: UPDATE `pre_wx` SET `cishu`=cishu+1 WHERE ( openid='oHCi1wlUdN1Nd2-HBr2Mnc8tg40Y' ) [ RunTime:0.0002s ]
SQL: SELECT `cishu` FROM `pre_wx` WHERE ( openid='oHCi1wlUdN1Nd2-HBr2Mnc8tg40Y' ) LIMIT 1   [ RunTime:0.0002s ]
ERR: 无法加载控制器:Index

[ 2017-04-21T15:23:53+08:00 ] 182.254.86.145 /fzj?signature=79eb3b7c4ed575ac042f3305c0e65c44cd21e832&timestamp=1492759432&nonce=288787270&openid=oHCi1wlUdN1Nd2-HBr2Mnc8tg40Y
INFO: [ app_init ] --START--
INFO: Run Behavior\BuildLiteBehavior [ RunTime:0.000015s ]
INFO: [ app_init ] --END-- [ RunTime:0.000295s ]
INFO: [ app_begin ] --START--
INFO: Run Behavior\ReadHtmlCacheBehavior [ RunTime:0.000379s ]
INFO: [ app_begin ] --END-- [ RunTime:0.000417s ]
SQL: SHOW COLUMNS FROM `pre_wx` [ RunTime:0.0014s ]
SQL: SELECT `cishu` FROM `pre_wx` WHERE ( openid='oHCi1wlUdN1Nd2-HBr2Mnc8tg40Y' ) LIMIT 1   [ RunTime:0.0001s ]
SQL: UPDATE `pre_wx` SET `cishu`=cishu+1 WHERE ( openid='oHCi1wlUdN1Nd2-HBr2Mnc8tg40Y' ) [ RunTime:0.0002s ]
SQL: SELECT `cishu` FROM `pre_wx` WHERE ( openid='oHCi1wlUdN1Nd2-HBr2Mnc8tg40Y' ) LIMIT 1   [ RunTime:0.0002s ]
ERR: 无法加载控制器:Index

[ 2017-04-21T15:24:15+08:00 ] 182.254.86.145 /fzj?signature=f6145c352ad238fb5f302ca81df8b814233d6d76&timestamp=1492759455&nonce=26314353&openid=oHCi1wlcan3ypbXW2Mbng8QB_OPc
INFO: [ app_init ] --START--
INFO: Run Behavior\BuildLiteBehavior [ RunTime:0.000016s ]
INFO: [ app_init ] --END-- [ RunTime:0.000393s ]
INFO: [ app_begin ] --START--
INFO: Run Behavior\ReadHtmlCacheBehavior [ RunTime:0.000364s ]
INFO: [ app_begin ] --END-- [ RunTime:0.000401s ]
ERR: 无法加载控制器:Index

[ 2017-04-21T15:24:20+08:00 ] 182.254.86.155 /fzj?signature=ad99ae12b31fbaf7b361c2d7a37e2696f1a527f9&timestamp=1492759459&nonce=1706668651&openid=oHCi1wlcan3ypbXW2Mbng8QB_OPc
INFO: [ app_init ] --START--
INFO: Run Behavior\BuildLiteBehavior [ RunTime:0.000015s ]
INFO: [ app_init ] --END-- [ RunTime:0.000298s ]
INFO: [ app_begin ] --START--
INFO: Run Behavior\ReadHtmlCacheBehavior [ RunTime:0.000348s ]
INFO: [ app_begin ] --END-- [ RunTime:0.000384s ]
SQL: SHOW COLUMNS FROM `pre_wx` [ RunTime:0.0005s ]
SQL: SELECT `cishu` FROM `pre_wx` WHERE ( openid='oHCi1wlcan3ypbXW2Mbng8QB_OPc' ) LIMIT 1   [ RunTime:0.0003s ]
SQL: INSERT INTO `weixin`.`pre_wx` ( `openid`, `cishu`) VALUES ( 'oHCi1wlcan3ypbXW2Mbng8QB_OPc', '1'); [ RunTime:0.0001s ]
SQL: SELECT `cishu` FROM `pre_wx` WHERE ( openid='oHCi1wlcan3ypbXW2Mbng8QB_OPc' ) LIMIT 1   [ RunTime:0.0001s ]
ERR: 无法加载控制器:Index

[ 2017-04-21T15:24:24+08:00 ] 182.254.86.150 /fzj?signature=a3dc537789630eccb9140cc9b48fd7a89c6d1cfa&timestamp=1492759463&nonce=185839010&openid=oHCi1wlcan3ypbXW2Mbng8QB_OPc
INFO: [ app_init ] --START--
INFO: Run Behavior\BuildLiteBehavior [ RunTime:0.000014s ]
INFO: [ app_init ] --END-- [ RunTime:0.000298s ]
INFO: [ app_begin ] --START--
INFO: Run Behavior\ReadHtmlCacheBehavior [ RunTime:0.000324s ]
INFO: [ app_begin ] --END-- [ RunTime:0.000359s ]
SQL: SHOW COLUMNS FROM `pre_wx` [ RunTime:0.0005s ]
SQL: SELECT `cishu` FROM `pre_wx` WHERE ( openid='oHCi1wlcan3ypbXW2Mbng8QB_OPc' ) LIMIT 1   [ RunTime:0.0001s ]
SQL: UPDATE `pre_wx` SET `cishu`=cishu+1 WHERE ( openid='oHCi1wlcan3ypbXW2Mbng8QB_OPc' ) [ RunTime:0.0002s ]
SQL: SELECT `cishu` FROM `pre_wx` WHERE ( openid='oHCi1wlcan3ypbXW2Mbng8QB_OPc' ) LIMIT 1   [ RunTime:0.0001s ]
ERR: 无法加载控制器:Index

[ 2017-04-21T15:24:26+08:00 ] 182.254.86.155 /fzj?signature=2bdad62e67bc06c142ac27b8af467543092b0417&timestamp=1492759465&nonce=1988114010&openid=oHCi1wlcan3ypbXW2Mbng8QB_OPc
INFO: [ app_init ] --START--
INFO: Run Behavior\BuildLiteBehavior [ RunTime:0.000019s ]
INFO: [ app_init ] --END-- [ RunTime:0.000304s ]
INFO: [ app_begin ] --START--
INFO: Run Behavior\ReadHtmlCacheBehavior [ RunTime:0.000330s ]
INFO: [ app_begin ] --END-- [ RunTime:0.000365s ]
SQL: SHOW COLUMNS FROM `pre_wx` [ RunTime:0.0005s ]
SQL: SELECT `cishu` FROM `pre_wx` WHERE ( openid='oHCi1wlcan3ypbXW2Mbng8QB_OPc' ) LIMIT 1   [ RunTime:0.0000s ]
SQL: UPDATE `pre_wx` SET `cishu`=cishu+1 WHERE ( openid='oHCi1wlcan3ypbXW2Mbng8QB_OPc' ) [ RunTime:0.0002s ]
SQL: SELECT `cishu` FROM `pre_wx` WHERE ( openid='oHCi1wlcan3ypbXW2Mbng8QB_OPc' ) LIMIT 1   [ RunTime:0.0001s ]
ERR: 无法加载控制器:Index

[ 2017-04-21T15:25:24+08:00 ] 182.254.86.153 /fzj?signature=a9c351b96935d86cf03fd2722408406d71bbd614&timestamp=1492759523&nonce=800736773&openid=oHCi1wlUdN1Nd2-HBr2Mnc8tg40Y
INFO: [ app_init ] --START--
INFO: Run Behavior\BuildLiteBehavior [ RunTime:0.000015s ]
INFO: [ app_init ] --END-- [ RunTime:0.000265s ]
INFO: [ app_begin ] --START--
INFO: Run Behavior\ReadHtmlCacheBehavior [ RunTime:0.000339s ]
INFO: [ app_begin ] --END-- [ RunTime:0.000380s ]
SQL: SHOW COLUMNS FROM `pre_wx` [ RunTime:0.0005s ]
SQL: SELECT `cishu` FROM `pre_wx` WHERE ( openid='oHCi1wlUdN1Nd2-HBr2Mnc8tg40Y' ) LIMIT 1   [ RunTime:0.0002s ]
SQL: UPDATE `pre_wx` SET `cishu`=cishu+1 WHERE ( openid='oHCi1wlUdN1Nd2-HBr2Mnc8tg40Y' ) [ RunTime:0.0002s ]
SQL: SELECT `cishu` FROM `pre_wx` WHERE ( openid='oHCi1wlUdN1Nd2-HBr2Mnc8tg40Y' ) LIMIT 1   [ RunTime:0.0001s ]
ERR: 无法加载控制器:Index

[ 2017-04-21T15:25:26+08:00 ] 182.254.86.153 /fzj?signature=be78d4d34c44048f11c792f4776b5e5a8d4679c5&timestamp=1492759525&nonce=1139629718&openid=oHCi1wlUdN1Nd2-HBr2Mnc8tg40Y
INFO: [ app_init ] --START--
INFO: Run Behavior\BuildLiteBehavior [ RunTime:0.000015s ]
INFO: [ app_init ] --END-- [ RunTime:0.000264s ]
INFO: [ app_begin ] --START--
INFO: Run Behavior\ReadHtmlCacheBehavior [ RunTime:0.000338s ]
INFO: [ app_begin ] --END-- [ RunTime:0.000373s ]
SQL: SHOW COLUMNS FROM `pre_wx` [ RunTime:0.0005s ]
SQL: SELECT `cishu` FROM `pre_wx` WHERE ( openid='oHCi1wlUdN1Nd2-HBr2Mnc8tg40Y' ) LIMIT 1   [ RunTime:0.0001s ]
SQL: UPDATE `pre_wx` SET `cishu`=cishu+1 WHERE ( openid='oHCi1wlUdN1Nd2-HBr2Mnc8tg40Y' ) [ RunTime:0.0002s ]
SQL: SELECT `cishu` FROM `pre_wx` WHERE ( openid='oHCi1wlUdN1Nd2-HBr2Mnc8tg40Y' ) LIMIT 1   [ RunTime:0.0001s ]
ERR: 无法加载控制器:Index

[ 2017-04-21T15:25:29+08:00 ] 182.254.86.158 /fzj?signature=fd419855295be847fee703979856fa0535c6ea03&timestamp=1492759528&nonce=1761349708&openid=oHCi1wlUdN1Nd2-HBr2Mnc8tg40Y
INFO: [ app_init ] --START--
INFO: Run Behavior\BuildLiteBehavior [ RunTime:0.000016s ]
INFO: [ app_init ] --END-- [ RunTime:0.000294s ]
INFO: [ app_begin ] --START--
INFO: Run Behavior\ReadHtmlCacheBehavior [ RunTime:0.000381s ]
INFO: [ app_begin ] --END-- [ RunTime:0.000417s ]
SQL: SHOW COLUMNS FROM `pre_wx` [ RunTime:0.0005s ]
SQL: SELECT `cishu` FROM `pre_wx` WHERE ( openid='oHCi1wlUdN1Nd2-HBr2Mnc8tg40Y' ) LIMIT 1   [ RunTime:0.0001s ]
SQL: UPDATE `pre_wx` SET `cishu`=cishu+1 WHERE ( openid='oHCi1wlUdN1Nd2-HBr2Mnc8tg40Y' ) [ RunTime:0.0002s ]
SQL: SELECT `cishu` FROM `pre_wx` WHERE ( openid='oHCi1wlUdN1Nd2-HBr2Mnc8tg40Y' ) LIMIT 1   [ RunTime:0.0001s ]
ERR: 无法加载控制器:Index

[ 2017-04-21T16:01:15+08:00 ] 182.254.86.148 /fzj?signature=ed29e36703a710ea23ec26b7ee11a1fb91668771&timestamp=1492761674&nonce=508091917&openid=oHCi1wlUdN1Nd2-HBr2Mnc8tg40Y
INFO: [ app_init ] --START--
INFO: Run Behavior\BuildLiteBehavior [ RunTime:0.000016s ]
INFO: [ app_init ] --END-- [ RunTime:0.000309s ]
INFO: [ app_begin ] --START--
INFO: Run Behavior\ReadHtmlCacheBehavior [ RunTime:0.000359s ]
INFO: [ app_begin ] --END-- [ RunTime:0.000395s ]
NOTIC: [2] mysql_connect(): Access denied for user 'root'@'localhost' (using password: YES) /home/wwwroot/weixin.yudw.com/Application/Fzj/Controller/IndexController.class.php 第 545 行.

[ 2017-04-21T16:01:18+08:00 ] 182.254.86.153 /fzj?signature=ed1240eb60483bb302c5ebaa32129a33c4ccf988&timestamp=1492761677&nonce=194039380&openid=oHCi1wlUdN1Nd2-HBr2Mnc8tg40Y
INFO: [ app_init ] --START--
INFO: Run Behavior\BuildLiteBehavior [ RunTime:0.000015s ]
INFO: [ app_init ] --END-- [ RunTime:0.000266s ]
INFO: [ app_begin ] --START--
INFO: Run Behavior\ReadHtmlCacheBehavior [ RunTime:0.000359s ]
INFO: [ app_begin ] --END-- [ RunTime:0.000397s ]
NOTIC: [2] mysql_connect(): Access denied for user 'root'@'localhost' (using password: YES) /home/wwwroot/weixin.yudw.com/Application/Fzj/Controller/IndexController.class.php 第 545 行.

[ 2017-04-21T16:02:18+08:00 ] 182.254.86.153 /fzj?signature=ec5d2e662f720cced8eaa0e98771c974c6cc1298&timestamp=1492761737&nonce=270207565&openid=oHCi1wlUdN1Nd2-HBr2Mnc8tg40Y
INFO: [ app_init ] --START--
INFO: Run Behavior\BuildLiteBehavior [ RunTime:0.000015s ]
INFO: [ app_init ] --END-- [ RunTime:0.000405s ]
INFO: [ app_begin ] --START--
INFO: Run Behavior\ReadHtmlCacheBehavior [ RunTime:0.000364s ]
INFO: [ app_begin ] --END-- [ RunTime:0.000403s ]
SQL: SHOW COLUMNS FROM `pre_wx` [ RunTime:0.0005s ]
SQL: SELECT `cishu` FROM `pre_wx` WHERE ( openid='oHCi1wlUdN1Nd2-HBr2Mnc8tg40Y' ) LIMIT 1   [ RunTime:0.0001s ]
SQL: UPDATE `pre_wx` SET `cishu`=cishu+1 WHERE ( openid='oHCi1wlUdN1Nd2-HBr2Mnc8tg40Y' ) [ RunTime:0.0002s ]
SQL: SELECT `cishu` FROM `pre_wx` WHERE ( openid='oHCi1wlUdN1Nd2-HBr2Mnc8tg40Y' ) LIMIT 1   [ RunTime:0.0003s ]
ERR: 无法加载控制器:Index

[ 2017-04-21T16:02:21+08:00 ] 182.254.86.158 /fzj?signature=fadda0a74009bc998e766bc75e8b7c12478a242f&timestamp=1492761740&nonce=1077966061&openid=oHCi1wlUdN1Nd2-HBr2Mnc8tg40Y
INFO: [ app_init ] --START--
INFO: Run Behavior\BuildLiteBehavior [ RunTime:0.000013s ]
INFO: [ app_init ] --END-- [ RunTime:0.000259s ]
INFO: [ app_begin ] --START--
INFO: Run Behavior\ReadHtmlCacheBehavior [ RunTime:0.000434s ]
INFO: [ app_begin ] --END-- [ RunTime:0.000471s ]
SQL: SHOW COLUMNS FROM `pre_wx` [ RunTime:0.0006s ]
SQL: SELECT `cishu` FROM `pre_wx` WHERE ( openid='oHCi1wlUdN1Nd2-HBr2Mnc8tg40Y' ) LIMIT 1   [ RunTime:0.0001s ]
SQL: UPDATE `pre_wx` SET `cishu`=cishu+1 WHERE ( openid='oHCi1wlUdN1Nd2-HBr2Mnc8tg40Y' ) [ RunTime:0.0002s ]
SQL: SELECT `cishu` FROM `pre_wx` WHERE ( openid='oHCi1wlUdN1Nd2-HBr2Mnc8tg40Y' ) LIMIT 1   [ RunTime:0.0003s ]
ERR: 无法加载控制器:Index

[ 2017-04-21T16:02:53+08:00 ] 182.254.86.158 /fzj?signature=e62a2c2fff95014c1eed32004bad9d7e88d1bda4&timestamp=1492761772&nonce=116582269&openid=oHCi1wlUdN1Nd2-HBr2Mnc8tg40Y
INFO: [ app_init ] --START--
INFO: Run Behavior\BuildLiteBehavior [ RunTime:0.000018s ]
INFO: [ app_init ] --END-- [ RunTime:0.000370s ]
INFO: [ app_begin ] --START--
INFO: Run Behavior\ReadHtmlCacheBehavior [ RunTime:0.000496s ]
INFO: [ app_begin ] --END-- [ RunTime:0.000545s ]
SQL: SHOW COLUMNS FROM `pre_wx` [ RunTime:0.0005s ]
SQL: SELECT `cishu` FROM `pre_wx` WHERE ( openid='oHCi1wlUdN1Nd2-HBr2Mnc8tg40Y' ) LIMIT 1   [ RunTime:0.0001s ]
SQL: UPDATE `pre_wx` SET `cishu`=cishu+1 WHERE ( openid='oHCi1wlUdN1Nd2-HBr2Mnc8tg40Y' ) [ RunTime:0.0002s ]
SQL: SELECT `cishu` FROM `pre_wx` WHERE ( openid='oHCi1wlUdN1Nd2-HBr2Mnc8tg40Y' ) LIMIT 1   [ RunTime:0.0003s ]
ERR: 无法加载控制器:Index

[ 2017-04-21T16:03:12+08:00 ] 182.254.86.152 /fzj?signature=39c2611f06193354a9fa477b7a28f27e58ef9e2c&timestamp=1492761791&nonce=1393181401&openid=oHCi1wpPSmvwMkjX2pPtAr-ARfV8
INFO: [ app_init ] --START--
INFO: Run Behavior\BuildLiteBehavior [ RunTime:0.000028s ]
INFO: [ app_init ] --END-- [ RunTime:0.000290s ]
INFO: [ app_begin ] --START--
INFO: Run Behavior\ReadHtmlCacheBehavior [ RunTime:0.000334s ]
INFO: [ app_begin ] --END-- [ RunTime:0.000372s ]
ERR: 无法加载控制器:Index

[ 2017-04-21T16:03:17+08:00 ] 182.254.86.140 /fzj?signature=1bb4149dbb8099253640259ced6d0601025a86c2&timestamp=1492761797&nonce=179675576&openid=oHCi1wpPSmvwMkjX2pPtAr-ARfV8
INFO: [ app_init ] --START--
INFO: Run Behavior\BuildLiteBehavior [ RunTime:0.000015s ]
INFO: [ app_init ] --END-- [ RunTime:0.000276s ]
INFO: [ app_begin ] --START--
INFO: Run Behavior\ReadHtmlCacheBehavior [ RunTime:0.000427s ]
INFO: [ app_begin ] --END-- [ RunTime:0.000462s ]
ERR: 无法加载控制器:Index

[ 2017-04-21T16:03:18+08:00 ] 182.254.86.143 /fzj?signature=17422e992c445d9047cc3f81afb282b2f85fa79e&timestamp=1492761797&nonce=1510028454&openid=oHCi1wpPSmvwMkjX2pPtAr-ARfV8
INFO: [ app_init ] --START--
INFO: Run Behavior\BuildLiteBehavior [ RunTime:0.000014s ]
INFO: [ app_init ] --END-- [ RunTime:0.000280s ]
INFO: [ app_begin ] --START--
INFO: Run Behavior\ReadHtmlCacheBehavior [ RunTime:0.000431s ]
INFO: [ app_begin ] --END-- [ RunTime:0.000471s ]
SQL: SHOW COLUMNS FROM `pre_wx` [ RunTime:0.0006s ]
SQL: SELECT `cishu` FROM `pre_wx` WHERE ( openid='oHCi1wpPSmvwMkjX2pPtAr-ARfV8' ) LIMIT 1   [ RunTime:0.0003s ]
SQL: INSERT INTO `weixin`.`pre_wx` ( `openid`, `cishu`) VALUES ( 'oHCi1wpPSmvwMkjX2pPtAr-ARfV8', '1'); [ RunTime:0.0002s ]
SQL: SELECT `cishu` FROM `pre_wx` WHERE ( openid='oHCi1wpPSmvwMkjX2pPtAr-ARfV8' ) LIMIT 1   [ RunTime:0.0001s ]
ERR: 无法加载控制器:Index

[ 2017-04-21T16:04:12+08:00 ] 182.254.86.142 /fzj?signature=195fe2cbbf4001dba6d6de69865ac41b031fa0bd&timestamp=1492761851&nonce=987352770&openid=oHCi1wpPSmvwMkjX2pPtAr-ARfV8
INFO: [ app_init ] --START--
INFO: Run Behavior\BuildLiteBehavior [ RunTime:0.000021s ]
INFO: [ app_init ] --END-- [ RunTime:0.000332s ]
INFO: [ app_begin ] --START--
INFO: Run Behavior\ReadHtmlCacheBehavior [ RunTime:0.000350s ]
INFO: [ app_begin ] --END-- [ RunTime:0.000387s ]
ERR: 无法加载控制器:Index

[ 2017-04-21T16:21:16+08:00 ] 182.254.86.143 /fzj?signature=3f7eeb3889ac55a07ca70d0f7ec68329bb876976&timestamp=1492762874&nonce=411627405&openid=oHCi1wlUdN1Nd2-HBr2Mnc8tg40Y
INFO: [ app_init ] --START--
INFO: Run Behavior\BuildLiteBehavior [ RunTime:0.000032s ]
INFO: [ app_init ] --END-- [ RunTime:0.002036s ]
INFO: [ app_begin ] --START--
INFO: Run Behavior\ReadHtmlCacheBehavior [ RunTime:0.002156s ]
INFO: [ app_begin ] --END-- [ RunTime:0.002203s ]
SQL: SHOW COLUMNS FROM `pre_wx` [ RunTime:0.0005s ]
SQL: SELECT `cishu` FROM `pre_wx` WHERE ( openid='oHCi1wlUdN1Nd2-HBr2Mnc8tg40Y' ) LIMIT 1   [ RunTime:0.0002s ]
SQL: UPDATE `pre_wx` SET `cishu`=cishu+1 WHERE ( openid='oHCi1wlUdN1Nd2-HBr2Mnc8tg40Y' ) [ RunTime:0.0002s ]
SQL: SELECT `cishu` FROM `pre_wx` WHERE ( openid='oHCi1wlUdN1Nd2-HBr2Mnc8tg40Y' ) LIMIT 1   [ RunTime:0.0001s ]
NOTIC: [2] fopen(/home/wwwroot/weixin.yudw.com/ThinkPHP//Conf/access_token.txt): failed to open stream: Permission denied /home/wwwroot/weixin.yudw.com/Application/Fzj/Controller/IndexController.class.php 第 623 行.
NOTIC: [2] fwrite() expects parameter 1 to be resource, boolean given /home/wwwroot/weixin.yudw.com/Application/Fzj/Controller/IndexController.class.php 第 624 行.
NOTIC: [2] fclose() expects parameter 1 to be resource, boolean given /home/wwwroot/weixin.yudw.com/Application/Fzj/Controller/IndexController.class.php 第 625 行.
ERR: 无法加载控制器:Index

[ 2017-04-21T16:21:40+08:00 ] 182.254.86.148 /fzj?signature=fac5f6fb0db7590a40a8b964b52f4f4069858904&timestamp=1492762900&nonce=1740433105&openid=oHCi1wlUdN1Nd2-HBr2Mnc8tg40Y
INFO: [ app_init ] --START--
INFO: Run Behavior\BuildLiteBehavior [ RunTime:0.000019s ]
INFO: [ app_init ] --END-- [ RunTime:0.000380s ]
INFO: [ app_begin ] --START--
INFO: Run Behavior\ReadHtmlCacheBehavior [ RunTime:0.000337s ]
INFO: [ app_begin ] --END-- [ RunTime:0.000372s ]
ERR: 无法加载控制器:Index

[ 2017-04-21T16:21:49+08:00 ] 182.254.86.143 /fzj?signature=7dae4bc71b706a9e299b944e73a3eafcb939fedb&timestamp=1492762908&nonce=54120753&openid=oHCi1wlUdN1Nd2-HBr2Mnc8tg40Y
INFO: [ app_init ] --START--
INFO: Run Behavior\BuildLiteBehavior [ RunTime:0.000016s ]
INFO: [ app_init ] --END-- [ RunTime:0.000285s ]
INFO: [ app_begin ] --START--
INFO: Run Behavior\ReadHtmlCacheBehavior [ RunTime:0.000369s ]
INFO: [ app_begin ] --END-- [ RunTime:0.000413s ]
ERR: 无法加载控制器:Index

[ 2017-04-21T16:21:50+08:00 ] 182.254.86.153 /fzj?signature=76c25b09cf92baf2f2c2a20571183c5535ca810d&timestamp=1492762909&nonce=475467096&openid=oHCi1wlUdN1Nd2-HBr2Mnc8tg40Y
INFO: [ app_init ] --START--
INFO: Run Behavior\BuildLiteBehavior [ RunTime:0.000012s ]
INFO: [ app_init ] --END-- [ RunTime:0.000281s ]
INFO: [ app_begin ] --START--
INFO: Run Behavior\ReadHtmlCacheBehavior [ RunTime:0.000341s ]
INFO: [ app_begin ] --END-- [ RunTime:0.000377s ]
SQL: SHOW COLUMNS FROM `pre_wx` [ RunTime:0.0005s ]
SQL: SELECT `cishu` FROM `pre_wx` WHERE ( openid='oHCi1wlUdN1Nd2-HBr2Mnc8tg40Y' ) LIMIT 1   [ RunTime:0.0001s ]
SQL: UPDATE `pre_wx` SET `cishu`=cishu+1 WHERE ( openid='oHCi1wlUdN1Nd2-HBr2Mnc8tg40Y' ) [ RunTime:0.0002s ]
SQL: SELECT `cishu` FROM `pre_wx` WHERE ( openid='oHCi1wlUdN1Nd2-HBr2Mnc8tg40Y' ) LIMIT 1   [ RunTime:0.0002s ]
NOTIC: [2] fopen(/home/wwwroot/weixin.yudw.com/ThinkPHP//Conf/access_token.txt): failed to open stream: Permission denied /home/wwwroot/weixin.yudw.com/Application/Fzj/Controller/IndexController.class.php 第 623 行.
NOTIC: [2] fwrite() expects parameter 1 to be resource, boolean given /home/wwwroot/weixin.yudw.com/Application/Fzj/Controller/IndexController.class.php 第 624 行.
NOTIC: [2] fclose() expects parameter 1 to be resource, boolean given /home/wwwroot/weixin.yudw.com/Application/Fzj/Controller/IndexController.class.php 第 625 行.
ERR: 无法加载控制器:Index

[ 2017-04-21T16:21:55+08:00 ] 182.254.86.153 /fzj?signature=cf56ad4b45ed1b41892ee9d4ece8d3843e26e48c&timestamp=1492762914&nonce=1966650420&openid=oHCi1wlUdN1Nd2-HBr2Mnc8tg40Y
INFO: [ app_init ] --START--
INFO: Run Behavior\BuildLiteBehavior [ RunTime:0.000016s ]
INFO: [ app_init ] --END-- [ RunTime:0.000322s ]
INFO: [ app_begin ] --START--
INFO: Run Behavior\ReadHtmlCacheBehavior [ RunTime:0.000373s ]
INFO: [ app_begin ] --END-- [ RunTime:0.000411s ]
SQL: SHOW COLUMNS FROM `pre_wx` [ RunTime:0.0005s ]
SQL: SELECT `cishu` FROM `pre_wx` WHERE ( openid='oHCi1wlUdN1Nd2-HBr2Mnc8tg40Y' ) LIMIT 1   [ RunTime:0.0001s ]
SQL: UPDATE `pre_wx` SET `cishu`=cishu+1 WHERE ( openid='oHCi1wlUdN1Nd2-HBr2Mnc8tg40Y' ) [ RunTime:0.0002s ]
SQL: SELECT `cishu` FROM `pre_wx` WHERE ( openid='oHCi1wlUdN1Nd2-HBr2Mnc8tg40Y' ) LIMIT 1   [ RunTime:0.0002s ]
NOTIC: [2] fopen(/home/wwwroot/weixin.yudw.com/ThinkPHP//Conf/access_token.txt): failed to open stream: Permission denied /home/wwwroot/weixin.yudw.com/Application/Fzj/Controller/IndexController.class.php 第 623 行.
NOTIC: [2] fwrite() expects parameter 1 to be resource, boolean given /home/wwwroot/weixin.yudw.com/Application/Fzj/Controller/IndexController.class.php 第 624 行.
NOTIC: [2] fclose() expects parameter 1 to be resource, boolean given /home/wwwroot/weixin.yudw.com/Application/Fzj/Controller/IndexController.class.php 第 625 行.
ERR: 无法加载控制器:Index

[ 2017-04-21T16:22:01+08:00 ] 182.254.86.147 /fzj?signature=b8d8bc2790ecf84e8acd275f2f5a6a7f07e9972a&timestamp=1492762920&nonce=1829155763&openid=oHCi1wlUdN1Nd2-HBr2Mnc8tg40Y
INFO: [ app_init ] --START--
INFO: Run Behavior\BuildLiteBehavior [ RunTime:0.000026s ]
INFO: [ app_init ] --END-- [ RunTime:0.000349s ]
INFO: [ app_begin ] --START--
INFO: Run Behavior\ReadHtmlCacheBehavior [ RunTime:0.000379s ]
INFO: [ app_begin ] --END-- [ RunTime:0.000422s ]
SQL: SHOW COLUMNS FROM `pre_wx` [ RunTime:0.0006s ]
SQL: SELECT `cishu` FROM `pre_wx` WHERE ( openid='oHCi1wlUdN1Nd2-HBr2Mnc8tg40Y' ) LIMIT 1   [ RunTime:0.0001s ]
SQL: UPDATE `pre_wx` SET `cishu`=cishu+1 WHERE ( openid='oHCi1wlUdN1Nd2-HBr2Mnc8tg40Y' ) [ RunTime:0.0002s ]
SQL: SELECT `cishu` FROM `pre_wx` WHERE ( openid='oHCi1wlUdN1Nd2-HBr2Mnc8tg40Y' ) LIMIT 1   [ RunTime:0.0002s ]
NOTIC: [2] fopen(/home/wwwroot/weixin.yudw.com/ThinkPHP//Conf/access_token.txt): failed to open stream: Permission denied /home/wwwroot/weixin.yudw.com/Application/Fzj/Controller/IndexController.class.php 第 623 行.
NOTIC: [2] fwrite() expects parameter 1 to be resource, boolean given /home/wwwroot/weixin.yudw.com/Application/Fzj/Controller/IndexController.class.php 第 624 行.
NOTIC: [2] fclose() expects parameter 1 to be resource, boolean given /home/wwwroot/weixin.yudw.com/Application/Fzj/Controller/IndexController.class.php 第 625 行.
ERR: 无法加载控制器:Index

[ 2017-04-21T16:23:07+08:00 ] 182.254.86.153 /fzj?signature=b591ea61336c822a4124ee551b782a0c6b308523&timestamp=1492762985&nonce=1088187443&openid=oHCi1wlUdN1Nd2-HBr2Mnc8tg40Y
INFO: [ app_init ] --START--
INFO: Run Behavior\BuildLiteBehavior [ RunTime:0.000014s ]
INFO: [ app_init ] --END-- [ RunTime:0.000270s ]
INFO: [ app_begin ] --START--
INFO: Run Behavior\ReadHtmlCacheBehavior [ RunTime:0.000337s ]
INFO: [ app_begin ] --END-- [ RunTime:0.000378s ]
SQL: SHOW COLUMNS FROM `pre_wx` [ RunTime:0.0005s ]
SQL: SELECT `cishu` FROM `pre_wx` WHERE ( openid='oHCi1wlUdN1Nd2-HBr2Mnc8tg40Y' ) LIMIT 1   [ RunTime:0.0001s ]
SQL: UPDATE `pre_wx` SET `cishu`=cishu+1 WHERE ( openid='oHCi1wlUdN1Nd2-HBr2Mnc8tg40Y' ) [ RunTime:0.0002s ]
SQL: SELECT `cishu` FROM `pre_wx` WHERE ( openid='oHCi1wlUdN1Nd2-HBr2Mnc8tg40Y' ) LIMIT 1   [ RunTime:0.0002s ]
NOTIC: [2] fopen(/home/wwwroot/weixin.yudw.com/ThinkPHP//Conf/access_token.txt): failed to open stream: Permission denied /home/wwwroot/weixin.yudw.com/Application/Fzj/Controller/IndexController.class.php 第 620 行.
NOTIC: [2] fwrite() expects parameter 1 to be resource, boolean given /home/wwwroot/weixin.yudw.com/Application/Fzj/Controller/IndexController.class.php 第 621 行.
NOTIC: [2] fclose() expects parameter 1 to be resource, boolean given /home/wwwroot/weixin.yudw.com/Application/Fzj/Controller/IndexController.class.php 第 622 行.
ERR: 无法加载控制器:Index

[ 2017-04-21T16:23:22+08:00 ] 182.254.86.158 /fzj?signature=2ce251488906a0ed9f7d1fbe89e56aaf71f5763f&timestamp=1492763002&nonce=687018829&openid=oHCi1wlUdN1Nd2-HBr2Mnc8tg40Y
INFO: [ app_init ] --START--
INFO: Run Behavior\BuildLiteBehavior [ RunTime:0.000017s ]
INFO: [ app_init ] --END-- [ RunTime:0.000287s ]
INFO: [ app_begin ] --START--
INFO: Run Behavior\ReadHtmlCacheBehavior [ RunTime:0.000334s ]
INFO: [ app_begin ] --END-- [ RunTime:0.000370s ]
ERR: 无法加载控制器:Index

[ 2017-04-21T16:23:23+08:00 ] 182.254.86.148 /fzj?signature=fea170d95cd339b07cbdf860b7a197f01456e5b9&timestamp=1492763002&nonce=613021590&openid=oHCi1wlUdN1Nd2-HBr2Mnc8tg40Y
INFO: [ app_init ] --START--
INFO: Run Behavior\BuildLiteBehavior [ RunTime:0.000015s ]
INFO: [ app_init ] --END-- [ RunTime:0.000265s ]
INFO: [ app_begin ] --START--
INFO: Run Behavior\ReadHtmlCacheBehavior [ RunTime:0.000382s ]
INFO: [ app_begin ] --END-- [ RunTime:0.000419s ]
SQL: SHOW COLUMNS FROM `pre_wx` [ RunTime:0.0005s ]
SQL: SELECT `cishu` FROM `pre_wx` WHERE ( openid='oHCi1wlUdN1Nd2-HBr2Mnc8tg40Y' ) LIMIT 1   [ RunTime:0.0001s ]
SQL: UPDATE `pre_wx` SET `cishu`=cishu+1 WHERE ( openid='oHCi1wlUdN1Nd2-HBr2Mnc8tg40Y' ) [ RunTime:0.0003s ]
SQL: SELECT `cishu` FROM `pre_wx` WHERE ( openid='oHCi1wlUdN1Nd2-HBr2Mnc8tg40Y' ) LIMIT 1   [ RunTime:0.0002s ]
NOTIC: [2] fopen(/home/wwwroot/weixin.yudw.com/ThinkPHP//Conf/access_token.txt): failed to open stream: Permission denied /home/wwwroot/weixin.yudw.com/Application/Fzj/Controller/IndexController.class.php 第 620 行.
NOTIC: [2] fwrite() expects parameter 1 to be resource, boolean given /home/wwwroot/weixin.yudw.com/Application/Fzj/Controller/IndexController.class.php 第 621 行.
NOTIC: [2] fclose() expects parameter 1 to be resource, boolean given /home/wwwroot/weixin.yudw.com/Application/Fzj/Controller/IndexController.class.php 第 622 行.
ERR: 无法加载控制器:Index

[ 2017-04-21T16:25:00+08:00 ] 182.254.86.145 /fzj?signature=bf5ac7c684e99069fd02f31d74009b7c0844c110&timestamp=1492763099&nonce=239537392&openid=oHCi1whqP99bNvPtKE858KfyP4IA
INFO: [ app_init ] --START--
INFO: Run Behavior\BuildLiteBehavior [ RunTime:0.000015s ]
INFO: [ app_init ] --END-- [ RunTime:0.000289s ]
INFO: [ app_begin ] --START--
INFO: Run Behavior\ReadHtmlCacheBehavior [ RunTime:0.000444s ]
INFO: [ app_begin ] --END-- [ RunTime:0.000489s ]
ERR: 无法加载控制器:Index

[ 2017-04-21T16:25:11+08:00 ] 182.254.86.145 /fzj?signature=ad5b74f611ccfab8c823ff8a92ffb9a8b10a5cf5&timestamp=1492763111&nonce=913396621&openid=oHCi1whqP99bNvPtKE858KfyP4IA
INFO: [ app_init ] --START--
INFO: Run Behavior\BuildLiteBehavior [ RunTime:0.000016s ]
INFO: [ app_init ] --END-- [ RunTime:0.000279s ]
INFO: [ app_begin ] --START--
INFO: Run Behavior\ReadHtmlCacheBehavior [ RunTime:0.000353s ]
INFO: [ app_begin ] --END-- [ RunTime:0.000389s ]
ERR: 无法加载控制器:Index

[ 2017-04-21T16:25:13+08:00 ] 182.254.86.150 /fzj?signature=2b8023250be669f1897ff56fdad29cec5b2f0d6e&timestamp=1492763112&nonce=309104225&openid=oHCi1whqP99bNvPtKE858KfyP4IA
INFO: [ app_init ] --START--
INFO: Run Behavior\BuildLiteBehavior [ RunTime:0.000014s ]
INFO: [ app_init ] --END-- [ RunTime:0.000260s ]
INFO: [ app_begin ] --START--
INFO: Run Behavior\ReadHtmlCacheBehavior [ RunTime:0.000349s ]
INFO: [ app_begin ] --END-- [ RunTime:0.000383s ]
SQL: SHOW COLUMNS FROM `pre_wx` [ RunTime:0.0005s ]
SQL: SELECT `cishu` FROM `pre_wx` WHERE ( openid='oHCi1whqP99bNvPtKE858KfyP4IA' ) LIMIT 1   [ RunTime:0.0004s ]
SQL: INSERT INTO `weixin`.`pre_wx` ( `openid`, `cishu`) VALUES ( 'oHCi1whqP99bNvPtKE858KfyP4IA', '1'); [ RunTime:0.0001s ]
SQL: SELECT `cishu` FROM `pre_wx` WHERE ( openid='oHCi1whqP99bNvPtKE858KfyP4IA' ) LIMIT 1   [ RunTime:0.0002s ]
NOTIC: [2] fopen(/home/wwwroot/weixin.yudw.com/ThinkPHP//Conf/access_token.txt): failed to open stream: Permission denied /home/wwwroot/weixin.yudw.com/Application/Fzj/Controller/IndexController.class.php 第 619 行.
NOTIC: [2] fwrite() expects parameter 1 to be resource, boolean given /home/wwwroot/weixin.yudw.com/Application/Fzj/Controller/IndexController.class.php 第 620 行.
NOTIC: [2] fclose() expects parameter 1 to be resource, boolean given /home/wwwroot/weixin.yudw.com/Application/Fzj/Controller/IndexController.class.php 第 621 行.
ERR: 无法加载控制器:Index

[ 2017-04-21T16:25:17+08:00 ] 182.254.86.145 /fzj?signature=08322481ba97283114b66bef7a1832d009fbc570&timestamp=1492763116&nonce=51479494&openid=oHCi1whqP99bNvPtKE858KfyP4IA
INFO: [ app_init ] --START--
INFO: Run Behavior\BuildLiteBehavior [ RunTime:0.000015s ]
INFO: [ app_init ] --END-- [ RunTime:0.000301s ]
INFO: [ app_begin ] --START--
INFO: Run Behavior\ReadHtmlCacheBehavior [ RunTime:0.000378s ]
INFO: [ app_begin ] --END-- [ RunTime:0.000420s ]
SQL: SHOW COLUMNS FROM `pre_wx` [ RunTime:0.0005s ]
SQL: SELECT `cishu` FROM `pre_wx` WHERE ( openid='oHCi1whqP99bNvPtKE858KfyP4IA' ) LIMIT 1   [ RunTime:0.0001s ]
SQL: UPDATE `pre_wx` SET `cishu`=cishu+1 WHERE ( openid='oHCi1whqP99bNvPtKE858KfyP4IA' ) [ RunTime:0.0002s ]
SQL: SELECT `cishu` FROM `pre_wx` WHERE ( openid='oHCi1whqP99bNvPtKE858KfyP4IA' ) LIMIT 1   [ RunTime:0.0002s ]
NOTIC: [2] fopen(/home/wwwroot/weixin.yudw.com/ThinkPHP//Conf/access_token.txt): failed to open stream: Permission denied /home/wwwroot/weixin.yudw.com/Application/Fzj/Controller/IndexController.class.php 第 619 行.
NOTIC: [2] fwrite() expects parameter 1 to be resource, boolean given /home/wwwroot/weixin.yudw.com/Application/Fzj/Controller/IndexController.class.php 第 620 行.
NOTIC: [2] fclose() expects parameter 1 to be resource, boolean given /home/wwwroot/weixin.yudw.com/Application/Fzj/Controller/IndexController.class.php 第 621 行.
ERR: 无法加载控制器:Index

[ 2017-04-21T16:26:31+08:00 ] 182.254.86.155 /fzj?signature=85b050080daca76e672b8e3fb7b644c5741aeab8&timestamp=1492763190&nonce=2133090360&openid=oHCi1whqP99bNvPtKE858KfyP4IA
INFO: [ app_init ] --START--
INFO: Run Behavior\BuildLiteBehavior [ RunTime:0.000021s ]
INFO: [ app_init ] --END-- [ RunTime:0.000289s ]
INFO: [ app_begin ] --START--
INFO: Run Behavior\ReadHtmlCacheBehavior [ RunTime:0.000373s ]
INFO: [ app_begin ] --END-- [ RunTime:0.000410s ]
ERR: 无法加载控制器:Index

[ 2017-04-21T16:26:49+08:00 ] 182.254.86.145 /fzj?signature=41179c10f40b1dea3eaafea15176b28e3f543bb0&timestamp=1492763209&nonce=1072529072&openid=oHCi1whqP99bNvPtKE858KfyP4IA
INFO: [ app_init ] --START--
INFO: Run Behavior\BuildLiteBehavior [ RunTime:0.000015s ]
INFO: [ app_init ] --END-- [ RunTime:0.000285s ]
INFO: [ app_begin ] --START--
INFO: Run Behavior\ReadHtmlCacheBehavior [ RunTime:0.000322s ]
INFO: [ app_begin ] --END-- [ RunTime:0.000357s ]
ERR: 无法加载控制器:Index

[ 2017-04-21T16:26:53+08:00 ] 182.254.86.150 /fzj?signature=24faa5f07a47a0707c50b2eb09323e20d6188f74&timestamp=1492763212&nonce=847642300&openid=oHCi1whqP99bNvPtKE858KfyP4IA
INFO: [ app_init ] --START--
INFO: Run Behavior\BuildLiteBehavior [ RunTime:0.000013s ]
INFO: [ app_init ] --END-- [ RunTime:0.000277s ]
INFO: [ app_begin ] --START--
INFO: Run Behavior\ReadHtmlCacheBehavior [ RunTime:0.000361s ]
INFO: [ app_begin ] --END-- [ RunTime:0.000398s ]
ERR: 无法加载控制器:Index

[ 2017-04-21T16:26:55+08:00 ] 182.254.86.150 /fzj?signature=2b3d2cfb96ce2ee7680a70aa4dcabc032e90d9c9&timestamp=1492763214&nonce=843635038&openid=oHCi1whqP99bNvPtKE858KfyP4IA
INFO: [ app_init ] --START--
INFO: Run Behavior\BuildLiteBehavior [ RunTime:0.000013s ]
INFO: [ app_init ] --END-- [ RunTime:0.000270s ]
INFO: [ app_begin ] --START--
INFO: Run Behavior\ReadHtmlCacheBehavior [ RunTime:0.000383s ]
INFO: [ app_begin ] --END-- [ RunTime:0.000420s ]
SQL: SHOW COLUMNS FROM `pre_wx` [ RunTime:0.0005s ]
SQL: SELECT `cishu` FROM `pre_wx` WHERE ( openid='oHCi1whqP99bNvPtKE858KfyP4IA' ) LIMIT 1   [ RunTime:0.0001s ]
SQL: UPDATE `pre_wx` SET `cishu`=cishu+1 WHERE ( openid='oHCi1whqP99bNvPtKE858KfyP4IA' ) [ RunTime:0.0002s ]
SQL: SELECT `cishu` FROM `pre_wx` WHERE ( openid='oHCi1whqP99bNvPtKE858KfyP4IA' ) LIMIT 1   [ RunTime:0.0001s ]
NOTIC: [2] fopen(/home/wwwroot/weixin.yudw.com/ThinkPHP//Conf/access_token.txt): failed to open stream: Permission denied /home/wwwroot/weixin.yudw.com/Application/Fzj/Controller/IndexController.class.php 第 618 行.
NOTIC: [2] fwrite() expects parameter 1 to be resource, boolean given /home/wwwroot/weixin.yudw.com/Application/Fzj/Controller/IndexController.class.php 第 619 行.
NOTIC: [2] fclose() expects parameter 1 to be resource, boolean given /home/wwwroot/weixin.yudw.com/Application/Fzj/Controller/IndexController.class.php 第 620 行.
ERR: 无法加载控制器:Index

[ 2017-04-21T16:28:36+08:00 ] 182.254.86.145 /fzj?signature=d1a7ca4c6d829b1d3b64b6793f19c86c6d9bf99e&timestamp=1492763315&nonce=1683003464&openid=oHCi1whqP99bNvPtKE858KfyP4IA
INFO: [ app_init ] --START--
INFO: Run Behavior\BuildLiteBehavior [ RunTime:0.000013s ]
INFO: [ app_init ] --END-- [ RunTime:0.000274s ]
INFO: [ app_begin ] --START--
INFO: Run Behavior\ReadHtmlCacheBehavior [ RunTime:0.000367s ]
INFO: [ app_begin ] --END-- [ RunTime:0.000403s ]
SQL: SHOW COLUMNS FROM `pre_wx` [ RunTime:0.0005s ]
SQL: SELECT `cishu` FROM `pre_wx` WHERE ( openid='oHCi1whqP99bNvPtKE858KfyP4IA' ) LIMIT 1   [ RunTime:0.0001s ]
SQL: UPDATE `pre_wx` SET `cishu`=cishu+1 WHERE ( openid='oHCi1whqP99bNvPtKE858KfyP4IA' ) [ RunTime:0.0002s ]
SQL: SELECT `cishu` FROM `pre_wx` WHERE ( openid='oHCi1whqP99bNvPtKE858KfyP4IA' ) LIMIT 1   [ RunTime:0.0002s ]
NOTIC: [2] fopen(/home/wwwroot/weixin.yudw.com/ThinkPHP//Conf/access_token.txt): failed to open stream: Permission denied /home/wwwroot/weixin.yudw.com/Application/Fzj/Controller/IndexController.class.php 第 618 行.
NOTIC: [2] fwrite() expects parameter 1 to be resource, boolean given /home/wwwroot/weixin.yudw.com/Application/Fzj/Controller/IndexController.class.php 第 619 行.
NOTIC: [2] fclose() expects parameter 1 to be resource, boolean given /home/wwwroot/weixin.yudw.com/Application/Fzj/Controller/IndexController.class.php 第 620 行.
ERR: 无法加载控制器:Index

