[ 2017-06-15T08:49:14+08:00 ] 61.145.106.5 /fzj/conf/create_menu
INFO: [ app_init ] --START--
INFO: Run Behavior\BuildLiteBehavior [ RunTime:0.000014s ]
INFO: [ app_init ] --END-- [ RunTime:0.000340s ]
INFO: [ app_begin ] --START--
INFO: Run Behavior\ReadHtmlCacheBehavior [ RunTime:0.000529s ]
INFO: [ app_begin ] --END-- [ RunTime:0.000591s ]
NOTIC: [2] fopen(/home/wwwroot/weixin.yudw.com/ThinkPHP//Conf/access_token.txt): failed to open stream: Permission denied /home/wwwroot/weixin.yudw.com/Application/Fzj/Controller/ConfController.class.php 第 267 行.
NOTIC: [2] fwrite() expects parameter 1 to be resource, boolean given /home/wwwroot/weixin.yudw.com/Application/Fzj/Controller/ConfController.class.php 第 268 行.
NOTIC: [2] fclose() expects parameter 1 to be resource, boolean given /home/wwwroot/weixin.yudw.com/Application/Fzj/Controller/ConfController.class.php 第 269 行.
INFO: [ app_end ] --START--
INFO: Run Behavior\ShowPageTraceBehavior [ RunTime:0.000991s ]
INFO: [ app_end ] --END-- [ RunTime:0.001090s ]

[ 2017-06-15T08:55:25+08:00 ] 61.145.106.5 /fzj/conf/create_menu
INFO: [ app_init ] --START--
INFO: Run Behavior\BuildLiteBehavior [ RunTime:0.000024s ]
INFO: [ app_init ] --END-- [ RunTime:0.000456s ]
INFO: [ app_begin ] --START--
INFO: Run Behavior\ReadHtmlCacheBehavior [ RunTime:0.000585s ]
INFO: [ app_begin ] --END-- [ RunTime:0.000633s ]
NOTIC: [2] fopen(/home/wwwroot/weixin.yudw.com/ThinkPHP//Conf/access_token.txt): failed to open stream: Permission denied /home/wwwroot/weixin.yudw.com/Application/Fzj/Controller/ConfController.class.php 第 289 行.
NOTIC: [2] fwrite() expects parameter 1 to be resource, boolean given /home/wwwroot/weixin.yudw.com/Application/Fzj/Controller/ConfController.class.php 第 290 行.
NOTIC: [2] fclose() expects parameter 1 to be resource, boolean given /home/wwwroot/weixin.yudw.com/Application/Fzj/Controller/ConfController.class.php 第 291 行.
INFO: [ app_end ] --START--
INFO: Run Behavior\ShowPageTraceBehavior [ RunTime:0.000724s ]
INFO: [ app_end ] --END-- [ RunTime:0.000819s ]

[ 2017-06-15T08:55:29+08:00 ] 61.145.106.5 /fzj/conf/create_menu
INFO: [ app_init ] --START--
INFO: Run Behavior\BuildLiteBehavior [ RunTime:0.000059s ]
INFO: [ app_init ] --END-- [ RunTime:0.000321s ]
INFO: [ app_begin ] --START--
INFO: Run Behavior\ReadHtmlCacheBehavior [ RunTime:0.000345s ]
INFO: [ app_begin ] --END-- [ RunTime:0.000386s ]
NOTIC: [2] fopen(/home/wwwroot/weixin.yudw.com/ThinkPHP//Conf/access_token.txt): failed to open stream: Permission denied /home/wwwroot/weixin.yudw.com/Application/Fzj/Controller/ConfController.class.php 第 289 行.
NOTIC: [2] fwrite() expects parameter 1 to be resource, boolean given /home/wwwroot/weixin.yudw.com/Application/Fzj/Controller/ConfController.class.php 第 290 行.
NOTIC: [2] fclose() expects parameter 1 to be resource, boolean given /home/wwwroot/weixin.yudw.com/Application/Fzj/Controller/ConfController.class.php 第 291 行.
INFO: [ app_end ] --START--
INFO: Run Behavior\ShowPageTraceBehavior [ RunTime:0.000780s ]
INFO: [ app_end ] --END-- [ RunTime:0.000881s ]

[ 2017-06-15T08:56:08+08:00 ] 61.145.106.5 /fzj/conf/create_menu
INFO: [ app_init ] --START--
INFO: Run Behavior\BuildLiteBehavior [ RunTime:0.000017s ]
INFO: [ app_init ] --END-- [ RunTime:0.000302s ]
INFO: [ app_begin ] --START--
INFO: Run Behavior\ReadHtmlCacheBehavior [ RunTime:0.000432s ]
INFO: [ app_begin ] --END-- [ RunTime:0.000480s ]
NOTIC: [2] fopen(/home/wwwroot/weixin.yudw.com/ThinkPHP//Conf/access_token.txt): failed to open stream: Permission denied /home/wwwroot/weixin.yudw.com/Application/Fzj/Controller/ConfController.class.php 第 290 行.
NOTIC: [2] fwrite() expects parameter 1 to be resource, boolean given /home/wwwroot/weixin.yudw.com/Application/Fzj/Controller/ConfController.class.php 第 291 行.
NOTIC: [2] fclose() expects parameter 1 to be resource, boolean given /home/wwwroot/weixin.yudw.com/Application/Fzj/Controller/ConfController.class.php 第 292 行.
INFO: [ app_end ] --START--
INFO: Run Behavior\ShowPageTraceBehavior [ RunTime:0.000761s ]
INFO: [ app_end ] --END-- [ RunTime:0.000847s ]

[ 2017-06-15T08:57:01+08:00 ] 61.145.106.5 /fzj/conf/create_menu
INFO: [ app_init ] --START--
INFO: Run Behavior\BuildLiteBehavior [ RunTime:0.000019s ]
INFO: [ app_init ] --END-- [ RunTime:0.000379s ]
INFO: [ app_begin ] --START--
INFO: Run Behavior\ReadHtmlCacheBehavior [ RunTime:0.000364s ]
INFO: [ app_begin ] --END-- [ RunTime:0.000398s ]
NOTIC: [2] fopen(/home/wwwroot/weixin.yudw.com/ThinkPHP//Conf/access_token.txt): failed to open stream: Permission denied /home/wwwroot/weixin.yudw.com/Application/Fzj/Controller/ConfController.class.php 第 290 行.
NOTIC: [2] fwrite() expects parameter 1 to be resource, boolean given /home/wwwroot/weixin.yudw.com/Application/Fzj/Controller/ConfController.class.php 第 291 行.
NOTIC: [2] fclose() expects parameter 1 to be resource, boolean given /home/wwwroot/weixin.yudw.com/Application/Fzj/Controller/ConfController.class.php 第 292 行.
INFO: [ app_end ] --START--
INFO: Run Behavior\ShowPageTraceBehavior [ RunTime:0.000777s ]
INFO: [ app_end ] --END-- [ RunTime:0.000907s ]

[ 2017-06-15T08:57:28+08:00 ] 61.145.106.5 /fzj/conf/create_menu
INFO: [ app_init ] --START--
INFO: Run Behavior\BuildLiteBehavior [ RunTime:0.000020s ]
INFO: [ app_init ] --END-- [ RunTime:0.000378s ]
INFO: [ app_begin ] --START--
INFO: Run Behavior\ReadHtmlCacheBehavior [ RunTime:0.000485s ]
INFO: [ app_begin ] --END-- [ RunTime:0.000530s ]
NOTIC: [2] fopen(/home/wwwroot/weixin.yudw.com/ThinkPHP//Conf/access_token.txt): failed to open stream: Permission denied /home/wwwroot/weixin.yudw.com/Application/Fzj/Controller/ConfController.class.php 第 290 行.
NOTIC: [2] fwrite() expects parameter 1 to be resource, boolean given /home/wwwroot/weixin.yudw.com/Application/Fzj/Controller/ConfController.class.php 第 291 行.
NOTIC: [2] fclose() expects parameter 1 to be resource, boolean given /home/wwwroot/weixin.yudw.com/Application/Fzj/Controller/ConfController.class.php 第 292 行.
INFO: [ app_end ] --START--
INFO: Run Behavior\ShowPageTraceBehavior [ RunTime:0.000586s ]
INFO: [ app_end ] --END-- [ RunTime:0.000688s ]

[ 2017-06-15T08:57:29+08:00 ] 61.145.106.5 /fzj/conf/create_menu
INFO: [ app_init ] --START--
INFO: Run Behavior\BuildLiteBehavior [ RunTime:0.000016s ]
INFO: [ app_init ] --END-- [ RunTime:0.000271s ]
INFO: [ app_begin ] --START--
INFO: Run Behavior\ReadHtmlCacheBehavior [ RunTime:0.000345s ]
INFO: [ app_begin ] --END-- [ RunTime:0.000379s ]
NOTIC: [2] fopen(/home/wwwroot/weixin.yudw.com/ThinkPHP//Conf/access_token.txt): failed to open stream: Permission denied /home/wwwroot/weixin.yudw.com/Application/Fzj/Controller/ConfController.class.php 第 290 行.
NOTIC: [2] fwrite() expects parameter 1 to be resource, boolean given /home/wwwroot/weixin.yudw.com/Application/Fzj/Controller/ConfController.class.php 第 291 行.
NOTIC: [2] fclose() expects parameter 1 to be resource, boolean given /home/wwwroot/weixin.yudw.com/Application/Fzj/Controller/ConfController.class.php 第 292 行.
INFO: [ app_end ] --START--
INFO: Run Behavior\ShowPageTraceBehavior [ RunTime:0.000723s ]
INFO: [ app_end ] --END-- [ RunTime:0.000841s ]

[ 2017-06-15T08:59:15+08:00 ] 61.145.106.5 /fzj/conf/create_menu
INFO: [ app_init ] --START--
INFO: Run Behavior\BuildLiteBehavior [ RunTime:0.000020s ]
INFO: [ app_init ] --END-- [ RunTime:0.000413s ]
INFO: [ app_begin ] --START--
INFO: Run Behavior\ReadHtmlCacheBehavior [ RunTime:0.000550s ]
INFO: [ app_begin ] --END-- [ RunTime:0.000603s ]
NOTIC: [2] fopen(/home/wwwroot/weixin.yudw.com/ThinkPHP//Conf/access_token.txt): failed to open stream: Permission denied /home/wwwroot/weixin.yudw.com/Application/Fzj/Controller/ConfController.class.php 第 291 行.
NOTIC: [2] fwrite() expects parameter 1 to be resource, boolean given /home/wwwroot/weixin.yudw.com/Application/Fzj/Controller/ConfController.class.php 第 292 行.
NOTIC: [2] fclose() expects parameter 1 to be resource, boolean given /home/wwwroot/weixin.yudw.com/Application/Fzj/Controller/ConfController.class.php 第 293 行.
INFO: [ app_end ] --START--
INFO: Run Behavior\ShowPageTraceBehavior [ RunTime:0.000630s ]
INFO: [ app_end ] --END-- [ RunTime:0.000711s ]

[ 2017-06-15T08:59:55+08:00 ] 61.145.106.5 /fzj/conf/create_menu
INFO: [ app_init ] --START--
INFO: Run Behavior\BuildLiteBehavior [ RunTime:0.000024s ]
INFO: [ app_init ] --END-- [ RunTime:0.000434s ]
INFO: [ app_begin ] --START--
INFO: Run Behavior\ReadHtmlCacheBehavior [ RunTime:0.000604s ]
INFO: [ app_begin ] --END-- [ RunTime:0.000657s ]
NOTIC: [2] fopen(/home/wwwroot/weixin.yudw.com/ThinkPHP//Conf/access_token.txt): failed to open stream: Permission denied /home/wwwroot/weixin.yudw.com/Application/Fzj/Controller/ConfController.class.php 第 291 行.
NOTIC: [2] fwrite() expects parameter 1 to be resource, boolean given /home/wwwroot/weixin.yudw.com/Application/Fzj/Controller/ConfController.class.php 第 292 行.
NOTIC: [2] fclose() expects parameter 1 to be resource, boolean given /home/wwwroot/weixin.yudw.com/Application/Fzj/Controller/ConfController.class.php 第 293 行.
INFO: [ app_end ] --START--
INFO: Run Behavior\ShowPageTraceBehavior [ RunTime:0.000887s ]
INFO: [ app_end ] --END-- [ RunTime:0.000999s ]

[ 2017-06-15T08:59:57+08:00 ] 61.145.106.5 /fzj/conf/create_menu
INFO: [ app_init ] --START--
INFO: Run Behavior\BuildLiteBehavior [ RunTime:0.000019s ]
INFO: [ app_init ] --END-- [ RunTime:0.000295s ]
INFO: [ app_begin ] --START--
INFO: Run Behavior\ReadHtmlCacheBehavior [ RunTime:0.000359s ]
INFO: [ app_begin ] --END-- [ RunTime:0.000393s ]
NOTIC: [2] fopen(/home/wwwroot/weixin.yudw.com/ThinkPHP//Conf/access_token.txt): failed to open stream: Permission denied /home/wwwroot/weixin.yudw.com/Application/Fzj/Controller/ConfController.class.php 第 291 行.
NOTIC: [2] fwrite() expects parameter 1 to be resource, boolean given /home/wwwroot/weixin.yudw.com/Application/Fzj/Controller/ConfController.class.php 第 292 行.
NOTIC: [2] fclose() expects parameter 1 to be resource, boolean given /home/wwwroot/weixin.yudw.com/Application/Fzj/Controller/ConfController.class.php 第 293 行.
INFO: [ app_end ] --START--
INFO: Run Behavior\ShowPageTraceBehavior [ RunTime:0.000870s ]
INFO: [ app_end ] --END-- [ RunTime:0.000988s ]

[ 2017-06-15T09:00:00+08:00 ] 61.145.106.5 /fzj/conf/create_menu
INFO: [ app_init ] --START--
INFO: Run Behavior\BuildLiteBehavior [ RunTime:0.000017s ]
INFO: [ app_init ] --END-- [ RunTime:0.000309s ]
INFO: [ app_begin ] --START--
INFO: Run Behavior\ReadHtmlCacheBehavior [ RunTime:0.000410s ]
INFO: [ app_begin ] --END-- [ RunTime:0.000446s ]
NOTIC: [2] fopen(/home/wwwroot/weixin.yudw.com/ThinkPHP//Conf/access_token.txt): failed to open stream: Permission denied /home/wwwroot/weixin.yudw.com/Application/Fzj/Controller/ConfController.class.php 第 291 行.
NOTIC: [2] fwrite() expects parameter 1 to be resource, boolean given /home/wwwroot/weixin.yudw.com/Application/Fzj/Controller/ConfController.class.php 第 292 行.
NOTIC: [2] fclose() expects parameter 1 to be resource, boolean given /home/wwwroot/weixin.yudw.com/Application/Fzj/Controller/ConfController.class.php 第 293 行.
INFO: [ app_end ] --START--
INFO: Run Behavior\ShowPageTraceBehavior [ RunTime:0.000842s ]
INFO: [ app_end ] --END-- [ RunTime:0.000959s ]

[ 2017-06-15T09:00:02+08:00 ] 61.145.106.5 /fzj/conf/create_menu
INFO: [ app_init ] --START--
INFO: Run Behavior\BuildLiteBehavior [ RunTime:0.000022s ]
INFO: [ app_init ] --END-- [ RunTime:0.000496s ]
INFO: [ app_begin ] --START--
INFO: Run Behavior\ReadHtmlCacheBehavior [ RunTime:0.000468s ]
INFO: [ app_begin ] --END-- [ RunTime:0.000510s ]
NOTIC: [2] fopen(/home/wwwroot/weixin.yudw.com/ThinkPHP//Conf/access_token.txt): failed to open stream: Permission denied /home/wwwroot/weixin.yudw.com/Application/Fzj/Controller/ConfController.class.php 第 291 行.
NOTIC: [2] fwrite() expects parameter 1 to be resource, boolean given /home/wwwroot/weixin.yudw.com/Application/Fzj/Controller/ConfController.class.php 第 292 行.
NOTIC: [2] fclose() expects parameter 1 to be resource, boolean given /home/wwwroot/weixin.yudw.com/Application/Fzj/Controller/ConfController.class.php 第 293 行.
INFO: [ app_end ] --START--
INFO: Run Behavior\ShowPageTraceBehavior [ RunTime:0.002327s ]
INFO: [ app_end ] --END-- [ RunTime:0.002488s ]

[ 2017-06-15T09:08:20+08:00 ] 61.145.106.5 /fzj/conf/create_menu
INFO: [ app_init ] --START--
INFO: Run Behavior\BuildLiteBehavior [ RunTime:0.000023s ]
INFO: [ app_init ] --END-- [ RunTime:0.000486s ]
INFO: [ app_begin ] --START--
INFO: Run Behavior\ReadHtmlCacheBehavior [ RunTime:0.000564s ]
INFO: [ app_begin ] --END-- [ RunTime:0.000616s ]
NOTIC: [2] fopen(/home/wwwroot/weixin.yudw.com/ThinkPHP//Conf/access_token.txt): failed to open stream: Permission denied /home/wwwroot/weixin.yudw.com/Application/Fzj/Controller/ConfController.class.php 第 274 行.
NOTIC: [2] fwrite() expects parameter 1 to be resource, boolean given /home/wwwroot/weixin.yudw.com/Application/Fzj/Controller/ConfController.class.php 第 275 行.
NOTIC: [2] fclose() expects parameter 1 to be resource, boolean given /home/wwwroot/weixin.yudw.com/Application/Fzj/Controller/ConfController.class.php 第 276 行.
INFO: [ app_end ] --START--
INFO: Run Behavior\ShowPageTraceBehavior [ RunTime:0.001046s ]
INFO: [ app_end ] --END-- [ RunTime:0.001165s ]

[ 2017-06-15T09:08:25+08:00 ] 61.145.106.5 /fzj/conf/create_menu
INFO: [ app_init ] --START--
INFO: Run Behavior\BuildLiteBehavior [ RunTime:0.000021s ]
INFO: [ app_init ] --END-- [ RunTime:0.000379s ]
INFO: [ app_begin ] --START--
INFO: Run Behavior\ReadHtmlCacheBehavior [ RunTime:0.000434s ]
INFO: [ app_begin ] --END-- [ RunTime:0.000500s ]
NOTIC: [2] fopen(/home/wwwroot/weixin.yudw.com/ThinkPHP//Conf/access_token.txt): failed to open stream: Permission denied /home/wwwroot/weixin.yudw.com/Application/Fzj/Controller/ConfController.class.php 第 274 行.
NOTIC: [2] fwrite() expects parameter 1 to be resource, boolean given /home/wwwroot/weixin.yudw.com/Application/Fzj/Controller/ConfController.class.php 第 275 行.
NOTIC: [2] fclose() expects parameter 1 to be resource, boolean given /home/wwwroot/weixin.yudw.com/Application/Fzj/Controller/ConfController.class.php 第 276 行.
INFO: [ app_end ] --START--
INFO: Run Behavior\ShowPageTraceBehavior [ RunTime:0.000841s ]
INFO: [ app_end ] --END-- [ RunTime:0.000949s ]

[ 2017-06-15T09:09:44+08:00 ] 61.145.106.5 /fzj/conf/create_menu
INFO: [ app_init ] --START--
INFO: Run Behavior\BuildLiteBehavior [ RunTime:0.000021s ]
INFO: [ app_init ] --END-- [ RunTime:0.000462s ]
INFO: [ app_begin ] --START--
INFO: Run Behavior\ReadHtmlCacheBehavior [ RunTime:0.000617s ]
INFO: [ app_begin ] --END-- [ RunTime:0.000670s ]
NOTIC: [2] fopen(/home/wwwroot/weixin.yudw.com/ThinkPHP//Conf/access_token.txt): failed to open stream: Permission denied /home/wwwroot/weixin.yudw.com/Application/Fzj/Controller/ConfController.class.php 第 274 行.
NOTIC: [2] fwrite() expects parameter 1 to be resource, boolean given /home/wwwroot/weixin.yudw.com/Application/Fzj/Controller/ConfController.class.php 第 275 行.
NOTIC: [2] fclose() expects parameter 1 to be resource, boolean given /home/wwwroot/weixin.yudw.com/Application/Fzj/Controller/ConfController.class.php 第 276 行.
INFO: [ app_end ] --START--
INFO: Run Behavior\ShowPageTraceBehavior [ RunTime:0.000622s ]
INFO: [ app_end ] --END-- [ RunTime:0.000717s ]

[ 2017-06-15T09:19:42+08:00 ] 61.145.106.5 /fzj/conf/create_menu
INFO: [ app_init ] --START--
INFO: Run Behavior\BuildLiteBehavior [ RunTime:0.000021s ]
INFO: [ app_init ] --END-- [ RunTime:0.000461s ]
INFO: [ app_begin ] --START--
INFO: Run Behavior\ReadHtmlCacheBehavior [ RunTime:0.000717s ]
INFO: [ app_begin ] --END-- [ RunTime:0.000793s ]
NOTIC: [2] fopen(/home/wwwroot/weixin.yudw.com/ThinkPHP//Conf/access_token.txt): failed to open stream: Permission denied /home/wwwroot/weixin.yudw.com/Application/Fzj/Controller/ConfController.class.php 第 264 行.
NOTIC: [2] fwrite() expects parameter 1 to be resource, boolean given /home/wwwroot/weixin.yudw.com/Application/Fzj/Controller/ConfController.class.php 第 265 行.
NOTIC: [2] fclose() expects parameter 1 to be resource, boolean given /home/wwwroot/weixin.yudw.com/Application/Fzj/Controller/ConfController.class.php 第 266 行.
INFO: [ app_end ] --START--
INFO: Run Behavior\ShowPageTraceBehavior [ RunTime:0.000567s ]
INFO: [ app_end ] --END-- [ RunTime:0.000652s ]

[ 2017-06-15T09:19:43+08:00 ] 61.145.106.5 /fzj/conf/create_menu
INFO: [ app_init ] --START--
INFO: Run Behavior\BuildLiteBehavior [ RunTime:0.000017s ]
INFO: [ app_init ] --END-- [ RunTime:0.000384s ]
INFO: [ app_begin ] --START--
INFO: Run Behavior\ReadHtmlCacheBehavior [ RunTime:0.000387s ]
INFO: [ app_begin ] --END-- [ RunTime:0.000426s ]
NOTIC: [2] fopen(/home/wwwroot/weixin.yudw.com/ThinkPHP//Conf/access_token.txt): failed to open stream: Permission denied /home/wwwroot/weixin.yudw.com/Application/Fzj/Controller/ConfController.class.php 第 264 行.
NOTIC: [2] fwrite() expects parameter 1 to be resource, boolean given /home/wwwroot/weixin.yudw.com/Application/Fzj/Controller/ConfController.class.php 第 265 行.
NOTIC: [2] fclose() expects parameter 1 to be resource, boolean given /home/wwwroot/weixin.yudw.com/Application/Fzj/Controller/ConfController.class.php 第 266 行.
INFO: [ app_end ] --START--
INFO: Run Behavior\ShowPageTraceBehavior [ RunTime:0.000649s ]
INFO: [ app_end ] --END-- [ RunTime:0.000728s ]

[ 2017-06-15T09:22:03+08:00 ] 61.145.106.5 /fzj/conf/create_menu
INFO: [ app_init ] --START--
INFO: Run Behavior\BuildLiteBehavior [ RunTime:0.000023s ]
INFO: [ app_init ] --END-- [ RunTime:0.000429s ]
INFO: [ app_begin ] --START--
INFO: Run Behavior\ReadHtmlCacheBehavior [ RunTime:0.000555s ]
INFO: [ app_begin ] --END-- [ RunTime:0.000607s ]
NOTIC: [2] fopen(/home/wwwroot/weixin.yudw.com/ThinkPHP//Conf/access_token.txt): failed to open stream: Permission denied /home/wwwroot/weixin.yudw.com/Application/Fzj/Controller/ConfController.class.php 第 264 行.
NOTIC: [2] fwrite() expects parameter 1 to be resource, boolean given /home/wwwroot/weixin.yudw.com/Application/Fzj/Controller/ConfController.class.php 第 265 行.
NOTIC: [2] fclose() expects parameter 1 to be resource, boolean given /home/wwwroot/weixin.yudw.com/Application/Fzj/Controller/ConfController.class.php 第 266 行.
INFO: [ app_end ] --START--
INFO: Run Behavior\ShowPageTraceBehavior [ RunTime:0.000785s ]
INFO: [ app_end ] --END-- [ RunTime:0.000885s ]

[ 2017-06-15T09:22:04+08:00 ] 61.145.106.5 /fzj/conf/create_menu
INFO: [ app_init ] --START--
INFO: Run Behavior\BuildLiteBehavior [ RunTime:0.000037s ]
INFO: [ app_init ] --END-- [ RunTime:0.000402s ]
INFO: [ app_begin ] --START--
INFO: Run Behavior\ReadHtmlCacheBehavior [ RunTime:0.000583s ]
INFO: [ app_begin ] --END-- [ RunTime:0.000632s ]
NOTIC: [2] fopen(/home/wwwroot/weixin.yudw.com/ThinkPHP//Conf/access_token.txt): failed to open stream: Permission denied /home/wwwroot/weixin.yudw.com/Application/Fzj/Controller/ConfController.class.php 第 264 行.
NOTIC: [2] fwrite() expects parameter 1 to be resource, boolean given /home/wwwroot/weixin.yudw.com/Application/Fzj/Controller/ConfController.class.php 第 265 行.
NOTIC: [2] fclose() expects parameter 1 to be resource, boolean given /home/wwwroot/weixin.yudw.com/Application/Fzj/Controller/ConfController.class.php 第 266 行.
INFO: [ app_end ] --START--
INFO: Run Behavior\ShowPageTraceBehavior [ RunTime:0.000731s ]
INFO: [ app_end ] --END-- [ RunTime:0.000855s ]

[ 2017-06-15T09:22:09+08:00 ] 61.145.106.5 /fzj/conf/create_menu
INFO: [ app_init ] --START--
INFO: Run Behavior\BuildLiteBehavior [ RunTime:0.000016s ]
INFO: [ app_init ] --END-- [ RunTime:0.000307s ]
INFO: [ app_begin ] --START--
INFO: Run Behavior\ReadHtmlCacheBehavior [ RunTime:0.000346s ]
INFO: [ app_begin ] --END-- [ RunTime:0.000380s ]
NOTIC: [2] fopen(/home/wwwroot/weixin.yudw.com/ThinkPHP//Conf/access_token.txt): failed to open stream: Permission denied /home/wwwroot/weixin.yudw.com/Application/Fzj/Controller/ConfController.class.php 第 264 行.
NOTIC: [2] fwrite() expects parameter 1 to be resource, boolean given /home/wwwroot/weixin.yudw.com/Application/Fzj/Controller/ConfController.class.php 第 265 行.
NOTIC: [2] fclose() expects parameter 1 to be resource, boolean given /home/wwwroot/weixin.yudw.com/Application/Fzj/Controller/ConfController.class.php 第 266 行.
INFO: [ app_end ] --START--
INFO: Run Behavior\ShowPageTraceBehavior [ RunTime:0.000808s ]
INFO: [ app_end ] --END-- [ RunTime:0.000913s ]

[ 2017-06-15T10:03:01+08:00 ] 61.145.106.5 /fzj/conf/create_menu
INFO: [ app_init ] --START--
INFO: Run Behavior\BuildLiteBehavior [ RunTime:0.000021s ]
INFO: [ app_init ] --END-- [ RunTime:0.000361s ]
INFO: [ app_begin ] --START--
INFO: Run Behavior\ReadHtmlCacheBehavior [ RunTime:0.000527s ]
INFO: [ app_begin ] --END-- [ RunTime:0.000575s ]
ERR: 无法加载控制器:Conf

[ 2017-06-15T10:03:07+08:00 ] 61.145.106.5 /fzj/conf/create_menu
INFO: [ app_init ] --START--
INFO: Run Behavior\BuildLiteBehavior [ RunTime:0.000021s ]
INFO: [ app_init ] --END-- [ RunTime:0.000317s ]
INFO: [ app_begin ] --START--
INFO: Run Behavior\ReadHtmlCacheBehavior [ RunTime:0.000424s ]
INFO: [ app_begin ] --END-- [ RunTime:0.000481s ]
ERR: 无法加载控制器:Conf

[ 2017-06-15T10:03:16+08:00 ] 61.145.106.5 /fzj/conf/create_menu
INFO: [ app_init ] --START--
INFO: Run Behavior\BuildLiteBehavior [ RunTime:0.000016s ]
INFO: [ app_init ] --END-- [ RunTime:0.000282s ]
INFO: [ app_begin ] --START--
INFO: Run Behavior\ReadHtmlCacheBehavior [ RunTime:0.000358s ]
INFO: [ app_begin ] --END-- [ RunTime:0.000416s ]
NOTIC: [2] fopen(/home/wwwroot/weixin.yudw.com/ThinkPHP//Conf/access_token.txt): failed to open stream: Permission denied /home/wwwroot/weixin.yudw.com/Application/Fzj/Controller/ConfController.class.php 第 264 行.
NOTIC: [2] fwrite() expects parameter 1 to be resource, boolean given /home/wwwroot/weixin.yudw.com/Application/Fzj/Controller/ConfController.class.php 第 265 行.
NOTIC: [2] fclose() expects parameter 1 to be resource, boolean given /home/wwwroot/weixin.yudw.com/Application/Fzj/Controller/ConfController.class.php 第 266 行.
INFO: [ app_end ] --START--
INFO: Run Behavior\ShowPageTraceBehavior [ RunTime:0.000649s ]
INFO: [ app_end ] --END-- [ RunTime:0.000733s ]

[ 2017-06-15T10:03:20+08:00 ] 61.145.106.5 /fzj/conf/create_menu
INFO: [ app_init ] --START--
INFO: Run Behavior\BuildLiteBehavior [ RunTime:0.000020s ]
INFO: [ app_init ] --END-- [ RunTime:0.000462s ]
INFO: [ app_begin ] --START--
INFO: Run Behavior\ReadHtmlCacheBehavior [ RunTime:0.001986s ]
INFO: [ app_begin ] --END-- [ RunTime:0.002036s ]
NOTIC: [2] fopen(/home/wwwroot/weixin.yudw.com/ThinkPHP//Conf/access_token.txt): failed to open stream: Permission denied /home/wwwroot/weixin.yudw.com/Application/Fzj/Controller/ConfController.class.php 第 264 行.
NOTIC: [2] fwrite() expects parameter 1 to be resource, boolean given /home/wwwroot/weixin.yudw.com/Application/Fzj/Controller/ConfController.class.php 第 265 行.
NOTIC: [2] fclose() expects parameter 1 to be resource, boolean given /home/wwwroot/weixin.yudw.com/Application/Fzj/Controller/ConfController.class.php 第 266 行.
INFO: [ app_end ] --START--
INFO: Run Behavior\ShowPageTraceBehavior [ RunTime:0.000832s ]
INFO: [ app_end ] --END-- [ RunTime:0.000952s ]

[ 2017-06-15T10:07:24+08:00 ] 61.145.106.5 /fzj/conf/create_menu
INFO: [ app_init ] --START--
INFO: Run Behavior\BuildLiteBehavior [ RunTime:0.000025s ]
INFO: [ app_init ] --END-- [ RunTime:0.000587s ]
INFO: [ app_begin ] --START--
INFO: Run Behavior\ReadHtmlCacheBehavior [ RunTime:0.000607s ]
INFO: [ app_begin ] --END-- [ RunTime:0.000763s ]
NOTIC: [2] fopen(/home/wwwroot/weixin.yudw.com/ThinkPHP//Conf/access_token.txt): failed to open stream: Permission denied /home/wwwroot/weixin.yudw.com/Application/Fzj/Controller/ConfController.class.php 第 264 行.
NOTIC: [2] fwrite() expects parameter 1 to be resource, boolean given /home/wwwroot/weixin.yudw.com/Application/Fzj/Controller/ConfController.class.php 第 265 行.
NOTIC: [2] fclose() expects parameter 1 to be resource, boolean given /home/wwwroot/weixin.yudw.com/Application/Fzj/Controller/ConfController.class.php 第 266 行.
INFO: [ app_end ] --START--
INFO: Run Behavior\ShowPageTraceBehavior [ RunTime:0.000873s ]
INFO: [ app_end ] --END-- [ RunTime:0.000983s ]

[ 2017-06-15T10:12:02+08:00 ] 61.145.106.5 /fzj/conf/create_menu
INFO: [ app_init ] --START--
INFO: Run Behavior\BuildLiteBehavior [ RunTime:0.000014s ]
INFO: [ app_init ] --END-- [ RunTime:0.000305s ]
INFO: [ app_begin ] --START--
INFO: Run Behavior\ReadHtmlCacheBehavior [ RunTime:0.000375s ]
INFO: [ app_begin ] --END-- [ RunTime:0.000409s ]
NOTIC: [2] fopen(/home/wwwroot/weixin.yudw.com/ThinkPHP//Conf/access_token.txt): failed to open stream: Permission denied /home/wwwroot/weixin.yudw.com/Application/Fzj/Controller/ConfController.class.php 第 264 行.
NOTIC: [2] fwrite() expects parameter 1 to be resource, boolean given /home/wwwroot/weixin.yudw.com/Application/Fzj/Controller/ConfController.class.php 第 265 行.
NOTIC: [2] fclose() expects parameter 1 to be resource, boolean given /home/wwwroot/weixin.yudw.com/Application/Fzj/Controller/ConfController.class.php 第 266 行.
INFO: [ app_end ] --START--
INFO: Run Behavior\ShowPageTraceBehavior [ RunTime:0.000827s ]
INFO: [ app_end ] --END-- [ RunTime:0.000946s ]

[ 2017-06-15T10:50:11+08:00 ] 61.145.106.5 /fzj/conf/create_menu
INFO: [ app_init ] --START--
INFO: Run Behavior\BuildLiteBehavior [ RunTime:0.000014s ]
INFO: [ app_init ] --END-- [ RunTime:0.000264s ]
INFO: [ app_begin ] --START--
INFO: Run Behavior\ReadHtmlCacheBehavior [ RunTime:0.000347s ]
INFO: [ app_begin ] --END-- [ RunTime:0.000386s ]
NOTIC: [2] fopen(/home/wwwroot/weixin.yudw.com/ThinkPHP//Conf/access_token.txt): failed to open stream: Permission denied /home/wwwroot/weixin.yudw.com/Application/Fzj/Controller/ConfController.class.php 第 264 行.
NOTIC: [2] fwrite() expects parameter 1 to be resource, boolean given /home/wwwroot/weixin.yudw.com/Application/Fzj/Controller/ConfController.class.php 第 265 行.
NOTIC: [2] fclose() expects parameter 1 to be resource, boolean given /home/wwwroot/weixin.yudw.com/Application/Fzj/Controller/ConfController.class.php 第 266 行.
INFO: [ app_end ] --START--
INFO: Run Behavior\ShowPageTraceBehavior [ RunTime:0.000800s ]
INFO: [ app_end ] --END-- [ RunTime:0.000907s ]

